#
# A fatal error has been detected by the Java Runtime Environment:
#
#  EXCEPTION_ACCESS_VIOLATION (0xc0000005) at pc=0x00007ffdaf3fe9e0, pid=29264, tid=14568
#
# JRE version: Java(TM) SE Runtime Environment 18.9 (11.0.16.1+1) (build 11.0.16.1+1-LTS-1)
# Java VM: Java HotSpot(TM) 64-Bit Server VM 18.9 (11.0.16.1+1-LTS-1, mixed mode, tiered, compressed oops, g1 gc, windows-amd64)
# Problematic frame:
# V  [jvm.dll+0xfe9e0]
#
# No core dump will be written. Minidumps are not enabled by default on client versions of Windows
#
# If you would like to submit a bug report, please visit:
#   https://bugreport.java.com/bugreport/crash.jsp
#

---------------  S U M M A R Y ------------

Command Line: -Dfile.encoding=UTF-8 PacketSniffer.Sniffer

Host: Intel(R) Core(TM) i7-10750H CPU @ 2.60GHz, 12 cores, 15G,  Windows 10 , 64 bit Build 19041 (10.0.19041.2251)
Time: Wed Nov 30 14:38:54 2022 India Standard Time elapsed time: 134.463728 seconds (0d 0h 2m 14s)

---------------  T H R E A D  ---------------

Current thread (0x00000166215ec800):  JavaThread "AWT-EventQueue-0" [_thread_in_vm, id=14568, stack(0x0000002667800000,0x0000002667900000)]

Stack: [0x0000002667800000,0x0000002667900000],  sp=0x00000026678fac08,  free space=1003k
Native frames: (J=compiled Java code, j=interpreted, Vv=VM code, C=native code)
V  [jvm.dll+0xfe9e0]

Java frames: (J=compiled Java code, j=interpreted, Vv=VM code)
j  jpcap.JpcapCaptor.setFilter(Ljava/lang/String;Z)V+0
j  PacketSniffer.Sniffer$14.actionPerformed(Ljava/awt/event/ActionEvent;)V+47
j  java.awt.AWTEventMulticaster.actionPerformed(Ljava/awt/event/ActionEvent;)V+21 java.desktop@11.0.16.1
j  java.awt.Button.processActionEvent(Ljava/awt/event/ActionEvent;)V+11 java.desktop@11.0.16.1
j  java.awt.Button.processEvent(Ljava/awt/AWTEvent;)V+12 java.desktop@11.0.16.1
J 1364 c1 java.awt.Component.dispatchEventImpl(Ljava/awt/AWTEvent;)V java.desktop@11.0.16.1 (777 bytes) @ 0x0000016607dd69e4 [0x0000016607dd2a20+0x0000000000003fc4]
J 1329 c1 java.awt.EventQueue.dispatchEventImpl(Ljava/awt/AWTEvent;Ljava/lang/Object;)V java.desktop@11.0.16.1 (136 bytes) @ 0x0000016607d9e90c [0x0000016607d9e420+0x00000000000004ec]
J 1328 c1 java.awt.EventQueue$4.run()Ljava/lang/Void; java.desktop@11.0.16.1 (60 bytes) @ 0x0000016607d9dd44 [0x0000016607d9dc00+0x0000000000000144]
J 1327 c1 java.awt.EventQueue$4.run()Ljava/lang/Object; java.desktop@11.0.16.1 (5 bytes) @ 0x0000016607d9d8c4 [0x0000016607d9d840+0x0000000000000084]
v  ~StubRoutines::call_stub
J 1136  java.security.AccessController.doPrivileged(Ljava/security/PrivilegedAction;Ljava/security/AccessControlContext;)Ljava/lang/Object; java.base@11.0.16.1 (0 bytes) @ 0x000001660f0f5e36 [0x000001660f0f5dc0+0x0000000000000076]
J 1353 c1 java.awt.EventQueue$5.run()Ljava/lang/Object; java.desktop@11.0.16.1 (5 bytes) @ 0x0000016607dc729c [0x0000016607dc6f40+0x000000000000035c]
v  ~StubRoutines::call_stub
J 1136  java.security.AccessController.doPrivileged(Ljava/security/PrivilegedAction;Ljava/security/AccessControlContext;)Ljava/lang/Object; java.base@11.0.16.1 (0 bytes) @ 0x000001660f0f5e36 [0x000001660f0f5dc0+0x0000000000000076]
J 1222 c1 java.awt.EventQueue.dispatchEvent(Ljava/awt/AWTEvent;)V java.desktop@11.0.16.1 (80 bytes) @ 0x0000016607d66bfc [0x0000016607d660a0+0x0000000000000b5c]
J 1226 c1 java.awt.EventDispatchThread.pumpOneEventForFilters(I)V java.desktop@11.0.16.1 (113 bytes) @ 0x0000016607d6e1e4 [0x0000016607d6da80+0x0000000000000764]
j  java.awt.EventDispatchThread.pumpEventsForFilter(ILjava/awt/Conditional;Ljava/awt/EventFilter;)V+35 java.desktop@11.0.16.1
j  java.awt.EventDispatchThread.pumpEventsForHierarchy(ILjava/awt/Conditional;Ljava/awt/Component;)V+11 java.desktop@11.0.16.1
j  java.awt.EventDispatchThread.pumpEvents(ILjava/awt/Conditional;)V+4 java.desktop@11.0.16.1
j  java.awt.EventDispatchThread.pumpEvents(Ljava/awt/Conditional;)V+3 java.desktop@11.0.16.1
j  java.awt.EventDispatchThread.run()V+9 java.desktop@11.0.16.1
v  ~StubRoutines::call_stub

siginfo: EXCEPTION_ACCESS_VIOLATION (0xc0000005), reading address 0x0000000000000000


Register to memory mapping:

RIP=0x00007ffdaf3fe9e0 jvm.dll
RAX=0x0 is NULL
RBX=0x00000166215ec800 is a thread
RCX=0x0 is NULL
RDX=0x0000000000000006 is an unknown value
RSP=0x00000026678fac08 is pointing into the stack for thread: 0x00000166215ec800
RBP=0x00000166215ec800 is a thread
RSI=0x0 is NULL
RDI=0x0 is NULL
R8 =0x0 is NULL
R9 =0x0000000000000001 is an unknown value
R10=0x00000166075df348 is at code_begin+1000 in an Interpreter codelet
method entry point (kind = native)  [0x00000166075def60, 0x00000166075dfa00]  2720 bytes
R11=0x0000000000000101 is an unknown value
R12=0x0 is NULL
R13=0x0000016623b60998 is pointing into metadata
R14=0x00000166215ecb00 points into unknown readable memory: 0x000001661d8cf8e6 | e6 f8 8c 1d 66 01 00 00
R15=0x0 is NULL


Registers:
RAX=0x0000000000000000, RBX=0x00000166215ec800, RCX=0x0000000000000000, RDX=0x0000000000000006
RSP=0x00000026678fac08, RBP=0x00000166215ec800, RSI=0x0000000000000000, RDI=0x0000000000000000
R8 =0x0000000000000000, R9 =0x0000000000000001, R10=0x00000166075df348, R11=0x0000000000000101
R12=0x0000000000000000, R13=0x0000016623b60998, R14=0x00000166215ecb00, R15=0x0000000000000000
RIP=0x00007ffdaf3fe9e0, EFLAGS=0x0000000000010246

Top of Stack: (sp=0x00000026678fac08)
0x00000026678fac08:   00007ffdaf69fa1b 00000166215ec800
0x00000026678fac18:   0000000000000000 0000016620df4200
0x00000026678fac28:   00000166215ec800 00000166215ec800
0x00000026678fac38:   0000000000000000 00000166215ec800
0x00000026678fac48:   00007ffdaf8fd930 0000000000000000
0x00000026678fac58:   00000026678fad10 0000016620cd9f02
0x00000026678fac68:   00007ffdaf9f89e4 000001667b180140
0x00000026678fac78:   00007ffdaf8fd5f5 00000166215ec800
0x00000026678fac88:   00000166215ecb48 00000026678fb5e0
0x00000026678fac98:   00007ffe15251ffe 0000016623b609a0
0x00000026678faca8:   0000000000000000 0000000000000001
0x00000026678facb8:   00000166215ec800 00000026678fad00
0x00000026678facc8:   00000026678fad08 0000016621745f78
0x00000026678facd8:   00007ffdaf91b3a1 000001667b180140
0x00000026678face8:   0000000711cadb80 0000000000000000
0x00000026678facf8:   00000026678fadb0 0000016620cd9f02 

Instructions: (pc=0x00007ffdaf3fe9e0)
0x00007ffdaf3fe9c0:   ff e0 cc cc cc cc cc cc cc cc cc cc cc cc cc cc
0x00007ffdaf3fe9d0:   8b 05 32 e5 8f 00 c3 cc cc cc cc cc cc cc cc cc
0x00007ffdaf3fe9e0:   48 8b 01 c3 cc cc cc cc cc cc cc cc cc cc cc cc
0x00007ffdaf3fe9f0:   8b 01 85 c0 75 03 33 c0 c3 8b 0d 09 e5 8f 00 48 


Stack slot to memory mapping:
stack at sp + 0 slots: 0x00007ffdaf69fa1b jvm.dll
stack at sp + 1 slots: 0x00000166215ec800 is a thread
stack at sp + 2 slots: 0x0 is NULL
stack at sp + 3 slots: 0x0000016620df4200 points into unknown readable memory: 0x000000380000028c | 8c 02 00 00 38 00 00 00
stack at sp + 4 slots: 0x00000166215ec800 is a thread
stack at sp + 5 slots: 0x00000166215ec800 is a thread
stack at sp + 6 slots: 0x0 is NULL
stack at sp + 7 slots: 0x00000166215ec800 is a thread


---------------  P R O C E S S  ---------------

Threads class SMR info:
_java_thread_list=0x0000016622a3b4f0, length=16, elements={
0x000001667fc2d800, 0x000001667fc2f000, 0x000001667fc52800, 0x000001667fc53800,
0x000001667fc56800, 0x000001667fc5b800, 0x0000016620d31000, 0x0000016620d39800,
0x0000016620eb6800, 0x000001662127d000, 0x00000166212c5000, 0x00000166212da800,
0x00000166215ec800, 0x000001667b184800, 0x000001662134b000, 0x0000016620fc3800
}

Java Threads: ( => current thread )
  0x000001667fc2d800 JavaThread "Reference Handler" daemon [_thread_blocked, id=20620, stack(0x0000002666a00000,0x0000002666b00000)]
  0x000001667fc2f000 JavaThread "Finalizer" daemon [_thread_blocked, id=26652, stack(0x0000002666b00000,0x0000002666c00000)]
  0x000001667fc52800 JavaThread "Signal Dispatcher" daemon [_thread_blocked, id=20816, stack(0x0000002666c00000,0x0000002666d00000)]
  0x000001667fc53800 JavaThread "Attach Listener" daemon [_thread_blocked, id=20200, stack(0x0000002666d00000,0x0000002666e00000)]
  0x000001667fc56800 JavaThread "Service Thread" daemon [_thread_blocked, id=16724, stack(0x0000002666e00000,0x0000002666f00000)]
  0x000001667fc5b800 JavaThread "C2 CompilerThread0" daemon [_thread_blocked, id=20832, stack(0x0000002666f00000,0x0000002667000000)]
  0x0000016620d31000 JavaThread "C1 CompilerThread0" daemon [_thread_blocked, id=28144, stack(0x0000002667000000,0x0000002667100000)]
  0x0000016620d39800 JavaThread "Sweeper thread" daemon [_thread_blocked, id=15340, stack(0x0000002667100000,0x0000002667200000)]
  0x0000016620eb6800 JavaThread "Common-Cleaner" daemon [_thread_blocked, id=11792, stack(0x0000002667300000,0x0000002667400000)]
  0x000001662127d000 JavaThread "Java2D Disposer" daemon [_thread_blocked, id=20616, stack(0x0000002667400000,0x0000002667500000)]
  0x00000166212c5000 JavaThread "AWT-Shutdown" [_thread_blocked, id=26996, stack(0x0000002667500000,0x0000002667600000)]
  0x00000166212da800 JavaThread "AWT-Windows" daemon [_thread_in_native, id=26988, stack(0x0000002667600000,0x0000002667700000)]
=>0x00000166215ec800 JavaThread "AWT-EventQueue-0" [_thread_in_vm, id=14568, stack(0x0000002667800000,0x0000002667900000)]
  0x000001667b184800 JavaThread "DestroyJavaVM" [_thread_blocked, id=27664, stack(0x0000002666300000,0x0000002666400000)]
  0x000001662134b000 JavaThread "TimerQueue" daemon [_thread_blocked, id=24272, stack(0x0000002667700000,0x0000002667800000)]
  0x0000016620fc3800 JavaThread "Swing-Shell" daemon [_thread_blocked, id=2668, stack(0x0000002666100000,0x0000002666200000)]

Other Threads:
  0x000001667fc2c000 VMThread "VM Thread" [stack: 0x0000002666900000,0x0000002666a00000] [id=16564]
  0x0000016620eaa000 WatcherThread [stack: 0x0000002667200000,0x0000002667300000] [id=19156]
  0x000001667b19a800 GCTaskThread "GC Thread#0" [stack: 0x0000002666400000,0x0000002666500000] [id=24948]
  0x000001667b1f8000 ConcurrentGCThread "G1 Main Marker" [stack: 0x0000002666500000,0x0000002666600000] [id=22428]
  0x000001667b1f9800 ConcurrentGCThread "G1 Conc#0" [stack: 0x0000002666600000,0x0000002666700000] [id=14616]
  0x000001667fb11000 ConcurrentGCThread "G1 Refine#0" [stack: 0x0000002666700000,0x0000002666800000] [id=29200]
  0x000001667fb12000 ConcurrentGCThread "G1 Young RemSet Sampling" [stack: 0x0000002666800000,0x0000002666900000] [id=28456]

Threads with active compile tasks:

VM state:not at safepoint (normal execution)

VM Mutex/Monitor currently owned by a thread: None

Heap address: 0x0000000703200000, size: 4046 MB, Compressed Oops mode: Zero based, Oop shift amount: 3
Narrow klass base: 0x0000000800000000, Narrow klass shift: 0
Compressed class space size: 1073741824 Address: 0x0000000800000000

Heap:
 garbage-first heap   total 260096K, used 22528K [0x0000000703200000, 0x0000000800000000)
  region size 1024K, 20 young (20480K), 0 survivors (0K)
 Metaspace       used 19155K, capacity 19581K, committed 19840K, reserved 1067008K
  class space    used 2144K, capacity 2348K, committed 2432K, reserved 1048576K
Heap Regions: E=young(eden), S=young(survivor), O=old, HS=humongous(starts), HC=humongous(continues), CS=collection set, F=free, A=archive, TAMS=top-at-mark-start (previous, next)
|   0|0x0000000703200000, 0x0000000703300000, 0x0000000703300000|100%|HS|  |TAMS 0x0000000703200000, 0x0000000703200000| Complete 
|   1|0x0000000703300000, 0x0000000703400000, 0x0000000703400000|100%|HC|  |TAMS 0x0000000703300000, 0x0000000703300000| Complete 
|   2|0x0000000703400000, 0x0000000703500000, 0x0000000703500000|100%|HC|  |TAMS 0x0000000703400000, 0x0000000703400000| Complete 
|   3|0x0000000703500000, 0x0000000703500000, 0x0000000703600000|  0%| F|  |TAMS 0x0000000703500000, 0x0000000703500000| Untracked 
|   4|0x0000000703600000, 0x0000000703600000, 0x0000000703700000|  0%| F|  |TAMS 0x0000000703600000, 0x0000000703600000| Untracked 
|   5|0x0000000703700000, 0x0000000703700000, 0x0000000703800000|  0%| F|  |TAMS 0x0000000703700000, 0x0000000703700000| Untracked 
|   6|0x0000000703800000, 0x0000000703800000, 0x0000000703900000|  0%| F|  |TAMS 0x0000000703800000, 0x0000000703800000| Untracked 
|   7|0x0000000703900000, 0x0000000703900000, 0x0000000703a00000|  0%| F|  |TAMS 0x0000000703900000, 0x0000000703900000| Untracked 
|   8|0x0000000703a00000, 0x0000000703a00000, 0x0000000703b00000|  0%| F|  |TAMS 0x0000000703a00000, 0x0000000703a00000| Untracked 
|   9|0x0000000703b00000, 0x0000000703b00000, 0x0000000703c00000|  0%| F|  |TAMS 0x0000000703b00000, 0x0000000703b00000| Untracked 
|  10|0x0000000703c00000, 0x0000000703c00000, 0x0000000703d00000|  0%| F|  |TAMS 0x0000000703c00000, 0x0000000703c00000| Untracked 
|  11|0x0000000703d00000, 0x0000000703d00000, 0x0000000703e00000|  0%| F|  |TAMS 0x0000000703d00000, 0x0000000703d00000| Untracked 
|  12|0x0000000703e00000, 0x0000000703e00000, 0x0000000703f00000|  0%| F|  |TAMS 0x0000000703e00000, 0x0000000703e00000| Untracked 
|  13|0x0000000703f00000, 0x0000000703f00000, 0x0000000704000000|  0%| F|  |TAMS 0x0000000703f00000, 0x0000000703f00000| Untracked 
|  14|0x0000000704000000, 0x0000000704000000, 0x0000000704100000|  0%| F|  |TAMS 0x0000000704000000, 0x0000000704000000| Untracked 
|  15|0x0000000704100000, 0x0000000704100000, 0x0000000704200000|  0%| F|  |TAMS 0x0000000704100000, 0x0000000704100000| Untracked 
|  16|0x0000000704200000, 0x0000000704200000, 0x0000000704300000|  0%| F|  |TAMS 0x0000000704200000, 0x0000000704200000| Untracked 
|  17|0x0000000704300000, 0x0000000704300000, 0x0000000704400000|  0%| F|  |TAMS 0x0000000704300000, 0x0000000704300000| Untracked 
|  18|0x0000000704400000, 0x0000000704400000, 0x0000000704500000|  0%| F|  |TAMS 0x0000000704400000, 0x0000000704400000| Untracked 
|  19|0x0000000704500000, 0x0000000704500000, 0x0000000704600000|  0%| F|  |TAMS 0x0000000704500000, 0x0000000704500000| Untracked 
|  20|0x0000000704600000, 0x0000000704600000, 0x0000000704700000|  0%| F|  |TAMS 0x0000000704600000, 0x0000000704600000| Untracked 
|  21|0x0000000704700000, 0x0000000704700000, 0x0000000704800000|  0%| F|  |TAMS 0x0000000704700000, 0x0000000704700000| Untracked 
|  22|0x0000000704800000, 0x0000000704800000, 0x0000000704900000|  0%| F|  |TAMS 0x0000000704800000, 0x0000000704800000| Untracked 
|  23|0x0000000704900000, 0x0000000704900000, 0x0000000704a00000|  0%| F|  |TAMS 0x0000000704900000, 0x0000000704900000| Untracked 
|  24|0x0000000704a00000, 0x0000000704a00000, 0x0000000704b00000|  0%| F|  |TAMS 0x0000000704a00000, 0x0000000704a00000| Untracked 
|  25|0x0000000704b00000, 0x0000000704b00000, 0x0000000704c00000|  0%| F|  |TAMS 0x0000000704b00000, 0x0000000704b00000| Untracked 
|  26|0x0000000704c00000, 0x0000000704c00000, 0x0000000704d00000|  0%| F|  |TAMS 0x0000000704c00000, 0x0000000704c00000| Untracked 
|  27|0x0000000704d00000, 0x0000000704d00000, 0x0000000704e00000|  0%| F|  |TAMS 0x0000000704d00000, 0x0000000704d00000| Untracked 
|  28|0x0000000704e00000, 0x0000000704e00000, 0x0000000704f00000|  0%| F|  |TAMS 0x0000000704e00000, 0x0000000704e00000| Untracked 
|  29|0x0000000704f00000, 0x0000000704f00000, 0x0000000705000000|  0%| F|  |TAMS 0x0000000704f00000, 0x0000000704f00000| Untracked 
|  30|0x0000000705000000, 0x0000000705000000, 0x0000000705100000|  0%| F|  |TAMS 0x0000000705000000, 0x0000000705000000| Untracked 
|  31|0x0000000705100000, 0x0000000705100000, 0x0000000705200000|  0%| F|  |TAMS 0x0000000705100000, 0x0000000705100000| Untracked 
|  32|0x0000000705200000, 0x0000000705200000, 0x0000000705300000|  0%| F|  |TAMS 0x0000000705200000, 0x0000000705200000| Untracked 
|  33|0x0000000705300000, 0x0000000705300000, 0x0000000705400000|  0%| F|  |TAMS 0x0000000705300000, 0x0000000705300000| Untracked 
|  34|0x0000000705400000, 0x0000000705400000, 0x0000000705500000|  0%| F|  |TAMS 0x0000000705400000, 0x0000000705400000| Untracked 
|  35|0x0000000705500000, 0x0000000705500000, 0x0000000705600000|  0%| F|  |TAMS 0x0000000705500000, 0x0000000705500000| Untracked 
|  36|0x0000000705600000, 0x0000000705600000, 0x0000000705700000|  0%| F|  |TAMS 0x0000000705600000, 0x0000000705600000| Untracked 
|  37|0x0000000705700000, 0x0000000705700000, 0x0000000705800000|  0%| F|  |TAMS 0x0000000705700000, 0x0000000705700000| Untracked 
|  38|0x0000000705800000, 0x0000000705800000, 0x0000000705900000|  0%| F|  |TAMS 0x0000000705800000, 0x0000000705800000| Untracked 
|  39|0x0000000705900000, 0x0000000705900000, 0x0000000705a00000|  0%| F|  |TAMS 0x0000000705900000, 0x0000000705900000| Untracked 
|  40|0x0000000705a00000, 0x0000000705a00000, 0x0000000705b00000|  0%| F|  |TAMS 0x0000000705a00000, 0x0000000705a00000| Untracked 
|  41|0x0000000705b00000, 0x0000000705b00000, 0x0000000705c00000|  0%| F|  |TAMS 0x0000000705b00000, 0x0000000705b00000| Untracked 
|  42|0x0000000705c00000, 0x0000000705c00000, 0x0000000705d00000|  0%| F|  |TAMS 0x0000000705c00000, 0x0000000705c00000| Untracked 
|  43|0x0000000705d00000, 0x0000000705d00000, 0x0000000705e00000|  0%| F|  |TAMS 0x0000000705d00000, 0x0000000705d00000| Untracked 
|  44|0x0000000705e00000, 0x0000000705e00000, 0x0000000705f00000|  0%| F|  |TAMS 0x0000000705e00000, 0x0000000705e00000| Untracked 
|  45|0x0000000705f00000, 0x0000000705f00000, 0x0000000706000000|  0%| F|  |TAMS 0x0000000705f00000, 0x0000000705f00000| Untracked 
|  46|0x0000000706000000, 0x0000000706000000, 0x0000000706100000|  0%| F|  |TAMS 0x0000000706000000, 0x0000000706000000| Untracked 
|  47|0x0000000706100000, 0x0000000706100000, 0x0000000706200000|  0%| F|  |TAMS 0x0000000706100000, 0x0000000706100000| Untracked 
|  48|0x0000000706200000, 0x0000000706200000, 0x0000000706300000|  0%| F|  |TAMS 0x0000000706200000, 0x0000000706200000| Untracked 
|  49|0x0000000706300000, 0x0000000706300000, 0x0000000706400000|  0%| F|  |TAMS 0x0000000706300000, 0x0000000706300000| Untracked 
|  50|0x0000000706400000, 0x0000000706400000, 0x0000000706500000|  0%| F|  |TAMS 0x0000000706400000, 0x0000000706400000| Untracked 
|  51|0x0000000706500000, 0x0000000706500000, 0x0000000706600000|  0%| F|  |TAMS 0x0000000706500000, 0x0000000706500000| Untracked 
|  52|0x0000000706600000, 0x0000000706600000, 0x0000000706700000|  0%| F|  |TAMS 0x0000000706600000, 0x0000000706600000| Untracked 
|  53|0x0000000706700000, 0x0000000706700000, 0x0000000706800000|  0%| F|  |TAMS 0x0000000706700000, 0x0000000706700000| Untracked 
|  54|0x0000000706800000, 0x0000000706800000, 0x0000000706900000|  0%| F|  |TAMS 0x0000000706800000, 0x0000000706800000| Untracked 
|  55|0x0000000706900000, 0x0000000706900000, 0x0000000706a00000|  0%| F|  |TAMS 0x0000000706900000, 0x0000000706900000| Untracked 
|  56|0x0000000706a00000, 0x0000000706a00000, 0x0000000706b00000|  0%| F|  |TAMS 0x0000000706a00000, 0x0000000706a00000| Untracked 
|  57|0x0000000706b00000, 0x0000000706b00000, 0x0000000706c00000|  0%| F|  |TAMS 0x0000000706b00000, 0x0000000706b00000| Untracked 
|  58|0x0000000706c00000, 0x0000000706c00000, 0x0000000706d00000|  0%| F|  |TAMS 0x0000000706c00000, 0x0000000706c00000| Untracked 
|  59|0x0000000706d00000, 0x0000000706d00000, 0x0000000706e00000|  0%| F|  |TAMS 0x0000000706d00000, 0x0000000706d00000| Untracked 
|  60|0x0000000706e00000, 0x0000000706e00000, 0x0000000706f00000|  0%| F|  |TAMS 0x0000000706e00000, 0x0000000706e00000| Untracked 
|  61|0x0000000706f00000, 0x0000000706f00000, 0x0000000707000000|  0%| F|  |TAMS 0x0000000706f00000, 0x0000000706f00000| Untracked 
|  62|0x0000000707000000, 0x0000000707000000, 0x0000000707100000|  0%| F|  |TAMS 0x0000000707000000, 0x0000000707000000| Untracked 
|  63|0x0000000707100000, 0x0000000707100000, 0x0000000707200000|  0%| F|  |TAMS 0x0000000707100000, 0x0000000707100000| Untracked 
|  64|0x0000000707200000, 0x0000000707200000, 0x0000000707300000|  0%| F|  |TAMS 0x0000000707200000, 0x0000000707200000| Untracked 
|  65|0x0000000707300000, 0x0000000707300000, 0x0000000707400000|  0%| F|  |TAMS 0x0000000707300000, 0x0000000707300000| Untracked 
|  66|0x0000000707400000, 0x0000000707400000, 0x0000000707500000|  0%| F|  |TAMS 0x0000000707400000, 0x0000000707400000| Untracked 
|  67|0x0000000707500000, 0x0000000707500000, 0x0000000707600000|  0%| F|  |TAMS 0x0000000707500000, 0x0000000707500000| Untracked 
|  68|0x0000000707600000, 0x0000000707600000, 0x0000000707700000|  0%| F|  |TAMS 0x0000000707600000, 0x0000000707600000| Untracked 
|  69|0x0000000707700000, 0x0000000707700000, 0x0000000707800000|  0%| F|  |TAMS 0x0000000707700000, 0x0000000707700000| Untracked 
|  70|0x0000000707800000, 0x0000000707800000, 0x0000000707900000|  0%| F|  |TAMS 0x0000000707800000, 0x0000000707800000| Untracked 
|  71|0x0000000707900000, 0x0000000707900000, 0x0000000707a00000|  0%| F|  |TAMS 0x0000000707900000, 0x0000000707900000| Untracked 
|  72|0x0000000707a00000, 0x0000000707a00000, 0x0000000707b00000|  0%| F|  |TAMS 0x0000000707a00000, 0x0000000707a00000| Untracked 
|  73|0x0000000707b00000, 0x0000000707b00000, 0x0000000707c00000|  0%| F|  |TAMS 0x0000000707b00000, 0x0000000707b00000| Untracked 
|  74|0x0000000707c00000, 0x0000000707c00000, 0x0000000707d00000|  0%| F|  |TAMS 0x0000000707c00000, 0x0000000707c00000| Untracked 
|  75|0x0000000707d00000, 0x0000000707d00000, 0x0000000707e00000|  0%| F|  |TAMS 0x0000000707d00000, 0x0000000707d00000| Untracked 
|  76|0x0000000707e00000, 0x0000000707e00000, 0x0000000707f00000|  0%| F|  |TAMS 0x0000000707e00000, 0x0000000707e00000| Untracked 
|  77|0x0000000707f00000, 0x0000000707f00000, 0x0000000708000000|  0%| F|  |TAMS 0x0000000707f00000, 0x0000000707f00000| Untracked 
|  78|0x0000000708000000, 0x0000000708000000, 0x0000000708100000|  0%| F|  |TAMS 0x0000000708000000, 0x0000000708000000| Untracked 
|  79|0x0000000708100000, 0x0000000708100000, 0x0000000708200000|  0%| F|  |TAMS 0x0000000708100000, 0x0000000708100000| Untracked 
|  80|0x0000000708200000, 0x0000000708200000, 0x0000000708300000|  0%| F|  |TAMS 0x0000000708200000, 0x0000000708200000| Untracked 
|  81|0x0000000708300000, 0x0000000708300000, 0x0000000708400000|  0%| F|  |TAMS 0x0000000708300000, 0x0000000708300000| Untracked 
|  82|0x0000000708400000, 0x0000000708400000, 0x0000000708500000|  0%| F|  |TAMS 0x0000000708400000, 0x0000000708400000| Untracked 
|  83|0x0000000708500000, 0x0000000708500000, 0x0000000708600000|  0%| F|  |TAMS 0x0000000708500000, 0x0000000708500000| Untracked 
|  84|0x0000000708600000, 0x0000000708600000, 0x0000000708700000|  0%| F|  |TAMS 0x0000000708600000, 0x0000000708600000| Untracked 
|  85|0x0000000708700000, 0x0000000708700000, 0x0000000708800000|  0%| F|  |TAMS 0x0000000708700000, 0x0000000708700000| Untracked 
|  86|0x0000000708800000, 0x0000000708800000, 0x0000000708900000|  0%| F|  |TAMS 0x0000000708800000, 0x0000000708800000| Untracked 
|  87|0x0000000708900000, 0x0000000708900000, 0x0000000708a00000|  0%| F|  |TAMS 0x0000000708900000, 0x0000000708900000| Untracked 
|  88|0x0000000708a00000, 0x0000000708a00000, 0x0000000708b00000|  0%| F|  |TAMS 0x0000000708a00000, 0x0000000708a00000| Untracked 
|  89|0x0000000708b00000, 0x0000000708b00000, 0x0000000708c00000|  0%| F|  |TAMS 0x0000000708b00000, 0x0000000708b00000| Untracked 
|  90|0x0000000708c00000, 0x0000000708c00000, 0x0000000708d00000|  0%| F|  |TAMS 0x0000000708c00000, 0x0000000708c00000| Untracked 
|  91|0x0000000708d00000, 0x0000000708d00000, 0x0000000708e00000|  0%| F|  |TAMS 0x0000000708d00000, 0x0000000708d00000| Untracked 
|  92|0x0000000708e00000, 0x0000000708e00000, 0x0000000708f00000|  0%| F|  |TAMS 0x0000000708e00000, 0x0000000708e00000| Untracked 
|  93|0x0000000708f00000, 0x0000000708f00000, 0x0000000709000000|  0%| F|  |TAMS 0x0000000708f00000, 0x0000000708f00000| Untracked 
|  94|0x0000000709000000, 0x0000000709000000, 0x0000000709100000|  0%| F|  |TAMS 0x0000000709000000, 0x0000000709000000| Untracked 
|  95|0x0000000709100000, 0x0000000709100000, 0x0000000709200000|  0%| F|  |TAMS 0x0000000709100000, 0x0000000709100000| Untracked 
|  96|0x0000000709200000, 0x0000000709200000, 0x0000000709300000|  0%| F|  |TAMS 0x0000000709200000, 0x0000000709200000| Untracked 
|  97|0x0000000709300000, 0x0000000709300000, 0x0000000709400000|  0%| F|  |TAMS 0x0000000709300000, 0x0000000709300000| Untracked 
|  98|0x0000000709400000, 0x0000000709400000, 0x0000000709500000|  0%| F|  |TAMS 0x0000000709400000, 0x0000000709400000| Untracked 
|  99|0x0000000709500000, 0x0000000709500000, 0x0000000709600000|  0%| F|  |TAMS 0x0000000709500000, 0x0000000709500000| Untracked 
| 100|0x0000000709600000, 0x0000000709600000, 0x0000000709700000|  0%| F|  |TAMS 0x0000000709600000, 0x0000000709600000| Untracked 
| 101|0x0000000709700000, 0x0000000709700000, 0x0000000709800000|  0%| F|  |TAMS 0x0000000709700000, 0x0000000709700000| Untracked 
| 102|0x0000000709800000, 0x0000000709800000, 0x0000000709900000|  0%| F|  |TAMS 0x0000000709800000, 0x0000000709800000| Untracked 
| 103|0x0000000709900000, 0x0000000709900000, 0x0000000709a00000|  0%| F|  |TAMS 0x0000000709900000, 0x0000000709900000| Untracked 
| 104|0x0000000709a00000, 0x0000000709a00000, 0x0000000709b00000|  0%| F|  |TAMS 0x0000000709a00000, 0x0000000709a00000| Untracked 
| 105|0x0000000709b00000, 0x0000000709b00000, 0x0000000709c00000|  0%| F|  |TAMS 0x0000000709b00000, 0x0000000709b00000| Untracked 
| 106|0x0000000709c00000, 0x0000000709c00000, 0x0000000709d00000|  0%| F|  |TAMS 0x0000000709c00000, 0x0000000709c00000| Untracked 
| 107|0x0000000709d00000, 0x0000000709d00000, 0x0000000709e00000|  0%| F|  |TAMS 0x0000000709d00000, 0x0000000709d00000| Untracked 
| 108|0x0000000709e00000, 0x0000000709e00000, 0x0000000709f00000|  0%| F|  |TAMS 0x0000000709e00000, 0x0000000709e00000| Untracked 
| 109|0x0000000709f00000, 0x0000000709f00000, 0x000000070a000000|  0%| F|  |TAMS 0x0000000709f00000, 0x0000000709f00000| Untracked 
| 110|0x000000070a000000, 0x000000070a000000, 0x000000070a100000|  0%| F|  |TAMS 0x000000070a000000, 0x000000070a000000| Untracked 
| 111|0x000000070a100000, 0x000000070a100000, 0x000000070a200000|  0%| F|  |TAMS 0x000000070a100000, 0x000000070a100000| Untracked 
| 112|0x000000070a200000, 0x000000070a200000, 0x000000070a300000|  0%| F|  |TAMS 0x000000070a200000, 0x000000070a200000| Untracked 
| 113|0x000000070a300000, 0x000000070a300000, 0x000000070a400000|  0%| F|  |TAMS 0x000000070a300000, 0x000000070a300000| Untracked 
| 114|0x000000070a400000, 0x000000070a400000, 0x000000070a500000|  0%| F|  |TAMS 0x000000070a400000, 0x000000070a400000| Untracked 
| 115|0x000000070a500000, 0x000000070a500000, 0x000000070a600000|  0%| F|  |TAMS 0x000000070a500000, 0x000000070a500000| Untracked 
| 116|0x000000070a600000, 0x000000070a600000, 0x000000070a700000|  0%| F|  |TAMS 0x000000070a600000, 0x000000070a600000| Untracked 
| 117|0x000000070a700000, 0x000000070a700000, 0x000000070a800000|  0%| F|  |TAMS 0x000000070a700000, 0x000000070a700000| Untracked 
| 118|0x000000070a800000, 0x000000070a800000, 0x000000070a900000|  0%| F|  |TAMS 0x000000070a800000, 0x000000070a800000| Untracked 
| 119|0x000000070a900000, 0x000000070a900000, 0x000000070aa00000|  0%| F|  |TAMS 0x000000070a900000, 0x000000070a900000| Untracked 
| 120|0x000000070aa00000, 0x000000070aa00000, 0x000000070ab00000|  0%| F|  |TAMS 0x000000070aa00000, 0x000000070aa00000| Untracked 
| 121|0x000000070ab00000, 0x000000070ab00000, 0x000000070ac00000|  0%| F|  |TAMS 0x000000070ab00000, 0x000000070ab00000| Untracked 
| 122|0x000000070ac00000, 0x000000070ac00000, 0x000000070ad00000|  0%| F|  |TAMS 0x000000070ac00000, 0x000000070ac00000| Untracked 
| 123|0x000000070ad00000, 0x000000070ad00000, 0x000000070ae00000|  0%| F|  |TAMS 0x000000070ad00000, 0x000000070ad00000| Untracked 
| 124|0x000000070ae00000, 0x000000070ae00000, 0x000000070af00000|  0%| F|  |TAMS 0x000000070ae00000, 0x000000070ae00000| Untracked 
| 125|0x000000070af00000, 0x000000070af00000, 0x000000070b000000|  0%| F|  |TAMS 0x000000070af00000, 0x000000070af00000| Untracked 
| 126|0x000000070b000000, 0x000000070b000000, 0x000000070b100000|  0%| F|  |TAMS 0x000000070b000000, 0x000000070b000000| Untracked 
| 127|0x000000070b100000, 0x000000070b100000, 0x000000070b200000|  0%| F|  |TAMS 0x000000070b100000, 0x000000070b100000| Untracked 
| 128|0x000000070b200000, 0x000000070b200000, 0x000000070b300000|  0%| F|  |TAMS 0x000000070b200000, 0x000000070b200000| Untracked 
| 129|0x000000070b300000, 0x000000070b300000, 0x000000070b400000|  0%| F|  |TAMS 0x000000070b300000, 0x000000070b300000| Untracked 
| 130|0x000000070b400000, 0x000000070b400000, 0x000000070b500000|  0%| F|  |TAMS 0x000000070b400000, 0x000000070b400000| Untracked 
| 131|0x000000070b500000, 0x000000070b500000, 0x000000070b600000|  0%| F|  |TAMS 0x000000070b500000, 0x000000070b500000| Untracked 
| 132|0x000000070b600000, 0x000000070b600000, 0x000000070b700000|  0%| F|  |TAMS 0x000000070b600000, 0x000000070b600000| Untracked 
| 133|0x000000070b700000, 0x000000070b700000, 0x000000070b800000|  0%| F|  |TAMS 0x000000070b700000, 0x000000070b700000| Untracked 
| 134|0x000000070b800000, 0x000000070b800000, 0x000000070b900000|  0%| F|  |TAMS 0x000000070b800000, 0x000000070b800000| Untracked 
| 135|0x000000070b900000, 0x000000070b900000, 0x000000070ba00000|  0%| F|  |TAMS 0x000000070b900000, 0x000000070b900000| Untracked 
| 136|0x000000070ba00000, 0x000000070ba00000, 0x000000070bb00000|  0%| F|  |TAMS 0x000000070ba00000, 0x000000070ba00000| Untracked 
| 137|0x000000070bb00000, 0x000000070bb00000, 0x000000070bc00000|  0%| F|  |TAMS 0x000000070bb00000, 0x000000070bb00000| Untracked 
| 138|0x000000070bc00000, 0x000000070bc00000, 0x000000070bd00000|  0%| F|  |TAMS 0x000000070bc00000, 0x000000070bc00000| Untracked 
| 139|0x000000070bd00000, 0x000000070bd00000, 0x000000070be00000|  0%| F|  |TAMS 0x000000070bd00000, 0x000000070bd00000| Untracked 
| 140|0x000000070be00000, 0x000000070be00000, 0x000000070bf00000|  0%| F|  |TAMS 0x000000070be00000, 0x000000070be00000| Untracked 
| 141|0x000000070bf00000, 0x000000070bf00000, 0x000000070c000000|  0%| F|  |TAMS 0x000000070bf00000, 0x000000070bf00000| Untracked 
| 142|0x000000070c000000, 0x000000070c000000, 0x000000070c100000|  0%| F|  |TAMS 0x000000070c000000, 0x000000070c000000| Untracked 
| 143|0x000000070c100000, 0x000000070c100000, 0x000000070c200000|  0%| F|  |TAMS 0x000000070c100000, 0x000000070c100000| Untracked 
| 144|0x000000070c200000, 0x000000070c200000, 0x000000070c300000|  0%| F|  |TAMS 0x000000070c200000, 0x000000070c200000| Untracked 
| 145|0x000000070c300000, 0x000000070c300000, 0x000000070c400000|  0%| F|  |TAMS 0x000000070c300000, 0x000000070c300000| Untracked 
| 146|0x000000070c400000, 0x000000070c400000, 0x000000070c500000|  0%| F|  |TAMS 0x000000070c400000, 0x000000070c400000| Untracked 
| 147|0x000000070c500000, 0x000000070c500000, 0x000000070c600000|  0%| F|  |TAMS 0x000000070c500000, 0x000000070c500000| Untracked 
| 148|0x000000070c600000, 0x000000070c600000, 0x000000070c700000|  0%| F|  |TAMS 0x000000070c600000, 0x000000070c600000| Untracked 
| 149|0x000000070c700000, 0x000000070c700000, 0x000000070c800000|  0%| F|  |TAMS 0x000000070c700000, 0x000000070c700000| Untracked 
| 150|0x000000070c800000, 0x000000070c800000, 0x000000070c900000|  0%| F|  |TAMS 0x000000070c800000, 0x000000070c800000| Untracked 
| 151|0x000000070c900000, 0x000000070c900000, 0x000000070ca00000|  0%| F|  |TAMS 0x000000070c900000, 0x000000070c900000| Untracked 
| 152|0x000000070ca00000, 0x000000070ca00000, 0x000000070cb00000|  0%| F|  |TAMS 0x000000070ca00000, 0x000000070ca00000| Untracked 
| 153|0x000000070cb00000, 0x000000070cb00000, 0x000000070cc00000|  0%| F|  |TAMS 0x000000070cb00000, 0x000000070cb00000| Untracked 
| 154|0x000000070cc00000, 0x000000070cc00000, 0x000000070cd00000|  0%| F|  |TAMS 0x000000070cc00000, 0x000000070cc00000| Untracked 
| 155|0x000000070cd00000, 0x000000070cd00000, 0x000000070ce00000|  0%| F|  |TAMS 0x000000070cd00000, 0x000000070cd00000| Untracked 
| 156|0x000000070ce00000, 0x000000070ce00000, 0x000000070cf00000|  0%| F|  |TAMS 0x000000070ce00000, 0x000000070ce00000| Untracked 
| 157|0x000000070cf00000, 0x000000070cf00000, 0x000000070d000000|  0%| F|  |TAMS 0x000000070cf00000, 0x000000070cf00000| Untracked 
| 158|0x000000070d000000, 0x000000070d000000, 0x000000070d100000|  0%| F|  |TAMS 0x000000070d000000, 0x000000070d000000| Untracked 
| 159|0x000000070d100000, 0x000000070d100000, 0x000000070d200000|  0%| F|  |TAMS 0x000000070d100000, 0x000000070d100000| Untracked 
| 160|0x000000070d200000, 0x000000070d200000, 0x000000070d300000|  0%| F|  |TAMS 0x000000070d200000, 0x000000070d200000| Untracked 
| 161|0x000000070d300000, 0x000000070d300000, 0x000000070d400000|  0%| F|  |TAMS 0x000000070d300000, 0x000000070d300000| Untracked 
| 162|0x000000070d400000, 0x000000070d400000, 0x000000070d500000|  0%| F|  |TAMS 0x000000070d400000, 0x000000070d400000| Untracked 
| 163|0x000000070d500000, 0x000000070d500000, 0x000000070d600000|  0%| F|  |TAMS 0x000000070d500000, 0x000000070d500000| Untracked 
| 164|0x000000070d600000, 0x000000070d600000, 0x000000070d700000|  0%| F|  |TAMS 0x000000070d600000, 0x000000070d600000| Untracked 
| 165|0x000000070d700000, 0x000000070d700000, 0x000000070d800000|  0%| F|  |TAMS 0x000000070d700000, 0x000000070d700000| Untracked 
| 166|0x000000070d800000, 0x000000070d800000, 0x000000070d900000|  0%| F|  |TAMS 0x000000070d800000, 0x000000070d800000| Untracked 
| 167|0x000000070d900000, 0x000000070d900000, 0x000000070da00000|  0%| F|  |TAMS 0x000000070d900000, 0x000000070d900000| Untracked 
| 168|0x000000070da00000, 0x000000070da00000, 0x000000070db00000|  0%| F|  |TAMS 0x000000070da00000, 0x000000070da00000| Untracked 
| 169|0x000000070db00000, 0x000000070db00000, 0x000000070dc00000|  0%| F|  |TAMS 0x000000070db00000, 0x000000070db00000| Untracked 
| 170|0x000000070dc00000, 0x000000070dc00000, 0x000000070dd00000|  0%| F|  |TAMS 0x000000070dc00000, 0x000000070dc00000| Untracked 
| 171|0x000000070dd00000, 0x000000070dd00000, 0x000000070de00000|  0%| F|  |TAMS 0x000000070dd00000, 0x000000070dd00000| Untracked 
| 172|0x000000070de00000, 0x000000070de00000, 0x000000070df00000|  0%| F|  |TAMS 0x000000070de00000, 0x000000070de00000| Untracked 
| 173|0x000000070df00000, 0x000000070df00000, 0x000000070e000000|  0%| F|  |TAMS 0x000000070df00000, 0x000000070df00000| Untracked 
| 174|0x000000070e000000, 0x000000070e000000, 0x000000070e100000|  0%| F|  |TAMS 0x000000070e000000, 0x000000070e000000| Untracked 
| 175|0x000000070e100000, 0x000000070e100000, 0x000000070e200000|  0%| F|  |TAMS 0x000000070e100000, 0x000000070e100000| Untracked 
| 176|0x000000070e200000, 0x000000070e200000, 0x000000070e300000|  0%| F|  |TAMS 0x000000070e200000, 0x000000070e200000| Untracked 
| 177|0x000000070e300000, 0x000000070e300000, 0x000000070e400000|  0%| F|  |TAMS 0x000000070e300000, 0x000000070e300000| Untracked 
| 178|0x000000070e400000, 0x000000070e400000, 0x000000070e500000|  0%| F|  |TAMS 0x000000070e400000, 0x000000070e400000| Untracked 
| 179|0x000000070e500000, 0x000000070e500000, 0x000000070e600000|  0%| F|  |TAMS 0x000000070e500000, 0x000000070e500000| Untracked 
| 180|0x000000070e600000, 0x000000070e600000, 0x000000070e700000|  0%| F|  |TAMS 0x000000070e600000, 0x000000070e600000| Untracked 
| 181|0x000000070e700000, 0x000000070e700000, 0x000000070e800000|  0%| F|  |TAMS 0x000000070e700000, 0x000000070e700000| Untracked 
| 182|0x000000070e800000, 0x000000070e800000, 0x000000070e900000|  0%| F|  |TAMS 0x000000070e800000, 0x000000070e800000| Untracked 
| 183|0x000000070e900000, 0x000000070e900000, 0x000000070ea00000|  0%| F|  |TAMS 0x000000070e900000, 0x000000070e900000| Untracked 
| 184|0x000000070ea00000, 0x000000070ea00000, 0x000000070eb00000|  0%| F|  |TAMS 0x000000070ea00000, 0x000000070ea00000| Untracked 
| 185|0x000000070eb00000, 0x000000070eb00000, 0x000000070ec00000|  0%| F|  |TAMS 0x000000070eb00000, 0x000000070eb00000| Untracked 
| 186|0x000000070ec00000, 0x000000070ec00000, 0x000000070ed00000|  0%| F|  |TAMS 0x000000070ec00000, 0x000000070ec00000| Untracked 
| 187|0x000000070ed00000, 0x000000070ed00000, 0x000000070ee00000|  0%| F|  |TAMS 0x000000070ed00000, 0x000000070ed00000| Untracked 
| 188|0x000000070ee00000, 0x000000070ee00000, 0x000000070ef00000|  0%| F|  |TAMS 0x000000070ee00000, 0x000000070ee00000| Untracked 
| 189|0x000000070ef00000, 0x000000070ef00000, 0x000000070f000000|  0%| F|  |TAMS 0x000000070ef00000, 0x000000070ef00000| Untracked 
| 190|0x000000070f000000, 0x000000070f000000, 0x000000070f100000|  0%| F|  |TAMS 0x000000070f000000, 0x000000070f000000| Untracked 
| 191|0x000000070f100000, 0x000000070f100000, 0x000000070f200000|  0%| F|  |TAMS 0x000000070f100000, 0x000000070f100000| Untracked 
| 192|0x000000070f200000, 0x000000070f200000, 0x000000070f300000|  0%| F|  |TAMS 0x000000070f200000, 0x000000070f200000| Untracked 
| 193|0x000000070f300000, 0x000000070f300000, 0x000000070f400000|  0%| F|  |TAMS 0x000000070f300000, 0x000000070f300000| Untracked 
| 194|0x000000070f400000, 0x000000070f400000, 0x000000070f500000|  0%| F|  |TAMS 0x000000070f400000, 0x000000070f400000| Untracked 
| 195|0x000000070f500000, 0x000000070f500000, 0x000000070f600000|  0%| F|  |TAMS 0x000000070f500000, 0x000000070f500000| Untracked 
| 196|0x000000070f600000, 0x000000070f600000, 0x000000070f700000|  0%| F|  |TAMS 0x000000070f600000, 0x000000070f600000| Untracked 
| 197|0x000000070f700000, 0x000000070f700000, 0x000000070f800000|  0%| F|  |TAMS 0x000000070f700000, 0x000000070f700000| Untracked 
| 198|0x000000070f800000, 0x000000070f800000, 0x000000070f900000|  0%| F|  |TAMS 0x000000070f800000, 0x000000070f800000| Untracked 
| 199|0x000000070f900000, 0x000000070f900000, 0x000000070fa00000|  0%| F|  |TAMS 0x000000070f900000, 0x000000070f900000| Untracked 
| 200|0x000000070fa00000, 0x000000070fa00000, 0x000000070fb00000|  0%| F|  |TAMS 0x000000070fa00000, 0x000000070fa00000| Untracked 
| 201|0x000000070fb00000, 0x000000070fb00000, 0x000000070fc00000|  0%| F|  |TAMS 0x000000070fb00000, 0x000000070fb00000| Untracked 
| 202|0x000000070fc00000, 0x000000070fc00000, 0x000000070fd00000|  0%| F|  |TAMS 0x000000070fc00000, 0x000000070fc00000| Untracked 
| 203|0x000000070fd00000, 0x000000070fd00000, 0x000000070fe00000|  0%| F|  |TAMS 0x000000070fd00000, 0x000000070fd00000| Untracked 
| 204|0x000000070fe00000, 0x000000070fe00000, 0x000000070ff00000|  0%| F|  |TAMS 0x000000070fe00000, 0x000000070fe00000| Untracked 
| 205|0x000000070ff00000, 0x000000070ff00000, 0x0000000710000000|  0%| F|  |TAMS 0x000000070ff00000, 0x000000070ff00000| Untracked 
| 206|0x0000000710000000, 0x0000000710000000, 0x0000000710100000|  0%| F|  |TAMS 0x0000000710000000, 0x0000000710000000| Untracked 
| 207|0x0000000710100000, 0x0000000710100000, 0x0000000710200000|  0%| F|  |TAMS 0x0000000710100000, 0x0000000710100000| Untracked 
| 208|0x0000000710200000, 0x0000000710200000, 0x0000000710300000|  0%| F|  |TAMS 0x0000000710200000, 0x0000000710200000| Untracked 
| 209|0x0000000710300000, 0x0000000710300000, 0x0000000710400000|  0%| F|  |TAMS 0x0000000710300000, 0x0000000710300000| Untracked 
| 210|0x0000000710400000, 0x0000000710400000, 0x0000000710500000|  0%| F|  |TAMS 0x0000000710400000, 0x0000000710400000| Untracked 
| 211|0x0000000710500000, 0x0000000710500000, 0x0000000710600000|  0%| F|  |TAMS 0x0000000710500000, 0x0000000710500000| Untracked 
| 212|0x0000000710600000, 0x0000000710600000, 0x0000000710700000|  0%| F|  |TAMS 0x0000000710600000, 0x0000000710600000| Untracked 
| 213|0x0000000710700000, 0x0000000710700000, 0x0000000710800000|  0%| F|  |TAMS 0x0000000710700000, 0x0000000710700000| Untracked 
| 214|0x0000000710800000, 0x0000000710800000, 0x0000000710900000|  0%| F|  |TAMS 0x0000000710800000, 0x0000000710800000| Untracked 
| 215|0x0000000710900000, 0x0000000710900000, 0x0000000710a00000|  0%| F|  |TAMS 0x0000000710900000, 0x0000000710900000| Untracked 
| 216|0x0000000710a00000, 0x0000000710a00000, 0x0000000710b00000|  0%| F|  |TAMS 0x0000000710a00000, 0x0000000710a00000| Untracked 
| 217|0x0000000710b00000, 0x0000000710b00000, 0x0000000710c00000|  0%| F|  |TAMS 0x0000000710b00000, 0x0000000710b00000| Untracked 
| 218|0x0000000710c00000, 0x0000000710c00000, 0x0000000710d00000|  0%| F|  |TAMS 0x0000000710c00000, 0x0000000710c00000| Untracked 
| 219|0x0000000710d00000, 0x0000000710d00000, 0x0000000710e00000|  0%| F|  |TAMS 0x0000000710d00000, 0x0000000710d00000| Untracked 
| 220|0x0000000710e00000, 0x0000000710e00000, 0x0000000710f00000|  0%| F|  |TAMS 0x0000000710e00000, 0x0000000710e00000| Untracked 
| 221|0x0000000710f00000, 0x0000000710f00000, 0x0000000711000000|  0%| F|  |TAMS 0x0000000710f00000, 0x0000000710f00000| Untracked 
| 222|0x0000000711000000, 0x0000000711000000, 0x0000000711100000|  0%| F|  |TAMS 0x0000000711000000, 0x0000000711000000| Untracked 
| 223|0x0000000711100000, 0x0000000711100000, 0x0000000711200000|  0%| F|  |TAMS 0x0000000711100000, 0x0000000711100000| Untracked 
| 224|0x0000000711200000, 0x0000000711200000, 0x0000000711300000|  0%| F|  |TAMS 0x0000000711200000, 0x0000000711200000| Untracked 
| 225|0x0000000711300000, 0x0000000711300000, 0x0000000711400000|  0%| F|  |TAMS 0x0000000711300000, 0x0000000711300000| Untracked 
| 226|0x0000000711400000, 0x0000000711400000, 0x0000000711500000|  0%| F|  |TAMS 0x0000000711400000, 0x0000000711400000| Untracked 
| 227|0x0000000711500000, 0x0000000711500000, 0x0000000711600000|  0%| F|  |TAMS 0x0000000711500000, 0x0000000711500000| Untracked 
| 228|0x0000000711600000, 0x0000000711600000, 0x0000000711700000|  0%| F|  |TAMS 0x0000000711600000, 0x0000000711600000| Untracked 
| 229|0x0000000711700000, 0x0000000711700000, 0x0000000711800000|  0%| F|  |TAMS 0x0000000711700000, 0x0000000711700000| Untracked 
| 230|0x0000000711800000, 0x0000000711800000, 0x0000000711900000|  0%| F|  |TAMS 0x0000000711800000, 0x0000000711800000| Untracked 
| 231|0x0000000711900000, 0x0000000711900000, 0x0000000711a00000|  0%| F|  |TAMS 0x0000000711900000, 0x0000000711900000| Untracked 
| 232|0x0000000711a00000, 0x0000000711a00000, 0x0000000711b00000|  0%| F|  |TAMS 0x0000000711a00000, 0x0000000711a00000| Untracked 
| 233|0x0000000711b00000, 0x0000000711b00000, 0x0000000711c00000|  0%| F|  |TAMS 0x0000000711b00000, 0x0000000711b00000| Untracked 
| 234|0x0000000711c00000, 0x0000000711cf8490, 0x0000000711d00000| 96%| E|  |TAMS 0x0000000711c00000, 0x0000000711c00000| Complete 
| 235|0x0000000711d00000, 0x0000000711e00000, 0x0000000711e00000|100%| E|CS|TAMS 0x0000000711d00000, 0x0000000711d00000| Complete 
| 236|0x0000000711e00000, 0x0000000711f00000, 0x0000000711f00000|100%| E|CS|TAMS 0x0000000711e00000, 0x0000000711e00000| Complete 
| 237|0x0000000711f00000, 0x0000000712000000, 0x0000000712000000|100%| E|CS|TAMS 0x0000000711f00000, 0x0000000711f00000| Complete 
| 238|0x0000000712000000, 0x0000000712100000, 0x0000000712100000|100%| E|CS|TAMS 0x0000000712000000, 0x0000000712000000| Complete 
| 239|0x0000000712100000, 0x0000000712200000, 0x0000000712200000|100%| E|CS|TAMS 0x0000000712100000, 0x0000000712100000| Complete 
| 240|0x0000000712200000, 0x0000000712300000, 0x0000000712300000|100%| E|CS|TAMS 0x0000000712200000, 0x0000000712200000| Complete 
| 241|0x0000000712300000, 0x0000000712400000, 0x0000000712400000|100%| E|CS|TAMS 0x0000000712300000, 0x0000000712300000| Complete 
| 242|0x0000000712400000, 0x0000000712500000, 0x0000000712500000|100%| E|CS|TAMS 0x0000000712400000, 0x0000000712400000| Complete 
| 243|0x0000000712500000, 0x0000000712600000, 0x0000000712600000|100%| E|CS|TAMS 0x0000000712500000, 0x0000000712500000| Complete 
| 244|0x0000000712600000, 0x0000000712700000, 0x0000000712700000|100%| E|CS|TAMS 0x0000000712600000, 0x0000000712600000| Complete 
| 245|0x0000000712700000, 0x0000000712800000, 0x0000000712800000|100%| E|CS|TAMS 0x0000000712700000, 0x0000000712700000| Complete 
| 246|0x0000000712800000, 0x0000000712900000, 0x0000000712900000|100%| E|CS|TAMS 0x0000000712800000, 0x0000000712800000| Complete 
| 247|0x0000000712900000, 0x0000000712a00000, 0x0000000712a00000|100%| E|CS|TAMS 0x0000000712900000, 0x0000000712900000| Complete 
| 248|0x0000000712a00000, 0x0000000712b00000, 0x0000000712b00000|100%| E|CS|TAMS 0x0000000712a00000, 0x0000000712a00000| Complete 
| 249|0x0000000712b00000, 0x0000000712c00000, 0x0000000712c00000|100%| E|CS|TAMS 0x0000000712b00000, 0x0000000712b00000| Complete 
| 250|0x0000000712c00000, 0x0000000712d00000, 0x0000000712d00000|100%| E|CS|TAMS 0x0000000712c00000, 0x0000000712c00000| Complete 
| 251|0x0000000712d00000, 0x0000000712e00000, 0x0000000712e00000|100%| E|CS|TAMS 0x0000000712d00000, 0x0000000712d00000| Complete 
| 252|0x0000000712e00000, 0x0000000712f00000, 0x0000000712f00000|100%| E|CS|TAMS 0x0000000712e00000, 0x0000000712e00000| Complete 
| 253|0x0000000712f00000, 0x0000000713000000, 0x0000000713000000|100%| E|CS|TAMS 0x0000000712f00000, 0x0000000712f00000| Complete 

Card table byte_map: [0x000001667ded0000,0x000001667e6c0000] _byte_map_base: 0x000001667a6b7000

Marking Bits (Prev, Next): (CMBitMap*) 0x000001667b1e7948, (CMBitMap*) 0x000001667b1e7980
 Prev Bits: [0x00000166165d0000, 0x000001661a508000)
 Next Bits: [0x000001661a510000, 0x000001661e448000)

Polling page: 0x000001667ca20000

Metaspace:

Usage:
  Non-class:     16.83 MB capacity,    16.61 MB ( 99%) used,   173.65 KB (  1%) free+waste,    48.06 KB ( <1%) overhead. 
      Class:      2.29 MB capacity,     2.09 MB ( 91%) used,   178.23 KB (  8%) free+waste,    25.63 KB (  1%) overhead. 
       Both:     19.12 MB capacity,    18.71 MB ( 98%) used,   351.88 KB (  2%) free+waste,    73.69 KB ( <1%) overhead. 

Virtual space:
  Non-class space:       18.00 MB reserved,      17.00 MB ( 94%) committed 
      Class space:        1.00 GB reserved,       2.38 MB ( <1%) committed 
             Both:        1.02 GB reserved,      19.38 MB (  2%) committed 

Chunk freelists:
   Non-Class:  5.88 KB
       Class:  2.50 KB
        Both:  8.38 KB

CodeHeap 'non-profiled nmethods': size=120000Kb used=676Kb max_used=676Kb free=119323Kb
 bounds [0x000001660f0a0000, 0x000001660f310000, 0x00000166165d0000]
CodeHeap 'profiled nmethods': size=120000Kb used=4069Kb max_used=4069Kb free=115930Kb
 bounds [0x0000016607b70000, 0x0000016607f70000, 0x000001660f0a0000]
CodeHeap 'non-nmethods': size=5760Kb used=1243Kb max_used=1273Kb free=4516Kb
 bounds [0x00000166075d0000, 0x0000016607840000, 0x0000016607b70000]
 total_blobs=2716 nmethods=2097 adapters=528
 compilation: enabled
              stopped_count=0, restarted_count=0
 full_count=0

Compilation events (10 events):
Event: 134.439 Thread 0x0000016620d31000 2093       3       sun.awt.SunToolkit::setSystemGenerated (10 bytes)
Event: 134.440 Thread 0x0000016620d31000 nmethod 2093 0x0000016607f66690 code [0x0000016607f66860, 0x0000016607f66b88]
Event: 134.440 Thread 0x0000016620d31000 2094       3       java.awt.AWTEvent$1::setSystemGenerated (6 bytes)
Event: 134.440 Thread 0x0000016620d31000 nmethod 2094 0x0000016607f66d10 code [0x0000016607f66ea0, 0x0000016607f66fb8]
Event: 134.449 Thread 0x0000016620d31000 2095   !   3       java.awt.EventQueue::isDispatchThreadImpl (99 bytes)
Event: 134.450 Thread 0x0000016620d31000 nmethod 2095 0x0000016607f67090 code [0x0000016607f672a0, 0x0000016607f678e8]
Event: 134.450 Thread 0x0000016620d31000 2096   !   3       java.awt.Container::mixOnHiding (56 bytes)
Event: 134.450 Thread 0x0000016620d31000 nmethod 2096 0x0000016607f67b90 code [0x0000016607f67dc0, 0x0000016607f68528]
Event: 134.450 Thread 0x0000016620d31000 2097   !   3       java.awt.Component::mixOnHiding (61 bytes)
Event: 134.451 Thread 0x0000016620d31000 nmethod 2097 0x0000016607f68890 code [0x0000016607f68ac0, 0x0000016607f692c8]

GC Heap History (0 events):
No events

Deoptimization events (10 events):
Event: 129.181 Thread 0x0000016620fc3800 Uncommon trap: reason=class_check action=maybe_recompile pc=0x000001660f10da78 method=java.util.concurrent.locks.AbstractQueuedSynchronizer.release(I)Z @ 2 c2
Event: 129.187 Thread 0x0000016620fc3800 Uncommon trap: reason=class_check action=maybe_recompile pc=0x000001660f10da78 method=java.util.concurrent.locks.AbstractQueuedSynchronizer.release(I)Z @ 2 c2
Event: 129.189 Thread 0x0000016620fc3800 Uncommon trap: reason=class_check action=maybe_recompile pc=0x000001660f10da78 method=java.util.concurrent.locks.AbstractQueuedSynchronizer.release(I)Z @ 2 c2
Event: 129.190 Thread 0x0000016620fc3800 Uncommon trap: reason=class_check action=maybe_recompile pc=0x000001660f10da78 method=java.util.concurrent.locks.AbstractQueuedSynchronizer.release(I)Z @ 2 c2
Event: 129.197 Thread 0x00000166215ec800 Uncommon trap: reason=unstable_fused_if action=reinterpret pc=0x000001660f132128 method=java.awt.AWTEvent.<init>(Ljava/lang/Object;I)V @ 28 c2
Event: 129.202 Thread 0x00000166215ec800 Uncommon trap: reason=class_check action=maybe_recompile pc=0x000001660f10f300 method=javax.swing.UIDefaults.getFromHashtable(Ljava/lang/Object;)Ljava/lang/Object; @ 92 c2
Event: 129.212 Thread 0x00000166215ec800 Uncommon trap: reason=class_check action=maybe_recompile pc=0x000001660f10f300 method=javax.swing.UIDefaults.getFromHashtable(Ljava/lang/Object;)Ljava/lang/Object; @ 92 c2
Event: 129.567 Thread 0x00000166215ec800 Uncommon trap: reason=unstable_if action=reinterpret pc=0x000001660f0fd214 method=java.util.Hashtable.get(Ljava/lang/Object;)Ljava/lang/Object; @ 48 c2
Event: 131.350 Thread 0x00000166215ec800 Uncommon trap: reason=unstable_if action=reinterpret pc=0x000001660f138148 method=java.beans.ChangeListenerMap.get(Ljava/lang/String;)[Ljava/util/EventListener; @ 4 c2
Event: 131.354 Thread 0x00000166215ec800 Uncommon trap: reason=unstable_if action=reinterpret pc=0x000001660f12f308 method=java.awt.Component.getInputContext()Ljava/awt/im/InputContext; @ 6 c2

Classes redefined (0 events):
No events

Internal exceptions (10 events):
Event: 0.584 Thread 0x000001667b184800 Exception <a 'java/lang/NoSuchMethodError'{0x00000007127dc008}: java.lang.invoke.DirectMethodHandle$Holder.invokeStatic(Ljava/lang/Object;Ljava/lang/Object;Ljava/lang/Object;Ljava/lang/Object;Ljava/lang/Object;Ljava/lang/Object;Ljava/lang/Object;Ljava/lan
Event: 0.585 Thread 0x000001667b184800 Exception <a 'java/lang/NoSuchMethodError'{0x00000007127fa458}: java.lang.invoke.DirectMethodHandle$Holder.invokeStatic(Ljava/lang/Object;Ljava/lang/Object;Ljava/lang/Object;Ljava/lang/Object;Ljava/lang/Object;Ljava/lang/Object;Ljava/lang/Object;Ljava/lan
Event: 0.587 Thread 0x000001667b184800 Exception <a 'java/lang/NoSuchMethodError'{0x0000000712619e40}: java.lang.invoke.DirectMethodHandle$Holder.invokeStatic(Ljava/lang/Object;Ljava/lang/Object;Ljava/lang/Object;Ljava/lang/Object;Ljava/lang/Object;Ljava/lang/Object;Ljava/lang/Object;Ljava/lan
Event: 0.588 Thread 0x000001667b184800 Exception <a 'java/lang/NoSuchMethodError'{0x0000000712625df0}: java.lang.invoke.Invokers$Holder.linkToTargetMethod(Ljava/lang/Object;ILjava/lang/Object;)Ljava/lang/Object;> (0x0000000712625df0) thrown at [./open/src/hotspot/share/interpreter/linkResolver
Event: 0.713 Thread 0x000001667b184800 Exception <a 'java/lang/NoSuchMethodError'{0x000000071267d450}: java.lang.invoke.DirectMethodHandle$Holder.invokeStatic(Ljava/lang/Object;Ljava/lang/Object;Ljava/lang/Object;Ljava/lang/Object;Ljava/lang/Object;Ljava/lang/Object;Ljava/lang/Object;Ljava/lan
Event: 120.560 Thread 0x00000166212d6000 Exception <a 'java/lang/InstantiationException'{0x0000000711ffcbc0}: jpcap.packet.DatalinkPacket> (0x0000000711ffcbc0) thrown at [./open/src/hotspot/share/oops/instanceKlass.cpp, line 1249]
Event: 131.350 Thread 0x00000166215ec800 Implicit null exception at 0x000001660f136efd to 0x000001660f138128
Event: 131.353 Thread 0x00000166215ec800 Exception <a 'java/lang/NullPointerException'{0x0000000711c7e0b0}> (0x0000000711c7e0b0) thrown at [./open/src/hotspot/share/interpreter/linkResolver.cpp, line 1354]
Event: 131.353 Thread 0x00000166215ec800 Exception <a 'java/lang/NullPointerException'{0x0000000711c7e0b0}> (0x0000000711c7e0b0) thrown at [./open/src/hotspot/share/prims/jvm.cpp, line 1309]
Event: 131.353 Thread 0x00000166215ec800 Exception <a 'java/lang/NullPointerException'{0x0000000711c7e0b0}> (0x0000000711c7e0b0) thrown at [./open/src/hotspot/share/prims/jvm.cpp, line 1309]

Events (10 events):
Event: 132.781 Executing VM operation: RevokeBias done
Event: 132.781 Executing VM operation: RevokeBias
Event: 132.781 Executing VM operation: RevokeBias done
Event: 132.794 Executing VM operation: BulkRevokeBias
Event: 132.794 Executing VM operation: BulkRevokeBias done
Event: 132.795 Executing VM operation: BulkRevokeBias
Event: 132.795 Executing VM operation: BulkRevokeBias done
Event: 134.124 Executing VM operation: RevokeBias
Event: 134.124 Executing VM operation: RevokeBias done
Event: 134.124 Thread 0x00000166212d6000 Thread exited: 0x00000166212d6000


Dynamic libraries:
0x00007ff705b90000 - 0x00007ff705b9f000 	C:\Program Files\Java\jdk-11.0.16.1\bin\java.exe
0x00007ffe1f550000 - 0x00007ffe1f748000 	C:\Windows\SYSTEM32\ntdll.dll
0x00007ffe1ea90000 - 0x00007ffe1eb4f000 	C:\Windows\System32\KERNEL32.DLL
0x00007ffe1cff0000 - 0x00007ffe1d2c2000 	C:\Windows\System32\KERNELBASE.dll
0x00007ffe1d2d0000 - 0x00007ffe1d3d0000 	C:\Windows\System32\ucrtbase.dll
0x00007ffdaf2d0000 - 0x00007ffdaf2e5000 	C:\Program Files\Java\jdk-11.0.16.1\bin\VCRUNTIME140.dll
0x00007ffe15290000 - 0x00007ffe152a8000 	C:\Program Files\Java\jdk-11.0.16.1\bin\jli.dll
0x00007ffe1e960000 - 0x00007ffe1ea0e000 	C:\Windows\System32\ADVAPI32.dll
0x00007ffe1d730000 - 0x00007ffe1d7ce000 	C:\Windows\System32\msvcrt.dll
0x00007ffe1dcc0000 - 0x00007ffe1dd5c000 	C:\Windows\System32\sechost.dll
0x00007ffe1d600000 - 0x00007ffe1d725000 	C:\Windows\System32\RPCRT4.dll
0x00007ffe1e630000 - 0x00007ffe1e7cd000 	C:\Windows\System32\USER32.dll
0x00007ffe1cc50000 - 0x00007ffe1cc72000 	C:\Windows\System32\win32u.dll
0x00007ffe1c060000 - 0x00007ffe1c2fa000 	C:\Windows\WinSxS\amd64_microsoft.windows.common-controls_6595b64144ccf1df_6.0.19041.1110_none_60b5254171f9507e\COMCTL32.dll
0x00007ffe1f3f0000 - 0x00007ffe1f41b000 	C:\Windows\System32\GDI32.dll
0x00007ffe1cee0000 - 0x00007ffe1cfef000 	C:\Windows\System32\gdi32full.dll
0x00007ffe1cc80000 - 0x00007ffe1cd1d000 	C:\Windows\System32\msvcp_win.dll
0x00007ffe127f0000 - 0x00007ffe127fa000 	C:\Windows\SYSTEM32\VERSION.dll
0x00007ffe1e920000 - 0x00007ffe1e952000 	C:\Windows\System32\IMM32.DLL
0x00007ffdaefa0000 - 0x00007ffdaf03b000 	C:\Program Files\Java\jdk-11.0.16.1\bin\msvcp140.dll
0x00007ffdaf300000 - 0x00007ffdafe18000 	C:\Program Files\Java\jdk-11.0.16.1\bin\server\jvm.dll
0x00007ffe1d980000 - 0x00007ffe1d988000 	C:\Windows\System32\PSAPI.DLL
0x00007ffdaf2f0000 - 0x00007ffdaf2f9000 	C:\Windows\SYSTEM32\WSOCK32.dll
0x00007ffe0e7b0000 - 0x00007ffe0e7d7000 	C:\Windows\SYSTEM32\WINMM.dll
0x00007ffe1eb50000 - 0x00007ffe1ebbb000 	C:\Windows\System32\WS2_32.dll
0x00007ffe1a4d0000 - 0x00007ffe1a4e2000 	C:\Windows\SYSTEM32\kernel.appcore.dll
0x00007ffdaf250000 - 0x00007ffdaf260000 	C:\Program Files\Java\jdk-11.0.16.1\bin\verify.dll
0x00007ffe1c600000 - 0x00007ffe1c7e4000 	C:\Windows\SYSTEM32\DBGHELP.DLL
0x00007ffe1c5d0000 - 0x00007ffe1c5fc000 	C:\Windows\SYSTEM32\dbgcore.DLL
0x00007ffe1cdd0000 - 0x00007ffe1ce52000 	C:\Windows\System32\bcryptPrimitives.dll
0x00007ffdaf260000 - 0x00007ffdaf288000 	C:\Program Files\Java\jdk-11.0.16.1\bin\java.dll
0x00007ffdaf240000 - 0x00007ffdaf24a000 	C:\Program Files\Java\jdk-11.0.16.1\bin\jimage.dll
0x00007ffdaf220000 - 0x00007ffdaf236000 	C:\Program Files\Java\jdk-11.0.16.1\bin\zip.dll
0x00007ffe1de80000 - 0x00007ffe1e5c3000 	C:\Windows\System32\SHELL32.dll
0x00007ffe1a6b0000 - 0x00007ffe1ae42000 	C:\Windows\SYSTEM32\windows.storage.dll
0x00007ffe1f090000 - 0x00007ffe1f3e4000 	C:\Windows\System32\combase.dll
0x00007ffe1bfc0000 - 0x00007ffe1bff0000 	C:\Windows\SYSTEM32\Wldp.dll
0x00007ffe1dbf0000 - 0x00007ffe1dc9d000 	C:\Windows\System32\SHCORE.dll
0x00007ffe1ebc0000 - 0x00007ffe1ec15000 	C:\Windows\System32\shlwapi.dll
0x00007ffe1cb90000 - 0x00007ffe1cbaf000 	C:\Windows\SYSTEM32\profapi.dll
0x00007ffdaf200000 - 0x00007ffdaf219000 	C:\Program Files\Java\jdk-11.0.16.1\bin\net.dll
0x00007ffe14b10000 - 0x00007ffe14c1c000 	C:\Windows\SYSTEM32\WINHTTP.dll
0x00007ffe1be90000 - 0x00007ffe1befa000 	C:\Windows\system32\mswsock.dll
0x00007ffdaf1e0000 - 0x00007ffdaf1f2000 	C:\Program Files\Java\jdk-11.0.16.1\bin\nio.dll
0x00007ffdaf040000 - 0x00007ffdaf1db000 	C:\Program Files\Java\jdk-11.0.16.1\bin\awt.dll
0x00007ffe1d990000 - 0x00007ffe1da5d000 	C:\Windows\System32\OLEAUT32.dll
0x00007ffe19cf0000 - 0x00007ffe19d81000 	C:\Windows\SYSTEM32\apphelp.dll
0x00007ffe1a170000 - 0x00007ffe1a19f000 	C:\Windows\system32\DWMAPI.DLL
0x00007ffe19df0000 - 0x00007ffe19e8e000 	C:\Windows\system32\uxtheme.dll
0x00007ffddfc40000 - 0x00007ffddfd65000 	C:\Windows\system32\opengl32.dll
0x00007ffddfbd0000 - 0x00007ffddfbfc000 	C:\Windows\SYSTEM32\GLU32.dll
0x00007ffddb820000 - 0x00007ffddb951000 	C:\ProgramData\A-Volute\DellInc.AlienwareSoundCenter\Modules\ScheduledModules\x64\AudioDevProps2.dll
0x00007ffe1e7d0000 - 0x00007ffe1e8fa000 	C:\Windows\System32\ole32.dll
0x00007ffde4be0000 - 0x00007ffde4c8e000 	C:\ProgramData\A-Volute\DellInc.AlienwareSoundCenter\Modules\ScheduledModules\x64\NahimicOSD.dll
0x00007ffde56b0000 - 0x00007ffde56d1000 	C:\ProgramData\A-Volute\DellInc.AlienwareSoundCenter\Modules\ScheduledModules\x64\ProductInfo.dll
0x00007ffe1dd60000 - 0x00007ffe1de75000 	C:\Windows\System32\MSCTF.dll
0x00007ffe14100000 - 0x00007ffe14186000 	C:\Program Files\Java\jdk-11.0.16.1\bin\freetype.dll
0x00007ffe13c00000 - 0x00007ffe13ca5000 	C:\Program Files\Java\jdk-11.0.16.1\bin\fontmanager.dll
0x00007ffe1da60000 - 0x00007ffe1db0f000 	C:\Windows\System32\clbcatq.dll
0x00007ffe12d20000 - 0x00007ffe12ed4000 	C:\Windows\SYSTEM32\WindowsCodecs.dll
0x00007ffe1ce60000 - 0x00007ffe1ce87000 	C:\Windows\System32\bcrypt.dll
0x00007ffddf0c0000 - 0x00007ffddf0fe000 	C:\Windows\system32\dataexchange.dll
0x00007ffe189c0000 - 0x00007ffe18c23000 	C:\Windows\system32\d3d11.dll
0x00007ffe191f0000 - 0x00007ffe193d3000 	C:\Windows\system32\dcomp.dll
0x00007ffe1aeb0000 - 0x00007ffe1afa3000 	C:\Windows\system32\dxgi.dll
0x00007ffe13220000 - 0x00007ffe13420000 	C:\Windows\system32\twinapi.appcore.dll
0x00007ffe0a2d0000 - 0x00007ffe0a3c9000 	C:\Windows\SYSTEM32\textinputframework.dll
0x00007ffe19ac0000 - 0x00007ffe19bb2000 	C:\Windows\System32\CoreMessaging.dll
0x00007ffe193e0000 - 0x00007ffe1973e000 	C:\Windows\System32\CoreUIComponents.dll
0x00007ffe1c9a0000 - 0x00007ffe1c9d3000 	C:\Windows\SYSTEM32\ntmarta.dll
0x00007ffe18400000 - 0x00007ffe18554000 	C:\Windows\SYSTEM32\wintypes.dll
0x00007ffe15250000 - 0x00007ffe15289000 	C:\Program Files\Java\jdk-11.0.16.1\bin\jpcap.dll
0x00007ffe151c0000 - 0x00007ffe15241000 	C:\Windows\SYSTEM32\wpcap.dll
0x00007ffe1ba10000 - 0x00007ffe1ba4b000 	C:\Windows\SYSTEM32\IPHLPAPI.DLL
0x00007ffe15180000 - 0x00007ffe151b8000 	C:\Windows\SYSTEM32\packet.dll
0x00007ffe1e910000 - 0x00007ffe1e918000 	C:\Windows\System32\NSI.dll
0x00007ffe12ad0000 - 0x00007ffe12ae7000 	C:\Windows\SYSTEM32\dhcpcsvc6.DLL
0x00007ffe12ab0000 - 0x00007ffe12acd000 	C:\Windows\SYSTEM32\dhcpcsvc.DLL
0x00007ffdfaed0000 - 0x00007ffdfaf80000 	C:\Windows\WinSxS\amd64_microsoft.windows.common-controls_6595b64144ccf1df_5.82.19041.1110_none_792d1c772443f647\comctl32.dll
0x00007ffe14460000 - 0x00007ffe14556000 	C:\Windows\SYSTEM32\PROPSYS.dll
0x00007ffdfc620000 - 0x00007ffdfc637000 	C:\Windows\system32\NetworkExplorer.dll
0x00000166224b0000 - 0x00000166224fe000 	C:\Windows\System32\CFGMGR32.dll
0x00007ffdf10c0000 - 0x00007ffdf10dd000 	C:\Windows\SYSTEM32\MPR.dll
0x00007ffe15170000 - 0x00007ffe1517b000 	C:\Windows\System32\drprov.dll
0x00007ffe1b330000 - 0x00007ffe1b394000 	C:\Windows\System32\WINSTA.dll
0x00007ffe14a70000 - 0x00007ffe14a90000 	C:\Windows\System32\ntlanman.dll
0x00007ffe14a50000 - 0x00007ffe14a6e000 	C:\Windows\System32\davclnt.dll
0x00007ffe14a40000 - 0x00007ffe14a4d000 	C:\Windows\System32\DAVHLPR.dll
0x00007ffe1bf00000 - 0x00007ffe1bf19000 	C:\Windows\System32\wkscli.dll
0x00007ffe0b380000 - 0x00007ffe0b392000 	C:\Windows\SYSTEM32\cscapi.dll
0x00007ffe1bb20000 - 0x00007ffe1bb2c000 	C:\Windows\System32\netutils.dll
0x00007ffe062e0000 - 0x00007ffe06336000 	C:\Windows\System32\dlnashext.dll
0x00007ffe06270000 - 0x00007ffe062d4000 	C:\Windows\System32\PlayToDevice.dll
0x00007ffe03de0000 - 0x00007ffe03e00000 	C:\Windows\System32\DevDispItemProvider.dll
0x00007ffe0ad90000 - 0x00007ffe0ae15000 	C:\Windows\System32\MMDevApi.dll
0x00007ffe1ca00000 - 0x00007ffe1ca2c000 	C:\Windows\System32\DEVOBJ.dll
0x00007ffdf9f10000 - 0x00007ffdfa092000 	C:\Windows\SYSTEM32\AudioSes.dll
0x00007ffe1c870000 - 0x00007ffe1c8bb000 	C:\Windows\SYSTEM32\powrprof.dll
0x00007ffe1c3f0000 - 0x00007ffe1c402000 	C:\Windows\SYSTEM32\UMPDC.dll
0x00007ffe05bc0000 - 0x00007ffe05c61000 	C:\Windows\system32\wpdshext.dll
0x00007ffdf2490000 - 0x00007ffdf2635000 	C:\Windows\WinSxS\amd64_microsoft.windows.gdiplus_6595b64144ccf1df_1.1.19041.2251_none_91a40448cc8846c1\gdiplus.dll
0x00007ffe12990000 - 0x00007ffe12a33000 	C:\Windows\System32\PortableDeviceApi.dll
0x0000016624d50000 - 0x00000166251b8000 	C:\Windows\System32\SETUPAPI.dll
0x00007ffe1d3d0000 - 0x00007ffe1d43a000 	C:\Windows\System32\WINTRUST.dll
0x00007ffe1d440000 - 0x00007ffe1d596000 	C:\Windows\System32\CRYPT32.dll
0x00007ffe1c410000 - 0x00007ffe1c422000 	C:\Windows\System32\MSASN1.dll
0x00007ffde1e80000 - 0x00007ffde1eb7000 	C:\Windows\System32\EhStorShell.dll
0x00007ffe14190000 - 0x00007ffe141b6000 	C:\Windows\System32\EhStorAPI.dll
0x00007ffe146d0000 - 0x00007ffe146e4000 	C:\Windows\System32\WTSAPI32.dll
0x00007ffdfcb90000 - 0x00007ffdfcb9d000 	C:\Windows\SYSTEM32\LINKINFO.dll

dbghelp: loaded successfully - version: 4.0.5 - missing functions: none
symbol engine: initialized successfully - sym options: 0x614 - pdb path: .;C:\Program Files\Java\jdk-11.0.16.1\bin;C:\Windows\SYSTEM32;C:\Windows\WinSxS\amd64_microsoft.windows.common-controls_6595b64144ccf1df_6.0.19041.1110_none_60b5254171f9507e;C:\Program Files\Java\jdk-11.0.16.1\bin\server;C:\ProgramData\A-Volute\DellInc.AlienwareSoundCenter\Modules\ScheduledModules\x64;C:\Windows\WinSxS\amd64_microsoft.windows.common-controls_6595b64144ccf1df_5.82.19041.1110_none_792d1c772443f647;C:\Windows\WinSxS\amd64_microsoft.windows.gdiplus_6595b64144ccf1df_1.1.19041.2251_none_91a40448cc8846c1

VM Arguments:
jvm_args: -Dfile.encoding=UTF-8 
java_command: PacketSniffer.Sniffer
java_class_path (initial): C:\Users\TEJASS\Desktop\Packet_Sniffer-master\Packet Capture + Example\jars\dev-classes_net.ultrametrics-0.03.jar;C:\Users\TEJASS\Desktop\Packet_Sniffer-master\Packet Capture + Example\jars\fooware_CommandLine-1.0.jar;C:\Users\TEJASS\Desktop\Packet_Sniffer-master\Packet Capture + Example\jars\javadoc_net.sourceforge.jpcap-0.01.16.jar;C:\Users\TEJASS\Desktop\Packet_Sniffer-master\Packet Capture + Example\jars\net.sourceforge.jpcap-0.01.16.jar;C:\Users\TEJASS\Downloads\jpcap.jar;C:\Users\TEJASS\Desktop\Packet_Sniffer-master\build\classes
Launcher Type: SUN_STANDARD

[Global flags]
     intx CICompilerCount                          = 4                                         {product} {ergonomic}
     uint ConcGCThreads                            = 3                                         {product} {ergonomic}
     uint G1ConcRefinementThreads                  = 10                                        {product} {ergonomic}
   size_t G1HeapRegionSize                         = 1048576                                   {product} {ergonomic}
    uintx GCDrainStackTargetSize                   = 64                                        {product} {ergonomic}
   size_t InitialHeapSize                          = 266338304                                 {product} {ergonomic}
   size_t MarkStackSize                            = 4194304                                   {product} {ergonomic}
   size_t MaxHeapSize                              = 4242538496                                {product} {ergonomic}
   size_t MaxNewSize                               = 2544893952                                {product} {ergonomic}
   size_t MinHeapDeltaBytes                        = 1048576                                   {product} {ergonomic}
    uintx NonNMethodCodeHeapSize                   = 5836300                                {pd product} {ergonomic}
    uintx NonProfiledCodeHeapSize                  = 122910970                              {pd product} {ergonomic}
    uintx ProfiledCodeHeapSize                     = 122910970                              {pd product} {ergonomic}
    uintx ReservedCodeCacheSize                    = 251658240                              {pd product} {ergonomic}
     bool SegmentedCodeCache                       = true                                      {product} {ergonomic}
     bool UseCompressedClassPointers               = true                                 {lp64_product} {ergonomic}
     bool UseCompressedOops                        = true                                 {lp64_product} {ergonomic}
     bool UseG1GC                                  = true                                      {product} {ergonomic}
     bool UseLargePagesIndividualAllocation        = false                                  {pd product} {ergonomic}

Logging:
Log output configuration:
 #0: stdout all=warning uptime,level,tags
 #1: stderr all=off uptime,level,tags

Environment Variables:
PATH=C:\Program Files\Common Files\Oracle\Java\javapath;D:\WINDOWS.X64_193000_db_home\bin;C:\oraclexe\app\oracle\product\11.2.0\server\bin;;C:\Windows\system32;C:\Windows;C:\Windows\System32\Wbem;C:\Windows\System32\WindowsPowerShell\v1.0\;C:\Windows\System32\OpenSSH\;C:\Program Files (x86)\NVIDIA Corporation\PhysX\Common;C:\Program Files\NVIDIA Corporation\NVIDIA NvDLISR;C:\Program Files\dotnet\;C:\TDM-GCC-32\bin;C:\Android;C:\Windows\system32;C:\Windows;C:\Windows\System32\Wbem;C:\Windows\System32\WindowsPowerShell\v1.0\;C:\Windows\System32\OpenSSH\;C:\Program Files (x86)\NVIDIA Corporation\PhysX\Common;C:\Program Files\NVIDIA Corporation\NVIDIA NvDLISR;C:\Program Files (x86)\dotnet\;C:\Program Files\dotnet\;C:\TDM-GCC-32\bin;C:\Android;C:\Users\TEJASS\AppData\Local\Microsoft\WindowsApps;C:\Users\TEJASS\AppData\Local\Programs\Microsoft VS Code\bin;C:\Python37\Scripts
USERNAME=TEJASS
OS=Windows_NT
PROCESSOR_IDENTIFIER=Intel64 Family 6 Model 165 Stepping 2, GenuineIntel



---------------  S Y S T E M  ---------------

OS: Windows 10 , 64 bit Build 19041 (10.0.19041.2251)

CPU:total 12 (initial active 12) (6 cores per cpu, 2 threads per core) family 6 model 165 stepping 2 microcode 0xf0, cmov, cx8, fxsr, mmx, sse, sse2, sse3, ssse3, sse4.1, sse4.2, popcnt, avx, avx2, aes, clmul, erms, 3dnowpref, lzcnt, ht, tsc, tscinvbit, bmi1, bmi2, adx, fma

Memory: 4k page, system-wide physical 16177M (8015M free)
TotalPageFile size 24881M (AvailPageFile size 14562M)
current process WorkingSet (physical memory assigned to process): 108M, peak: 108M
current process commit charge ("private bytes"): 377M, peak: 382M

vm_info: Java HotSpot(TM) 64-Bit Server VM (11.0.16.1+1-LTS-1) for windows-amd64 JRE (11.0.16.1+1-LTS-1), built on Aug 16 2022 01:46:01 by "mach5one" with MS VC++ 15.9 (VS2017)

END.
