#
# A fatal error has been detected by the Java Runtime Environment:
#
#  EXCEPTION_ACCESS_VIOLATION (0xc0000005) at pc=0x00007ffdaf3fe9e0, pid=27096, tid=29488
#
# JRE version: Java(TM) SE Runtime Environment 18.9 (11.0.16.1+1) (build 11.0.16.1+1-LTS-1)
# Java VM: Java HotSpot(TM) 64-Bit Server VM 18.9 (11.0.16.1+1-LTS-1, mixed mode, tiered, compressed oops, g1 gc, windows-amd64)
# Problematic frame:
# V  [jvm.dll+0xfe9e0]
#
# No core dump will be written. Minidumps are not enabled by default on client versions of Windows
#
# If you would like to submit a bug report, please visit:
#   https://bugreport.java.com/bugreport/crash.jsp
#

---------------  S U M M A R Y ------------

Command Line: -Dfile.encoding=UTF-8 PacketSniffer.Sniffer

Host: Intel(R) Core(TM) i7-10750H CPU @ 2.60GHz, 12 cores, 15G,  Windows 10 , 64 bit Build 19041 (10.0.19041.2251)
Time: Wed Nov 30 14:36:27 2022 India Standard Time elapsed time: 29.936072 seconds (0d 0h 0m 29s)

---------------  T H R E A D  ---------------

Current thread (0x000001e3847ea000):  JavaThread "AWT-EventQueue-0" [_thread_in_vm, id=29488, stack(0x0000003e71200000,0x0000003e71300000)]

Stack: [0x0000003e71200000,0x0000003e71300000],  sp=0x0000003e712faae8,  free space=1002k
Native frames: (J=compiled Java code, j=interpreted, Vv=VM code, C=native code)
V  [jvm.dll+0xfe9e0]

Java frames: (J=compiled Java code, j=interpreted, Vv=VM code)
j  jpcap.JpcapCaptor.setFilter(Ljava/lang/String;Z)V+0
j  PacketSniffer.Sniffer$14.actionPerformed(Ljava/awt/event/ActionEvent;)V+47
j  java.awt.AWTEventMulticaster.actionPerformed(Ljava/awt/event/ActionEvent;)V+21 java.desktop@11.0.16.1
j  java.awt.Button.processActionEvent(Ljava/awt/event/ActionEvent;)V+11 java.desktop@11.0.16.1
j  java.awt.Button.processEvent(Ljava/awt/AWTEvent;)V+12 java.desktop@11.0.16.1
J 1244 c1 java.awt.Component.dispatchEventImpl(Ljava/awt/AWTEvent;)V java.desktop@11.0.16.1 (777 bytes) @ 0x000001e3e7aae084 [0x000001e3e7aaa0a0+0x0000000000003fe4]
J 1242 c1 java.awt.EventQueue.dispatchEventImpl(Ljava/awt/AWTEvent;Ljava/lang/Object;)V java.desktop@11.0.16.1 (136 bytes) @ 0x000001e3e7aa788c [0x000001e3e7aa73a0+0x00000000000004ec]
J 1241 c1 java.awt.EventQueue$4.run()Ljava/lang/Void; java.desktop@11.0.16.1 (60 bytes) @ 0x000001e3e7aa6cc4 [0x000001e3e7aa6b80+0x0000000000000144]
J 1240 c1 java.awt.EventQueue$4.run()Ljava/lang/Object; java.desktop@11.0.16.1 (5 bytes) @ 0x000001e3e7aa6844 [0x000001e3e7aa67c0+0x0000000000000084]
v  ~StubRoutines::call_stub
J 1039  java.security.AccessController.doPrivileged(Ljava/security/PrivilegedAction;Ljava/security/AccessControlContext;)Ljava/lang/Object; java.base@11.0.16.1 (0 bytes) @ 0x000001e3eee207b6 [0x000001e3eee20740+0x0000000000000076]
J 1287 c1 java.awt.EventQueue$5.run()Ljava/lang/Object; java.desktop@11.0.16.1 (5 bytes) @ 0x000001e3e7aeca9c [0x000001e3e7aec740+0x000000000000035c]
v  ~StubRoutines::call_stub
J 1039  java.security.AccessController.doPrivileged(Ljava/security/PrivilegedAction;Ljava/security/AccessControlContext;)Ljava/lang/Object; java.base@11.0.16.1 (0 bytes) @ 0x000001e3eee207b6 [0x000001e3eee20740+0x0000000000000076]
J 1199 c1 java.awt.EventQueue.dispatchEvent(Ljava/awt/AWTEvent;)V java.desktop@11.0.16.1 (80 bytes) @ 0x000001e3e7a8f4fc [0x000001e3e7a8e9a0+0x0000000000000b5c]
J 1208 c1 java.awt.EventDispatchThread.pumpOneEventForFilters(I)V java.desktop@11.0.16.1 (113 bytes) @ 0x000001e3e7a96ce4 [0x000001e3e7a96580+0x0000000000000764]
j  java.awt.EventDispatchThread.pumpEventsForFilter(ILjava/awt/Conditional;Ljava/awt/EventFilter;)V+35 java.desktop@11.0.16.1
j  java.awt.EventDispatchThread.pumpEventsForHierarchy(ILjava/awt/Conditional;Ljava/awt/Component;)V+11 java.desktop@11.0.16.1
j  java.awt.EventDispatchThread.pumpEvents(ILjava/awt/Conditional;)V+4 java.desktop@11.0.16.1
j  java.awt.EventDispatchThread.pumpEvents(Ljava/awt/Conditional;)V+3 java.desktop@11.0.16.1
j  java.awt.EventDispatchThread.run()V+9 java.desktop@11.0.16.1
v  ~StubRoutines::call_stub

siginfo: EXCEPTION_ACCESS_VIOLATION (0xc0000005), reading address 0x0000000000000000


Register to memory mapping:

RIP=0x00007ffdaf3fe9e0 jvm.dll
RAX=0x0 is NULL
RBX=0x000001e3847ea000 is a thread
RCX=0x0 is NULL
RDX=0x0000000000000006 is an unknown value
RSP=0x0000003e712faae8 is pointing into the stack for thread: 0x000001e3847ea000
RBP=0x000001e3847ea000 is a thread
RSI=0x0 is NULL
RDI=0x0 is NULL
R8 =0x0 is NULL
R9 =0x0000000000000001 is an unknown value
R10=0x000001e3e730f348 is at code_begin+1000 in an Interpreter codelet
method entry point (kind = native)  [0x000001e3e730ef60, 0x000001e3e730fa00]  2720 bytes
R11=0x0000000000000101 is an unknown value
R12=0x0 is NULL
R13=0x000001e386d40998 is pointing into metadata
R14=0x000001e3847ea300 points into unknown readable memory: 0x0000000023b70e74 | 74 0e b7 23 00 00 00 00
R15=0x0 is NULL


Registers:
RAX=0x0000000000000000, RBX=0x000001e3847ea000, RCX=0x0000000000000000, RDX=0x0000000000000006
RSP=0x0000003e712faae8, RBP=0x000001e3847ea000, RSI=0x0000000000000000, RDI=0x0000000000000000
R8 =0x0000000000000000, R9 =0x0000000000000001, R10=0x000001e3e730f348, R11=0x0000000000000101
R12=0x0000000000000000, R13=0x000001e386d40998, R14=0x000001e3847ea300, R15=0x0000000000000000
RIP=0x00007ffdaf3fe9e0, EFLAGS=0x0000000000010246

Top of Stack: (sp=0x0000003e712faae8)
0x0000003e712faae8:   00007ffdaf69fa1b 000001e3847ea000
0x0000003e712faaf8:   000001e3ff5d0cf0 000001e3847ea000
0x0000003e712fab08:   0000000000000000 000001e3847ea000
0x0000003e712fab18:   0000000000000000 000001e385c9c160
0x0000003e712fab28:   00007ffe1f5747b1 000001e385c9c160
0x0000003e712fab38:   000001e3de140000 0000003e712fabf8
0x0000003e712fab48:   0000000000000000 0000000000000000
0x0000003e712fab58:   0000000000000000 000001e3847ea000
0x0000003e712fab68:   000001e3847ea348 0000003e712fb4c0
0x0000003e712fab78:   00007ffe15251ffe 000001e386d409a0
0x0000003e712fab88:   0000000000000000 0000000000000001
0x0000003e712fab98:   00007ffdaf261597 00007ffe15250000
0x0000003e712faba8:   00007ffe00000000 0000003e712fabf8
0x0000003e712fabb8:   000001e385c9c160 000000000000071b
0x0000003e712fabc8:   000001e3eee07b1b 000001e3ff7d28c0
0x0000003e712fabd8:   0000003e712fac30 000000000000000b 

Instructions: (pc=0x00007ffdaf3fe9e0)
0x00007ffdaf3fe9c0:   ff e0 cc cc cc cc cc cc cc cc cc cc cc cc cc cc
0x00007ffdaf3fe9d0:   8b 05 32 e5 8f 00 c3 cc cc cc cc cc cc cc cc cc
0x00007ffdaf3fe9e0:   48 8b 01 c3 cc cc cc cc cc cc cc cc cc cc cc cc
0x00007ffdaf3fe9f0:   8b 01 85 c0 75 03 33 c0 c3 8b 0d 09 e5 8f 00 48 


Stack slot to memory mapping:
stack at sp + 0 slots: 0x00007ffdaf69fa1b jvm.dll
stack at sp + 1 slots: 0x000001e3847ea000 is a thread
stack at sp + 2 slots: {method} {0x000001e3ff5d0cf8} '<init>' '([Ljava/util/concurrent/ConcurrentHashMap$Node;IIILjava/util/concurrent/ConcurrentHashMap;)V' in 'java/util/concurrent/ConcurrentHashMap$BaseIterator'
stack at sp + 3 slots: 0x000001e3847ea000 is a thread
stack at sp + 4 slots: 0x0 is NULL
stack at sp + 5 slots: 0x000001e3847ea000 is a thread
stack at sp + 6 slots: 0x0 is NULL
stack at sp + 7 slots: 0x000001e385c9c160 points into unknown readable memory: 0x63706a5f6176614a | 4a 61 76 61 5f 6a 70 63


---------------  P R O C E S S  ---------------

Threads class SMR info:
_java_thread_list=0x000001e385c9bb30, length=16, elements={
0x000001e3ff42e000, 0x000001e383fca000, 0x000001e38401e800, 0x000001e38401f800,
0x000001e384020800, 0x000001e384028000, 0x000001e384029000, 0x000001e38402d800,
0x000001e3841c1800, 0x000001e3845e3000, 0x000001e3845e6800, 0x000001e3845e9800,
0x000001e3847ea000, 0x000001e3dfc44000, 0x000001e385e1e800, 0x000001e384083800
}

Java Threads: ( => current thread )
  0x000001e3ff42e000 JavaThread "Reference Handler" daemon [_thread_blocked, id=11364, stack(0x0000003e70400000,0x0000003e70500000)]
  0x000001e383fca000 JavaThread "Finalizer" daemon [_thread_blocked, id=17820, stack(0x0000003e70500000,0x0000003e70600000)]
  0x000001e38401e800 JavaThread "Signal Dispatcher" daemon [_thread_blocked, id=20604, stack(0x0000003e70600000,0x0000003e70700000)]
  0x000001e38401f800 JavaThread "Attach Listener" daemon [_thread_blocked, id=26456, stack(0x0000003e70700000,0x0000003e70800000)]
  0x000001e384020800 JavaThread "Service Thread" daemon [_thread_blocked, id=28988, stack(0x0000003e70800000,0x0000003e70900000)]
  0x000001e384028000 JavaThread "C2 CompilerThread0" daemon [_thread_blocked, id=13000, stack(0x0000003e70900000,0x0000003e70a00000)]
  0x000001e384029000 JavaThread "C1 CompilerThread0" daemon [_thread_blocked, id=25756, stack(0x0000003e70a00000,0x0000003e70b00000)]
  0x000001e38402d800 JavaThread "Sweeper thread" daemon [_thread_blocked, id=25584, stack(0x0000003e70b00000,0x0000003e70c00000)]
  0x000001e3841c1800 JavaThread "Common-Cleaner" daemon [_thread_blocked, id=27032, stack(0x0000003e70d00000,0x0000003e70e00000)]
  0x000001e3845e3000 JavaThread "Java2D Disposer" daemon [_thread_blocked, id=14156, stack(0x0000003e70e00000,0x0000003e70f00000)]
  0x000001e3845e6800 JavaThread "AWT-Shutdown" [_thread_blocked, id=21304, stack(0x0000003e70f00000,0x0000003e71000000)]
  0x000001e3845e9800 JavaThread "AWT-Windows" daemon [_thread_in_native, id=14900, stack(0x0000003e71000000,0x0000003e71100000)]
=>0x000001e3847ea000 JavaThread "AWT-EventQueue-0" [_thread_in_vm, id=29488, stack(0x0000003e71200000,0x0000003e71300000)]
  0x000001e3dfc44000 JavaThread "DestroyJavaVM" [_thread_blocked, id=27460, stack(0x0000003e6fd00000,0x0000003e6fe00000)]
  0x000001e385e1e800 JavaThread "TimerQueue" daemon [_thread_blocked, id=13296, stack(0x0000003e71100000,0x0000003e71200000)]
  0x000001e384083800 JavaThread "Thread-0" [_thread_in_native, id=24252, stack(0x0000003e71700000,0x0000003e71800000)]

Other Threads:
  0x000001e3ff42c000 VMThread "VM Thread" [stack: 0x0000003e70300000,0x0000003e70400000] [id=17588]
  0x000001e3841bd800 WatcherThread [stack: 0x0000003e70c00000,0x0000003e70d00000] [id=19052]
  0x000001e3dfc5b800 GCTaskThread "GC Thread#0" [stack: 0x0000003e6fe00000,0x0000003e6ff00000] [id=15276]
  0x000001e3dfcb8000 ConcurrentGCThread "G1 Main Marker" [stack: 0x0000003e6ff00000,0x0000003e70000000] [id=22040]
  0x000001e3dfcb9800 ConcurrentGCThread "G1 Conc#0" [stack: 0x0000003e70000000,0x0000003e70100000] [id=15092]
  0x000001e3ff312800 ConcurrentGCThread "G1 Refine#0" [stack: 0x0000003e70100000,0x0000003e70200000] [id=16484]
  0x000001e3ff313800 ConcurrentGCThread "G1 Young RemSet Sampling" [stack: 0x0000003e70200000,0x0000003e70300000] [id=26508]

Threads with active compile tasks:

VM state:not at safepoint (normal execution)

VM Mutex/Monitor currently owned by a thread: None

Heap address: 0x0000000703200000, size: 4046 MB, Compressed Oops mode: Zero based, Oop shift amount: 3
Narrow klass base: 0x0000000800000000, Narrow klass shift: 0
Compressed class space size: 1073741824 Address: 0x0000000800000000

Heap:
 garbage-first heap   total 260096K, used 16384K [0x0000000703200000, 0x0000000800000000)
  region size 1024K, 14 young (14336K), 0 survivors (0K)
 Metaspace       used 17089K, capacity 17506K, committed 17792K, reserved 1064960K
  class space    used 1884K, capacity 2085K, committed 2176K, reserved 1048576K
Heap Regions: E=young(eden), S=young(survivor), O=old, HS=humongous(starts), HC=humongous(continues), CS=collection set, F=free, A=archive, TAMS=top-at-mark-start (previous, next)
|   0|0x0000000703200000, 0x0000000703300000, 0x0000000703300000|100%|HS|  |TAMS 0x0000000703200000, 0x0000000703200000| Complete 
|   1|0x0000000703300000, 0x0000000703400000, 0x0000000703400000|100%|HC|  |TAMS 0x0000000703300000, 0x0000000703300000| Complete 
|   2|0x0000000703400000, 0x0000000703500000, 0x0000000703500000|100%|HC|  |TAMS 0x0000000703400000, 0x0000000703400000| Complete 
|   3|0x0000000703500000, 0x0000000703500000, 0x0000000703600000|  0%| F|  |TAMS 0x0000000703500000, 0x0000000703500000| Untracked 
|   4|0x0000000703600000, 0x0000000703600000, 0x0000000703700000|  0%| F|  |TAMS 0x0000000703600000, 0x0000000703600000| Untracked 
|   5|0x0000000703700000, 0x0000000703700000, 0x0000000703800000|  0%| F|  |TAMS 0x0000000703700000, 0x0000000703700000| Untracked 
|   6|0x0000000703800000, 0x0000000703800000, 0x0000000703900000|  0%| F|  |TAMS 0x0000000703800000, 0x0000000703800000| Untracked 
|   7|0x0000000703900000, 0x0000000703900000, 0x0000000703a00000|  0%| F|  |TAMS 0x0000000703900000, 0x0000000703900000| Untracked 
|   8|0x0000000703a00000, 0x0000000703a00000, 0x0000000703b00000|  0%| F|  |TAMS 0x0000000703a00000, 0x0000000703a00000| Untracked 
|   9|0x0000000703b00000, 0x0000000703b00000, 0x0000000703c00000|  0%| F|  |TAMS 0x0000000703b00000, 0x0000000703b00000| Untracked 
|  10|0x0000000703c00000, 0x0000000703c00000, 0x0000000703d00000|  0%| F|  |TAMS 0x0000000703c00000, 0x0000000703c00000| Untracked 
|  11|0x0000000703d00000, 0x0000000703d00000, 0x0000000703e00000|  0%| F|  |TAMS 0x0000000703d00000, 0x0000000703d00000| Untracked 
|  12|0x0000000703e00000, 0x0000000703e00000, 0x0000000703f00000|  0%| F|  |TAMS 0x0000000703e00000, 0x0000000703e00000| Untracked 
|  13|0x0000000703f00000, 0x0000000703f00000, 0x0000000704000000|  0%| F|  |TAMS 0x0000000703f00000, 0x0000000703f00000| Untracked 
|  14|0x0000000704000000, 0x0000000704000000, 0x0000000704100000|  0%| F|  |TAMS 0x0000000704000000, 0x0000000704000000| Untracked 
|  15|0x0000000704100000, 0x0000000704100000, 0x0000000704200000|  0%| F|  |TAMS 0x0000000704100000, 0x0000000704100000| Untracked 
|  16|0x0000000704200000, 0x0000000704200000, 0x0000000704300000|  0%| F|  |TAMS 0x0000000704200000, 0x0000000704200000| Untracked 
|  17|0x0000000704300000, 0x0000000704300000, 0x0000000704400000|  0%| F|  |TAMS 0x0000000704300000, 0x0000000704300000| Untracked 
|  18|0x0000000704400000, 0x0000000704400000, 0x0000000704500000|  0%| F|  |TAMS 0x0000000704400000, 0x0000000704400000| Untracked 
|  19|0x0000000704500000, 0x0000000704500000, 0x0000000704600000|  0%| F|  |TAMS 0x0000000704500000, 0x0000000704500000| Untracked 
|  20|0x0000000704600000, 0x0000000704600000, 0x0000000704700000|  0%| F|  |TAMS 0x0000000704600000, 0x0000000704600000| Untracked 
|  21|0x0000000704700000, 0x0000000704700000, 0x0000000704800000|  0%| F|  |TAMS 0x0000000704700000, 0x0000000704700000| Untracked 
|  22|0x0000000704800000, 0x0000000704800000, 0x0000000704900000|  0%| F|  |TAMS 0x0000000704800000, 0x0000000704800000| Untracked 
|  23|0x0000000704900000, 0x0000000704900000, 0x0000000704a00000|  0%| F|  |TAMS 0x0000000704900000, 0x0000000704900000| Untracked 
|  24|0x0000000704a00000, 0x0000000704a00000, 0x0000000704b00000|  0%| F|  |TAMS 0x0000000704a00000, 0x0000000704a00000| Untracked 
|  25|0x0000000704b00000, 0x0000000704b00000, 0x0000000704c00000|  0%| F|  |TAMS 0x0000000704b00000, 0x0000000704b00000| Untracked 
|  26|0x0000000704c00000, 0x0000000704c00000, 0x0000000704d00000|  0%| F|  |TAMS 0x0000000704c00000, 0x0000000704c00000| Untracked 
|  27|0x0000000704d00000, 0x0000000704d00000, 0x0000000704e00000|  0%| F|  |TAMS 0x0000000704d00000, 0x0000000704d00000| Untracked 
|  28|0x0000000704e00000, 0x0000000704e00000, 0x0000000704f00000|  0%| F|  |TAMS 0x0000000704e00000, 0x0000000704e00000| Untracked 
|  29|0x0000000704f00000, 0x0000000704f00000, 0x0000000705000000|  0%| F|  |TAMS 0x0000000704f00000, 0x0000000704f00000| Untracked 
|  30|0x0000000705000000, 0x0000000705000000, 0x0000000705100000|  0%| F|  |TAMS 0x0000000705000000, 0x0000000705000000| Untracked 
|  31|0x0000000705100000, 0x0000000705100000, 0x0000000705200000|  0%| F|  |TAMS 0x0000000705100000, 0x0000000705100000| Untracked 
|  32|0x0000000705200000, 0x0000000705200000, 0x0000000705300000|  0%| F|  |TAMS 0x0000000705200000, 0x0000000705200000| Untracked 
|  33|0x0000000705300000, 0x0000000705300000, 0x0000000705400000|  0%| F|  |TAMS 0x0000000705300000, 0x0000000705300000| Untracked 
|  34|0x0000000705400000, 0x0000000705400000, 0x0000000705500000|  0%| F|  |TAMS 0x0000000705400000, 0x0000000705400000| Untracked 
|  35|0x0000000705500000, 0x0000000705500000, 0x0000000705600000|  0%| F|  |TAMS 0x0000000705500000, 0x0000000705500000| Untracked 
|  36|0x0000000705600000, 0x0000000705600000, 0x0000000705700000|  0%| F|  |TAMS 0x0000000705600000, 0x0000000705600000| Untracked 
|  37|0x0000000705700000, 0x0000000705700000, 0x0000000705800000|  0%| F|  |TAMS 0x0000000705700000, 0x0000000705700000| Untracked 
|  38|0x0000000705800000, 0x0000000705800000, 0x0000000705900000|  0%| F|  |TAMS 0x0000000705800000, 0x0000000705800000| Untracked 
|  39|0x0000000705900000, 0x0000000705900000, 0x0000000705a00000|  0%| F|  |TAMS 0x0000000705900000, 0x0000000705900000| Untracked 
|  40|0x0000000705a00000, 0x0000000705a00000, 0x0000000705b00000|  0%| F|  |TAMS 0x0000000705a00000, 0x0000000705a00000| Untracked 
|  41|0x0000000705b00000, 0x0000000705b00000, 0x0000000705c00000|  0%| F|  |TAMS 0x0000000705b00000, 0x0000000705b00000| Untracked 
|  42|0x0000000705c00000, 0x0000000705c00000, 0x0000000705d00000|  0%| F|  |TAMS 0x0000000705c00000, 0x0000000705c00000| Untracked 
|  43|0x0000000705d00000, 0x0000000705d00000, 0x0000000705e00000|  0%| F|  |TAMS 0x0000000705d00000, 0x0000000705d00000| Untracked 
|  44|0x0000000705e00000, 0x0000000705e00000, 0x0000000705f00000|  0%| F|  |TAMS 0x0000000705e00000, 0x0000000705e00000| Untracked 
|  45|0x0000000705f00000, 0x0000000705f00000, 0x0000000706000000|  0%| F|  |TAMS 0x0000000705f00000, 0x0000000705f00000| Untracked 
|  46|0x0000000706000000, 0x0000000706000000, 0x0000000706100000|  0%| F|  |TAMS 0x0000000706000000, 0x0000000706000000| Untracked 
|  47|0x0000000706100000, 0x0000000706100000, 0x0000000706200000|  0%| F|  |TAMS 0x0000000706100000, 0x0000000706100000| Untracked 
|  48|0x0000000706200000, 0x0000000706200000, 0x0000000706300000|  0%| F|  |TAMS 0x0000000706200000, 0x0000000706200000| Untracked 
|  49|0x0000000706300000, 0x0000000706300000, 0x0000000706400000|  0%| F|  |TAMS 0x0000000706300000, 0x0000000706300000| Untracked 
|  50|0x0000000706400000, 0x0000000706400000, 0x0000000706500000|  0%| F|  |TAMS 0x0000000706400000, 0x0000000706400000| Untracked 
|  51|0x0000000706500000, 0x0000000706500000, 0x0000000706600000|  0%| F|  |TAMS 0x0000000706500000, 0x0000000706500000| Untracked 
|  52|0x0000000706600000, 0x0000000706600000, 0x0000000706700000|  0%| F|  |TAMS 0x0000000706600000, 0x0000000706600000| Untracked 
|  53|0x0000000706700000, 0x0000000706700000, 0x0000000706800000|  0%| F|  |TAMS 0x0000000706700000, 0x0000000706700000| Untracked 
|  54|0x0000000706800000, 0x0000000706800000, 0x0000000706900000|  0%| F|  |TAMS 0x0000000706800000, 0x0000000706800000| Untracked 
|  55|0x0000000706900000, 0x0000000706900000, 0x0000000706a00000|  0%| F|  |TAMS 0x0000000706900000, 0x0000000706900000| Untracked 
|  56|0x0000000706a00000, 0x0000000706a00000, 0x0000000706b00000|  0%| F|  |TAMS 0x0000000706a00000, 0x0000000706a00000| Untracked 
|  57|0x0000000706b00000, 0x0000000706b00000, 0x0000000706c00000|  0%| F|  |TAMS 0x0000000706b00000, 0x0000000706b00000| Untracked 
|  58|0x0000000706c00000, 0x0000000706c00000, 0x0000000706d00000|  0%| F|  |TAMS 0x0000000706c00000, 0x0000000706c00000| Untracked 
|  59|0x0000000706d00000, 0x0000000706d00000, 0x0000000706e00000|  0%| F|  |TAMS 0x0000000706d00000, 0x0000000706d00000| Untracked 
|  60|0x0000000706e00000, 0x0000000706e00000, 0x0000000706f00000|  0%| F|  |TAMS 0x0000000706e00000, 0x0000000706e00000| Untracked 
|  61|0x0000000706f00000, 0x0000000706f00000, 0x0000000707000000|  0%| F|  |TAMS 0x0000000706f00000, 0x0000000706f00000| Untracked 
|  62|0x0000000707000000, 0x0000000707000000, 0x0000000707100000|  0%| F|  |TAMS 0x0000000707000000, 0x0000000707000000| Untracked 
|  63|0x0000000707100000, 0x0000000707100000, 0x0000000707200000|  0%| F|  |TAMS 0x0000000707100000, 0x0000000707100000| Untracked 
|  64|0x0000000707200000, 0x0000000707200000, 0x0000000707300000|  0%| F|  |TAMS 0x0000000707200000, 0x0000000707200000| Untracked 
|  65|0x0000000707300000, 0x0000000707300000, 0x0000000707400000|  0%| F|  |TAMS 0x0000000707300000, 0x0000000707300000| Untracked 
|  66|0x0000000707400000, 0x0000000707400000, 0x0000000707500000|  0%| F|  |TAMS 0x0000000707400000, 0x0000000707400000| Untracked 
|  67|0x0000000707500000, 0x0000000707500000, 0x0000000707600000|  0%| F|  |TAMS 0x0000000707500000, 0x0000000707500000| Untracked 
|  68|0x0000000707600000, 0x0000000707600000, 0x0000000707700000|  0%| F|  |TAMS 0x0000000707600000, 0x0000000707600000| Untracked 
|  69|0x0000000707700000, 0x0000000707700000, 0x0000000707800000|  0%| F|  |TAMS 0x0000000707700000, 0x0000000707700000| Untracked 
|  70|0x0000000707800000, 0x0000000707800000, 0x0000000707900000|  0%| F|  |TAMS 0x0000000707800000, 0x0000000707800000| Untracked 
|  71|0x0000000707900000, 0x0000000707900000, 0x0000000707a00000|  0%| F|  |TAMS 0x0000000707900000, 0x0000000707900000| Untracked 
|  72|0x0000000707a00000, 0x0000000707a00000, 0x0000000707b00000|  0%| F|  |TAMS 0x0000000707a00000, 0x0000000707a00000| Untracked 
|  73|0x0000000707b00000, 0x0000000707b00000, 0x0000000707c00000|  0%| F|  |TAMS 0x0000000707b00000, 0x0000000707b00000| Untracked 
|  74|0x0000000707c00000, 0x0000000707c00000, 0x0000000707d00000|  0%| F|  |TAMS 0x0000000707c00000, 0x0000000707c00000| Untracked 
|  75|0x0000000707d00000, 0x0000000707d00000, 0x0000000707e00000|  0%| F|  |TAMS 0x0000000707d00000, 0x0000000707d00000| Untracked 
|  76|0x0000000707e00000, 0x0000000707e00000, 0x0000000707f00000|  0%| F|  |TAMS 0x0000000707e00000, 0x0000000707e00000| Untracked 
|  77|0x0000000707f00000, 0x0000000707f00000, 0x0000000708000000|  0%| F|  |TAMS 0x0000000707f00000, 0x0000000707f00000| Untracked 
|  78|0x0000000708000000, 0x0000000708000000, 0x0000000708100000|  0%| F|  |TAMS 0x0000000708000000, 0x0000000708000000| Untracked 
|  79|0x0000000708100000, 0x0000000708100000, 0x0000000708200000|  0%| F|  |TAMS 0x0000000708100000, 0x0000000708100000| Untracked 
|  80|0x0000000708200000, 0x0000000708200000, 0x0000000708300000|  0%| F|  |TAMS 0x0000000708200000, 0x0000000708200000| Untracked 
|  81|0x0000000708300000, 0x0000000708300000, 0x0000000708400000|  0%| F|  |TAMS 0x0000000708300000, 0x0000000708300000| Untracked 
|  82|0x0000000708400000, 0x0000000708400000, 0x0000000708500000|  0%| F|  |TAMS 0x0000000708400000, 0x0000000708400000| Untracked 
|  83|0x0000000708500000, 0x0000000708500000, 0x0000000708600000|  0%| F|  |TAMS 0x0000000708500000, 0x0000000708500000| Untracked 
|  84|0x0000000708600000, 0x0000000708600000, 0x0000000708700000|  0%| F|  |TAMS 0x0000000708600000, 0x0000000708600000| Untracked 
|  85|0x0000000708700000, 0x0000000708700000, 0x0000000708800000|  0%| F|  |TAMS 0x0000000708700000, 0x0000000708700000| Untracked 
|  86|0x0000000708800000, 0x0000000708800000, 0x0000000708900000|  0%| F|  |TAMS 0x0000000708800000, 0x0000000708800000| Untracked 
|  87|0x0000000708900000, 0x0000000708900000, 0x0000000708a00000|  0%| F|  |TAMS 0x0000000708900000, 0x0000000708900000| Untracked 
|  88|0x0000000708a00000, 0x0000000708a00000, 0x0000000708b00000|  0%| F|  |TAMS 0x0000000708a00000, 0x0000000708a00000| Untracked 
|  89|0x0000000708b00000, 0x0000000708b00000, 0x0000000708c00000|  0%| F|  |TAMS 0x0000000708b00000, 0x0000000708b00000| Untracked 
|  90|0x0000000708c00000, 0x0000000708c00000, 0x0000000708d00000|  0%| F|  |TAMS 0x0000000708c00000, 0x0000000708c00000| Untracked 
|  91|0x0000000708d00000, 0x0000000708d00000, 0x0000000708e00000|  0%| F|  |TAMS 0x0000000708d00000, 0x0000000708d00000| Untracked 
|  92|0x0000000708e00000, 0x0000000708e00000, 0x0000000708f00000|  0%| F|  |TAMS 0x0000000708e00000, 0x0000000708e00000| Untracked 
|  93|0x0000000708f00000, 0x0000000708f00000, 0x0000000709000000|  0%| F|  |TAMS 0x0000000708f00000, 0x0000000708f00000| Untracked 
|  94|0x0000000709000000, 0x0000000709000000, 0x0000000709100000|  0%| F|  |TAMS 0x0000000709000000, 0x0000000709000000| Untracked 
|  95|0x0000000709100000, 0x0000000709100000, 0x0000000709200000|  0%| F|  |TAMS 0x0000000709100000, 0x0000000709100000| Untracked 
|  96|0x0000000709200000, 0x0000000709200000, 0x0000000709300000|  0%| F|  |TAMS 0x0000000709200000, 0x0000000709200000| Untracked 
|  97|0x0000000709300000, 0x0000000709300000, 0x0000000709400000|  0%| F|  |TAMS 0x0000000709300000, 0x0000000709300000| Untracked 
|  98|0x0000000709400000, 0x0000000709400000, 0x0000000709500000|  0%| F|  |TAMS 0x0000000709400000, 0x0000000709400000| Untracked 
|  99|0x0000000709500000, 0x0000000709500000, 0x0000000709600000|  0%| F|  |TAMS 0x0000000709500000, 0x0000000709500000| Untracked 
| 100|0x0000000709600000, 0x0000000709600000, 0x0000000709700000|  0%| F|  |TAMS 0x0000000709600000, 0x0000000709600000| Untracked 
| 101|0x0000000709700000, 0x0000000709700000, 0x0000000709800000|  0%| F|  |TAMS 0x0000000709700000, 0x0000000709700000| Untracked 
| 102|0x0000000709800000, 0x0000000709800000, 0x0000000709900000|  0%| F|  |TAMS 0x0000000709800000, 0x0000000709800000| Untracked 
| 103|0x0000000709900000, 0x0000000709900000, 0x0000000709a00000|  0%| F|  |TAMS 0x0000000709900000, 0x0000000709900000| Untracked 
| 104|0x0000000709a00000, 0x0000000709a00000, 0x0000000709b00000|  0%| F|  |TAMS 0x0000000709a00000, 0x0000000709a00000| Untracked 
| 105|0x0000000709b00000, 0x0000000709b00000, 0x0000000709c00000|  0%| F|  |TAMS 0x0000000709b00000, 0x0000000709b00000| Untracked 
| 106|0x0000000709c00000, 0x0000000709c00000, 0x0000000709d00000|  0%| F|  |TAMS 0x0000000709c00000, 0x0000000709c00000| Untracked 
| 107|0x0000000709d00000, 0x0000000709d00000, 0x0000000709e00000|  0%| F|  |TAMS 0x0000000709d00000, 0x0000000709d00000| Untracked 
| 108|0x0000000709e00000, 0x0000000709e00000, 0x0000000709f00000|  0%| F|  |TAMS 0x0000000709e00000, 0x0000000709e00000| Untracked 
| 109|0x0000000709f00000, 0x0000000709f00000, 0x000000070a000000|  0%| F|  |TAMS 0x0000000709f00000, 0x0000000709f00000| Untracked 
| 110|0x000000070a000000, 0x000000070a000000, 0x000000070a100000|  0%| F|  |TAMS 0x000000070a000000, 0x000000070a000000| Untracked 
| 111|0x000000070a100000, 0x000000070a100000, 0x000000070a200000|  0%| F|  |TAMS 0x000000070a100000, 0x000000070a100000| Untracked 
| 112|0x000000070a200000, 0x000000070a200000, 0x000000070a300000|  0%| F|  |TAMS 0x000000070a200000, 0x000000070a200000| Untracked 
| 113|0x000000070a300000, 0x000000070a300000, 0x000000070a400000|  0%| F|  |TAMS 0x000000070a300000, 0x000000070a300000| Untracked 
| 114|0x000000070a400000, 0x000000070a400000, 0x000000070a500000|  0%| F|  |TAMS 0x000000070a400000, 0x000000070a400000| Untracked 
| 115|0x000000070a500000, 0x000000070a500000, 0x000000070a600000|  0%| F|  |TAMS 0x000000070a500000, 0x000000070a500000| Untracked 
| 116|0x000000070a600000, 0x000000070a600000, 0x000000070a700000|  0%| F|  |TAMS 0x000000070a600000, 0x000000070a600000| Untracked 
| 117|0x000000070a700000, 0x000000070a700000, 0x000000070a800000|  0%| F|  |TAMS 0x000000070a700000, 0x000000070a700000| Untracked 
| 118|0x000000070a800000, 0x000000070a800000, 0x000000070a900000|  0%| F|  |TAMS 0x000000070a800000, 0x000000070a800000| Untracked 
| 119|0x000000070a900000, 0x000000070a900000, 0x000000070aa00000|  0%| F|  |TAMS 0x000000070a900000, 0x000000070a900000| Untracked 
| 120|0x000000070aa00000, 0x000000070aa00000, 0x000000070ab00000|  0%| F|  |TAMS 0x000000070aa00000, 0x000000070aa00000| Untracked 
| 121|0x000000070ab00000, 0x000000070ab00000, 0x000000070ac00000|  0%| F|  |TAMS 0x000000070ab00000, 0x000000070ab00000| Untracked 
| 122|0x000000070ac00000, 0x000000070ac00000, 0x000000070ad00000|  0%| F|  |TAMS 0x000000070ac00000, 0x000000070ac00000| Untracked 
| 123|0x000000070ad00000, 0x000000070ad00000, 0x000000070ae00000|  0%| F|  |TAMS 0x000000070ad00000, 0x000000070ad00000| Untracked 
| 124|0x000000070ae00000, 0x000000070ae00000, 0x000000070af00000|  0%| F|  |TAMS 0x000000070ae00000, 0x000000070ae00000| Untracked 
| 125|0x000000070af00000, 0x000000070af00000, 0x000000070b000000|  0%| F|  |TAMS 0x000000070af00000, 0x000000070af00000| Untracked 
| 126|0x000000070b000000, 0x000000070b000000, 0x000000070b100000|  0%| F|  |TAMS 0x000000070b000000, 0x000000070b000000| Untracked 
| 127|0x000000070b100000, 0x000000070b100000, 0x000000070b200000|  0%| F|  |TAMS 0x000000070b100000, 0x000000070b100000| Untracked 
| 128|0x000000070b200000, 0x000000070b200000, 0x000000070b300000|  0%| F|  |TAMS 0x000000070b200000, 0x000000070b200000| Untracked 
| 129|0x000000070b300000, 0x000000070b300000, 0x000000070b400000|  0%| F|  |TAMS 0x000000070b300000, 0x000000070b300000| Untracked 
| 130|0x000000070b400000, 0x000000070b400000, 0x000000070b500000|  0%| F|  |TAMS 0x000000070b400000, 0x000000070b400000| Untracked 
| 131|0x000000070b500000, 0x000000070b500000, 0x000000070b600000|  0%| F|  |TAMS 0x000000070b500000, 0x000000070b500000| Untracked 
| 132|0x000000070b600000, 0x000000070b600000, 0x000000070b700000|  0%| F|  |TAMS 0x000000070b600000, 0x000000070b600000| Untracked 
| 133|0x000000070b700000, 0x000000070b700000, 0x000000070b800000|  0%| F|  |TAMS 0x000000070b700000, 0x000000070b700000| Untracked 
| 134|0x000000070b800000, 0x000000070b800000, 0x000000070b900000|  0%| F|  |TAMS 0x000000070b800000, 0x000000070b800000| Untracked 
| 135|0x000000070b900000, 0x000000070b900000, 0x000000070ba00000|  0%| F|  |TAMS 0x000000070b900000, 0x000000070b900000| Untracked 
| 136|0x000000070ba00000, 0x000000070ba00000, 0x000000070bb00000|  0%| F|  |TAMS 0x000000070ba00000, 0x000000070ba00000| Untracked 
| 137|0x000000070bb00000, 0x000000070bb00000, 0x000000070bc00000|  0%| F|  |TAMS 0x000000070bb00000, 0x000000070bb00000| Untracked 
| 138|0x000000070bc00000, 0x000000070bc00000, 0x000000070bd00000|  0%| F|  |TAMS 0x000000070bc00000, 0x000000070bc00000| Untracked 
| 139|0x000000070bd00000, 0x000000070bd00000, 0x000000070be00000|  0%| F|  |TAMS 0x000000070bd00000, 0x000000070bd00000| Untracked 
| 140|0x000000070be00000, 0x000000070be00000, 0x000000070bf00000|  0%| F|  |TAMS 0x000000070be00000, 0x000000070be00000| Untracked 
| 141|0x000000070bf00000, 0x000000070bf00000, 0x000000070c000000|  0%| F|  |TAMS 0x000000070bf00000, 0x000000070bf00000| Untracked 
| 142|0x000000070c000000, 0x000000070c000000, 0x000000070c100000|  0%| F|  |TAMS 0x000000070c000000, 0x000000070c000000| Untracked 
| 143|0x000000070c100000, 0x000000070c100000, 0x000000070c200000|  0%| F|  |TAMS 0x000000070c100000, 0x000000070c100000| Untracked 
| 144|0x000000070c200000, 0x000000070c200000, 0x000000070c300000|  0%| F|  |TAMS 0x000000070c200000, 0x000000070c200000| Untracked 
| 145|0x000000070c300000, 0x000000070c300000, 0x000000070c400000|  0%| F|  |TAMS 0x000000070c300000, 0x000000070c300000| Untracked 
| 146|0x000000070c400000, 0x000000070c400000, 0x000000070c500000|  0%| F|  |TAMS 0x000000070c400000, 0x000000070c400000| Untracked 
| 147|0x000000070c500000, 0x000000070c500000, 0x000000070c600000|  0%| F|  |TAMS 0x000000070c500000, 0x000000070c500000| Untracked 
| 148|0x000000070c600000, 0x000000070c600000, 0x000000070c700000|  0%| F|  |TAMS 0x000000070c600000, 0x000000070c600000| Untracked 
| 149|0x000000070c700000, 0x000000070c700000, 0x000000070c800000|  0%| F|  |TAMS 0x000000070c700000, 0x000000070c700000| Untracked 
| 150|0x000000070c800000, 0x000000070c800000, 0x000000070c900000|  0%| F|  |TAMS 0x000000070c800000, 0x000000070c800000| Untracked 
| 151|0x000000070c900000, 0x000000070c900000, 0x000000070ca00000|  0%| F|  |TAMS 0x000000070c900000, 0x000000070c900000| Untracked 
| 152|0x000000070ca00000, 0x000000070ca00000, 0x000000070cb00000|  0%| F|  |TAMS 0x000000070ca00000, 0x000000070ca00000| Untracked 
| 153|0x000000070cb00000, 0x000000070cb00000, 0x000000070cc00000|  0%| F|  |TAMS 0x000000070cb00000, 0x000000070cb00000| Untracked 
| 154|0x000000070cc00000, 0x000000070cc00000, 0x000000070cd00000|  0%| F|  |TAMS 0x000000070cc00000, 0x000000070cc00000| Untracked 
| 155|0x000000070cd00000, 0x000000070cd00000, 0x000000070ce00000|  0%| F|  |TAMS 0x000000070cd00000, 0x000000070cd00000| Untracked 
| 156|0x000000070ce00000, 0x000000070ce00000, 0x000000070cf00000|  0%| F|  |TAMS 0x000000070ce00000, 0x000000070ce00000| Untracked 
| 157|0x000000070cf00000, 0x000000070cf00000, 0x000000070d000000|  0%| F|  |TAMS 0x000000070cf00000, 0x000000070cf00000| Untracked 
| 158|0x000000070d000000, 0x000000070d000000, 0x000000070d100000|  0%| F|  |TAMS 0x000000070d000000, 0x000000070d000000| Untracked 
| 159|0x000000070d100000, 0x000000070d100000, 0x000000070d200000|  0%| F|  |TAMS 0x000000070d100000, 0x000000070d100000| Untracked 
| 160|0x000000070d200000, 0x000000070d200000, 0x000000070d300000|  0%| F|  |TAMS 0x000000070d200000, 0x000000070d200000| Untracked 
| 161|0x000000070d300000, 0x000000070d300000, 0x000000070d400000|  0%| F|  |TAMS 0x000000070d300000, 0x000000070d300000| Untracked 
| 162|0x000000070d400000, 0x000000070d400000, 0x000000070d500000|  0%| F|  |TAMS 0x000000070d400000, 0x000000070d400000| Untracked 
| 163|0x000000070d500000, 0x000000070d500000, 0x000000070d600000|  0%| F|  |TAMS 0x000000070d500000, 0x000000070d500000| Untracked 
| 164|0x000000070d600000, 0x000000070d600000, 0x000000070d700000|  0%| F|  |TAMS 0x000000070d600000, 0x000000070d600000| Untracked 
| 165|0x000000070d700000, 0x000000070d700000, 0x000000070d800000|  0%| F|  |TAMS 0x000000070d700000, 0x000000070d700000| Untracked 
| 166|0x000000070d800000, 0x000000070d800000, 0x000000070d900000|  0%| F|  |TAMS 0x000000070d800000, 0x000000070d800000| Untracked 
| 167|0x000000070d900000, 0x000000070d900000, 0x000000070da00000|  0%| F|  |TAMS 0x000000070d900000, 0x000000070d900000| Untracked 
| 168|0x000000070da00000, 0x000000070da00000, 0x000000070db00000|  0%| F|  |TAMS 0x000000070da00000, 0x000000070da00000| Untracked 
| 169|0x000000070db00000, 0x000000070db00000, 0x000000070dc00000|  0%| F|  |TAMS 0x000000070db00000, 0x000000070db00000| Untracked 
| 170|0x000000070dc00000, 0x000000070dc00000, 0x000000070dd00000|  0%| F|  |TAMS 0x000000070dc00000, 0x000000070dc00000| Untracked 
| 171|0x000000070dd00000, 0x000000070dd00000, 0x000000070de00000|  0%| F|  |TAMS 0x000000070dd00000, 0x000000070dd00000| Untracked 
| 172|0x000000070de00000, 0x000000070de00000, 0x000000070df00000|  0%| F|  |TAMS 0x000000070de00000, 0x000000070de00000| Untracked 
| 173|0x000000070df00000, 0x000000070df00000, 0x000000070e000000|  0%| F|  |TAMS 0x000000070df00000, 0x000000070df00000| Untracked 
| 174|0x000000070e000000, 0x000000070e000000, 0x000000070e100000|  0%| F|  |TAMS 0x000000070e000000, 0x000000070e000000| Untracked 
| 175|0x000000070e100000, 0x000000070e100000, 0x000000070e200000|  0%| F|  |TAMS 0x000000070e100000, 0x000000070e100000| Untracked 
| 176|0x000000070e200000, 0x000000070e200000, 0x000000070e300000|  0%| F|  |TAMS 0x000000070e200000, 0x000000070e200000| Untracked 
| 177|0x000000070e300000, 0x000000070e300000, 0x000000070e400000|  0%| F|  |TAMS 0x000000070e300000, 0x000000070e300000| Untracked 
| 178|0x000000070e400000, 0x000000070e400000, 0x000000070e500000|  0%| F|  |TAMS 0x000000070e400000, 0x000000070e400000| Untracked 
| 179|0x000000070e500000, 0x000000070e500000, 0x000000070e600000|  0%| F|  |TAMS 0x000000070e500000, 0x000000070e500000| Untracked 
| 180|0x000000070e600000, 0x000000070e600000, 0x000000070e700000|  0%| F|  |TAMS 0x000000070e600000, 0x000000070e600000| Untracked 
| 181|0x000000070e700000, 0x000000070e700000, 0x000000070e800000|  0%| F|  |TAMS 0x000000070e700000, 0x000000070e700000| Untracked 
| 182|0x000000070e800000, 0x000000070e800000, 0x000000070e900000|  0%| F|  |TAMS 0x000000070e800000, 0x000000070e800000| Untracked 
| 183|0x000000070e900000, 0x000000070e900000, 0x000000070ea00000|  0%| F|  |TAMS 0x000000070e900000, 0x000000070e900000| Untracked 
| 184|0x000000070ea00000, 0x000000070ea00000, 0x000000070eb00000|  0%| F|  |TAMS 0x000000070ea00000, 0x000000070ea00000| Untracked 
| 185|0x000000070eb00000, 0x000000070eb00000, 0x000000070ec00000|  0%| F|  |TAMS 0x000000070eb00000, 0x000000070eb00000| Untracked 
| 186|0x000000070ec00000, 0x000000070ec00000, 0x000000070ed00000|  0%| F|  |TAMS 0x000000070ec00000, 0x000000070ec00000| Untracked 
| 187|0x000000070ed00000, 0x000000070ed00000, 0x000000070ee00000|  0%| F|  |TAMS 0x000000070ed00000, 0x000000070ed00000| Untracked 
| 188|0x000000070ee00000, 0x000000070ee00000, 0x000000070ef00000|  0%| F|  |TAMS 0x000000070ee00000, 0x000000070ee00000| Untracked 
| 189|0x000000070ef00000, 0x000000070ef00000, 0x000000070f000000|  0%| F|  |TAMS 0x000000070ef00000, 0x000000070ef00000| Untracked 
| 190|0x000000070f000000, 0x000000070f000000, 0x000000070f100000|  0%| F|  |TAMS 0x000000070f000000, 0x000000070f000000| Untracked 
| 191|0x000000070f100000, 0x000000070f100000, 0x000000070f200000|  0%| F|  |TAMS 0x000000070f100000, 0x000000070f100000| Untracked 
| 192|0x000000070f200000, 0x000000070f200000, 0x000000070f300000|  0%| F|  |TAMS 0x000000070f200000, 0x000000070f200000| Untracked 
| 193|0x000000070f300000, 0x000000070f300000, 0x000000070f400000|  0%| F|  |TAMS 0x000000070f300000, 0x000000070f300000| Untracked 
| 194|0x000000070f400000, 0x000000070f400000, 0x000000070f500000|  0%| F|  |TAMS 0x000000070f400000, 0x000000070f400000| Untracked 
| 195|0x000000070f500000, 0x000000070f500000, 0x000000070f600000|  0%| F|  |TAMS 0x000000070f500000, 0x000000070f500000| Untracked 
| 196|0x000000070f600000, 0x000000070f600000, 0x000000070f700000|  0%| F|  |TAMS 0x000000070f600000, 0x000000070f600000| Untracked 
| 197|0x000000070f700000, 0x000000070f700000, 0x000000070f800000|  0%| F|  |TAMS 0x000000070f700000, 0x000000070f700000| Untracked 
| 198|0x000000070f800000, 0x000000070f800000, 0x000000070f900000|  0%| F|  |TAMS 0x000000070f800000, 0x000000070f800000| Untracked 
| 199|0x000000070f900000, 0x000000070f900000, 0x000000070fa00000|  0%| F|  |TAMS 0x000000070f900000, 0x000000070f900000| Untracked 
| 200|0x000000070fa00000, 0x000000070fa00000, 0x000000070fb00000|  0%| F|  |TAMS 0x000000070fa00000, 0x000000070fa00000| Untracked 
| 201|0x000000070fb00000, 0x000000070fb00000, 0x000000070fc00000|  0%| F|  |TAMS 0x000000070fb00000, 0x000000070fb00000| Untracked 
| 202|0x000000070fc00000, 0x000000070fc00000, 0x000000070fd00000|  0%| F|  |TAMS 0x000000070fc00000, 0x000000070fc00000| Untracked 
| 203|0x000000070fd00000, 0x000000070fd00000, 0x000000070fe00000|  0%| F|  |TAMS 0x000000070fd00000, 0x000000070fd00000| Untracked 
| 204|0x000000070fe00000, 0x000000070fe00000, 0x000000070ff00000|  0%| F|  |TAMS 0x000000070fe00000, 0x000000070fe00000| Untracked 
| 205|0x000000070ff00000, 0x000000070ff00000, 0x0000000710000000|  0%| F|  |TAMS 0x000000070ff00000, 0x000000070ff00000| Untracked 
| 206|0x0000000710000000, 0x0000000710000000, 0x0000000710100000|  0%| F|  |TAMS 0x0000000710000000, 0x0000000710000000| Untracked 
| 207|0x0000000710100000, 0x0000000710100000, 0x0000000710200000|  0%| F|  |TAMS 0x0000000710100000, 0x0000000710100000| Untracked 
| 208|0x0000000710200000, 0x0000000710200000, 0x0000000710300000|  0%| F|  |TAMS 0x0000000710200000, 0x0000000710200000| Untracked 
| 209|0x0000000710300000, 0x0000000710300000, 0x0000000710400000|  0%| F|  |TAMS 0x0000000710300000, 0x0000000710300000| Untracked 
| 210|0x0000000710400000, 0x0000000710400000, 0x0000000710500000|  0%| F|  |TAMS 0x0000000710400000, 0x0000000710400000| Untracked 
| 211|0x0000000710500000, 0x0000000710500000, 0x0000000710600000|  0%| F|  |TAMS 0x0000000710500000, 0x0000000710500000| Untracked 
| 212|0x0000000710600000, 0x0000000710600000, 0x0000000710700000|  0%| F|  |TAMS 0x0000000710600000, 0x0000000710600000| Untracked 
| 213|0x0000000710700000, 0x0000000710700000, 0x0000000710800000|  0%| F|  |TAMS 0x0000000710700000, 0x0000000710700000| Untracked 
| 214|0x0000000710800000, 0x0000000710800000, 0x0000000710900000|  0%| F|  |TAMS 0x0000000710800000, 0x0000000710800000| Untracked 
| 215|0x0000000710900000, 0x0000000710900000, 0x0000000710a00000|  0%| F|  |TAMS 0x0000000710900000, 0x0000000710900000| Untracked 
| 216|0x0000000710a00000, 0x0000000710a00000, 0x0000000710b00000|  0%| F|  |TAMS 0x0000000710a00000, 0x0000000710a00000| Untracked 
| 217|0x0000000710b00000, 0x0000000710b00000, 0x0000000710c00000|  0%| F|  |TAMS 0x0000000710b00000, 0x0000000710b00000| Untracked 
| 218|0x0000000710c00000, 0x0000000710c00000, 0x0000000710d00000|  0%| F|  |TAMS 0x0000000710c00000, 0x0000000710c00000| Untracked 
| 219|0x0000000710d00000, 0x0000000710d00000, 0x0000000710e00000|  0%| F|  |TAMS 0x0000000710d00000, 0x0000000710d00000| Untracked 
| 220|0x0000000710e00000, 0x0000000710e00000, 0x0000000710f00000|  0%| F|  |TAMS 0x0000000710e00000, 0x0000000710e00000| Untracked 
| 221|0x0000000710f00000, 0x0000000710f00000, 0x0000000711000000|  0%| F|  |TAMS 0x0000000710f00000, 0x0000000710f00000| Untracked 
| 222|0x0000000711000000, 0x0000000711000000, 0x0000000711100000|  0%| F|  |TAMS 0x0000000711000000, 0x0000000711000000| Untracked 
| 223|0x0000000711100000, 0x0000000711100000, 0x0000000711200000|  0%| F|  |TAMS 0x0000000711100000, 0x0000000711100000| Untracked 
| 224|0x0000000711200000, 0x0000000711200000, 0x0000000711300000|  0%| F|  |TAMS 0x0000000711200000, 0x0000000711200000| Untracked 
| 225|0x0000000711300000, 0x0000000711300000, 0x0000000711400000|  0%| F|  |TAMS 0x0000000711300000, 0x0000000711300000| Untracked 
| 226|0x0000000711400000, 0x0000000711400000, 0x0000000711500000|  0%| F|  |TAMS 0x0000000711400000, 0x0000000711400000| Untracked 
| 227|0x0000000711500000, 0x0000000711500000, 0x0000000711600000|  0%| F|  |TAMS 0x0000000711500000, 0x0000000711500000| Untracked 
| 228|0x0000000711600000, 0x0000000711600000, 0x0000000711700000|  0%| F|  |TAMS 0x0000000711600000, 0x0000000711600000| Untracked 
| 229|0x0000000711700000, 0x0000000711700000, 0x0000000711800000|  0%| F|  |TAMS 0x0000000711700000, 0x0000000711700000| Untracked 
| 230|0x0000000711800000, 0x0000000711800000, 0x0000000711900000|  0%| F|  |TAMS 0x0000000711800000, 0x0000000711800000| Untracked 
| 231|0x0000000711900000, 0x0000000711900000, 0x0000000711a00000|  0%| F|  |TAMS 0x0000000711900000, 0x0000000711900000| Untracked 
| 232|0x0000000711a00000, 0x0000000711a00000, 0x0000000711b00000|  0%| F|  |TAMS 0x0000000711a00000, 0x0000000711a00000| Untracked 
| 233|0x0000000711b00000, 0x0000000711b00000, 0x0000000711c00000|  0%| F|  |TAMS 0x0000000711b00000, 0x0000000711b00000| Untracked 
| 234|0x0000000711c00000, 0x0000000711c00000, 0x0000000711d00000|  0%| F|  |TAMS 0x0000000711c00000, 0x0000000711c00000| Untracked 
| 235|0x0000000711d00000, 0x0000000711d00000, 0x0000000711e00000|  0%| F|  |TAMS 0x0000000711d00000, 0x0000000711d00000| Untracked 
| 236|0x0000000711e00000, 0x0000000711e00000, 0x0000000711f00000|  0%| F|  |TAMS 0x0000000711e00000, 0x0000000711e00000| Untracked 
| 237|0x0000000711f00000, 0x0000000711f00000, 0x0000000712000000|  0%| F|  |TAMS 0x0000000711f00000, 0x0000000711f00000| Untracked 
| 238|0x0000000712000000, 0x0000000712000000, 0x0000000712100000|  0%| F|  |TAMS 0x0000000712000000, 0x0000000712000000| Untracked 
| 239|0x0000000712100000, 0x0000000712100000, 0x0000000712200000|  0%| F|  |TAMS 0x0000000712100000, 0x0000000712100000| Untracked 
| 240|0x0000000712200000, 0x000000071227b768, 0x0000000712300000| 48%| E|  |TAMS 0x0000000712200000, 0x0000000712200000| Complete 
| 241|0x0000000712300000, 0x0000000712400000, 0x0000000712400000|100%| E|CS|TAMS 0x0000000712300000, 0x0000000712300000| Complete 
| 242|0x0000000712400000, 0x0000000712500000, 0x0000000712500000|100%| E|CS|TAMS 0x0000000712400000, 0x0000000712400000| Complete 
| 243|0x0000000712500000, 0x0000000712600000, 0x0000000712600000|100%| E|CS|TAMS 0x0000000712500000, 0x0000000712500000| Complete 
| 244|0x0000000712600000, 0x0000000712700000, 0x0000000712700000|100%| E|CS|TAMS 0x0000000712600000, 0x0000000712600000| Complete 
| 245|0x0000000712700000, 0x0000000712800000, 0x0000000712800000|100%| E|CS|TAMS 0x0000000712700000, 0x0000000712700000| Complete 
| 246|0x0000000712800000, 0x0000000712900000, 0x0000000712900000|100%| E|CS|TAMS 0x0000000712800000, 0x0000000712800000| Complete 
| 247|0x0000000712900000, 0x0000000712a00000, 0x0000000712a00000|100%| E|CS|TAMS 0x0000000712900000, 0x0000000712900000| Complete 
| 248|0x0000000712a00000, 0x0000000712b00000, 0x0000000712b00000|100%| E|CS|TAMS 0x0000000712a00000, 0x0000000712a00000| Complete 
| 249|0x0000000712b00000, 0x0000000712c00000, 0x0000000712c00000|100%| E|CS|TAMS 0x0000000712b00000, 0x0000000712b00000| Complete 
| 250|0x0000000712c00000, 0x0000000712d00000, 0x0000000712d00000|100%| E|CS|TAMS 0x0000000712c00000, 0x0000000712c00000| Complete 
| 251|0x0000000712d00000, 0x0000000712e00000, 0x0000000712e00000|100%| E|CS|TAMS 0x0000000712d00000, 0x0000000712d00000| Complete 
| 252|0x0000000712e00000, 0x0000000712f00000, 0x0000000712f00000|100%| E|CS|TAMS 0x0000000712e00000, 0x0000000712e00000| Complete 
| 253|0x0000000712f00000, 0x0000000713000000, 0x0000000713000000|100%| E|CS|TAMS 0x0000000712f00000, 0x0000000712f00000| Complete 

Card table byte_map: [0x000001e3f7780000,0x000001e3f7f70000] _byte_map_base: 0x000001e3f3f67000

Marking Bits (Prev, Next): (CMBitMap*) 0x000001e3dfca7508, (CMBitMap*) 0x000001e3dfca7540
 Prev Bits: [0x000001e3f8760000, 0x000001e3fc698000)
 Next Bits: [0x000001e380000000, 0x000001e383f38000)

Polling page: 0x000001e3de440000

Metaspace:

Usage:
  Non-class:     15.06 MB capacity,    14.85 MB ( 99%) used,   171.14 KB (  1%) free+waste,    45.25 KB ( <1%) overhead. 
      Class:      2.04 MB capacity,     1.84 MB ( 90%) used,   175.41 KB (  8%) free+waste,    24.69 KB (  1%) overhead. 
       Both:     17.10 MB capacity,    16.69 MB ( 98%) used,   346.55 KB (  2%) free+waste,    69.94 KB ( <1%) overhead. 

Virtual space:
  Non-class space:       16.00 MB reserved,      15.25 MB ( 95%) committed 
      Class space:        1.00 GB reserved,       2.13 MB ( <1%) committed 
             Both:        1.02 GB reserved,      17.38 MB (  2%) committed 

Chunk freelists:
   Non-Class:  384 bytes
       Class:  3.38 KB
        Both:  3.75 KB

CodeHeap 'non-profiled nmethods': size=120000Kb used=425Kb max_used=425Kb free=119574Kb
 bounds [0x000001e3eedd0000, 0x000001e3ef040000, 0x000001e3f6300000]
CodeHeap 'profiled nmethods': size=120000Kb used=2703Kb max_used=2703Kb free=117296Kb
 bounds [0x000001e3e78a0000, 0x000001e3e7b50000, 0x000001e3eedd0000]
CodeHeap 'non-nmethods': size=5760Kb used=1233Kb max_used=1246Kb free=4526Kb
 bounds [0x000001e3e7300000, 0x000001e3e7570000, 0x000001e3e78a0000]
 total_blobs=2060 nmethods=1452 adapters=519
 compilation: enabled
              stopped_count=0, restarted_count=0
 full_count=0

Compilation events (10 events):
Event: 29.823 Thread 0x000001e384029000 1448       3       java.util.Collections::emptyList (4 bytes)
Event: 29.823 Thread 0x000001e384029000 nmethod 1448 0x000001e3e7b42490 code [0x000001e3e7b42620, 0x000001e3e7b42718]
Event: 29.823 Thread 0x000001e384029000 1449       3       java.lang.String::<init> (74 bytes)
Event: 29.824 Thread 0x000001e384029000 nmethod 1449 0x000001e3e7b42790 code [0x000001e3e7b42980, 0x000001e3e7b42ff8]
Event: 29.827 Thread 0x000001e384029000 1450       1       java.awt.image.ColorModel::getTransparency (5 bytes)
Event: 29.827 Thread 0x000001e384029000 nmethod 1450 0x000001e3eee3a190 code [0x000001e3eee3a320, 0x000001e3eee3a3d8]
Event: 29.926 Thread 0x000001e384029000 1451       3       java.awt.Container::createHierarchyEvents (75 bytes)
Event: 29.927 Thread 0x000001e384029000 nmethod 1451 0x000001e3e7b43290 code [0x000001e3e7b434c0, 0x000001e3e7b43c58]
Event: 29.927 Thread 0x000001e384029000 1452       1       javax.swing.event.EventListenerList::getListenerList (5 bytes)
Event: 29.927 Thread 0x000001e384029000 nmethod 1452 0x000001e3eee3a490 code [0x000001e3eee3a620, 0x000001e3eee3a6d8]

GC Heap History (0 events):
No events

Deoptimization events (10 events):
Event: 0.555 Thread 0x000001e3dfc44000 Uncommon trap: reason=unstable_if action=reinterpret pc=0x000001e3eee01648 method=jdk.internal.org.objectweb.asm.Frame.execute(IILjdk/internal/org/objectweb/asm/ClassWriter;Ljdk/internal/org/objectweb/asm/Item;)V @ 1 c2
Event: 2.686 Thread 0x000001e3847ea000 Uncommon trap: reason=bimorphic_or_optimized_type_check action=maybe_recompile pc=0x000001e3eee1f9d4 method=java.util.HashMap.getNode(ILjava/lang/Object;)Ljava/util/HashMap$Node; @ 126 c2
Event: 2.686 Thread 0x000001e3847ea000 Uncommon trap: reason=bimorphic_or_optimized_type_check action=maybe_recompile pc=0x000001e3eee1f9d4 method=java.util.HashMap.getNode(ILjava/lang/Object;)Ljava/util/HashMap$Node; @ 126 c2
Event: 2.696 Thread 0x000001e3847ea000 Uncommon trap: reason=bimorphic_or_optimized_type_check action=maybe_recompile pc=0x000001e3eee1f9d4 method=java.util.HashMap.getNode(ILjava/lang/Object;)Ljava/util/HashMap$Node; @ 126 c2
Event: 2.696 Thread 0x000001e3847ea000 Uncommon trap: reason=bimorphic_or_optimized_type_check action=maybe_recompile pc=0x000001e3eee1f9d4 method=java.util.HashMap.getNode(ILjava/lang/Object;)Ljava/util/HashMap$Node; @ 126 c2
Event: 2.697 Thread 0x000001e3847ea000 Uncommon trap: reason=bimorphic_or_optimized_type_check action=maybe_recompile pc=0x000001e3eee14c98 method=java.util.HashMap.getNode(ILjava/lang/Object;)Ljava/util/HashMap$Node; @ 126 c2
Event: 4.257 Thread 0x000001e3847ea000 Uncommon trap: reason=class_check action=maybe_recompile pc=0x000001e3eede6ee8 method=java.lang.String.equals(Ljava/lang/Object;)Z @ 8 c2
Event: 4.257 Thread 0x000001e3847ea000 Uncommon trap: reason=class_check action=maybe_recompile pc=0x000001e3eede6ee8 method=java.lang.String.equals(Ljava/lang/Object;)Z @ 8 c2
Event: 4.991 Thread 0x000001e3847ea000 Uncommon trap: reason=class_check action=maybe_recompile pc=0x000001e3eede6ee8 method=java.lang.String.equals(Ljava/lang/Object;)Z @ 8 c2
Event: 4.991 Thread 0x000001e3847ea000 Uncommon trap: reason=class_check action=maybe_recompile pc=0x000001e3eede6ee8 method=java.lang.String.equals(Ljava/lang/Object;)Z @ 8 c2

Classes redefined (0 events):
No events

Internal exceptions (10 events):
Event: 0.444 Thread 0x000001e3dfc44000 Exception <a 'java/lang/NoSuchMethodError'{0x0000000712a8b888}: java.lang.invoke.DirectMethodHandle$Holder.invokeStatic(Ljava/lang/Object;ILjava/lang/Object;)Ljava/lang/Object;> (0x0000000712a8b888) thrown at [./open/src/hotspot/share/interpreter/linkReso
Event: 0.462 Thread 0x000001e3dfc44000 Exception <a 'java/lang/ClassNotFoundException'{0x00000007129362d0}: com/sun/swing/internal/plaf/metal/resources/spi/metalProvider> (0x00000007129362d0) thrown at [./open/src/hotspot/share/classfile/systemDictionary.cpp, line 226]
Event: 0.463 Thread 0x000001e3dfc44000 Exception <a 'java/lang/ClassNotFoundException'{0x000000071293a7c0}: com/sun/swing/internal/plaf/basic/resources/spi/basicProvider> (0x000000071293a7c0) thrown at [./open/src/hotspot/share/classfile/systemDictionary.cpp, line 226]
Event: 0.543 Thread 0x000001e3845e9800 Exception <a 'java/lang/NoSuchMethodError'{0x0000000712b08cd0}: java.lang.invoke.DirectMethodHandle$Holder.invokeVirtual(Ljava/lang/Object;Ljava/lang/Object;)V> (0x0000000712b08cd0) thrown at [./open/src/hotspot/share/interpreter/linkResolver.cpp, line 77
Event: 0.555 Thread 0x000001e3dfc44000 Exception <a 'java/lang/NoSuchMethodError'{0x00000007128576e8}: java.lang.invoke.DirectMethodHandle$Holder.invokeStaticInit(Ljava/lang/Object;)V> (0x00000007128576e8) thrown at [./open/src/hotspot/share/interpreter/linkResolver.cpp, line 772]
Event: 0.587 Thread 0x000001e3dfc44000 Exception <a 'java/lang/NoSuchMethodError'{0x00000007127dbd80}: java.lang.invoke.DirectMethodHandle$Holder.invokeStatic(Ljava/lang/Object;Ljava/lang/Object;Ljava/lang/Object;Ljava/lang/Object;Ljava/lang/Object;Ljava/lang/Object;Ljava/lang/Object;Ljava/lan
Event: 0.588 Thread 0x000001e3dfc44000 Exception <a 'java/lang/NoSuchMethodError'{0x00000007127fa1e0}: java.lang.invoke.DirectMethodHandle$Holder.invokeStatic(Ljava/lang/Object;Ljava/lang/Object;Ljava/lang/Object;Ljava/lang/Object;Ljava/lang/Object;Ljava/lang/Object;Ljava/lang/Object;Ljava/lan
Event: 0.590 Thread 0x000001e3dfc44000 Exception <a 'java/lang/NoSuchMethodError'{0x0000000712619600}: java.lang.invoke.DirectMethodHandle$Holder.invokeStatic(Ljava/lang/Object;Ljava/lang/Object;Ljava/lang/Object;Ljava/lang/Object;Ljava/lang/Object;Ljava/lang/Object;Ljava/lang/Object;Ljava/lan
Event: 0.591 Thread 0x000001e3dfc44000 Exception <a 'java/lang/NoSuchMethodError'{0x00000007126255b0}: java.lang.invoke.Invokers$Holder.linkToTargetMethod(Ljava/lang/Object;ILjava/lang/Object;)Ljava/lang/Object;> (0x00000007126255b0) thrown at [./open/src/hotspot/share/interpreter/linkResolver
Event: 0.751 Thread 0x000001e3dfc44000 Exception <a 'java/lang/NoSuchMethodError'{0x00000007126f8260}: java.lang.invoke.DirectMethodHandle$Holder.invokeStatic(Ljava/lang/Object;Ljava/lang/Object;Ljava/lang/Object;Ljava/lang/Object;Ljava/lang/Object;Ljava/lang/Object;Ljava/lang/Object;Ljava/lan

Events (10 events):
Event: 26.784 Executing VM operation: RevokeBias
Event: 26.784 Executing VM operation: RevokeBias done
Event: 26.789 Executing VM operation: RevokeBias
Event: 26.789 Executing VM operation: RevokeBias done
Event: 26.790 Executing VM operation: RevokeBias
Event: 26.790 Executing VM operation: RevokeBias done
Event: 26.794 Executing VM operation: RevokeBias
Event: 26.794 Executing VM operation: RevokeBias done
Event: 26.796 Executing VM operation: RevokeBias
Event: 26.796 Executing VM operation: RevokeBias done


Dynamic libraries:
0x00007ff705b90000 - 0x00007ff705b9f000 	C:\Program Files\Java\jdk-11.0.16.1\bin\java.exe
0x00007ffe1f550000 - 0x00007ffe1f748000 	C:\Windows\SYSTEM32\ntdll.dll
0x00007ffe1ea90000 - 0x00007ffe1eb4f000 	C:\Windows\System32\KERNEL32.DLL
0x00007ffe1cff0000 - 0x00007ffe1d2c2000 	C:\Windows\System32\KERNELBASE.dll
0x00007ffe1d2d0000 - 0x00007ffe1d3d0000 	C:\Windows\System32\ucrtbase.dll
0x00007ffdaf2d0000 - 0x00007ffdaf2e5000 	C:\Program Files\Java\jdk-11.0.16.1\bin\VCRUNTIME140.dll
0x00007ffe15290000 - 0x00007ffe152a8000 	C:\Program Files\Java\jdk-11.0.16.1\bin\jli.dll
0x00007ffe1e960000 - 0x00007ffe1ea0e000 	C:\Windows\System32\ADVAPI32.dll
0x00007ffe1d730000 - 0x00007ffe1d7ce000 	C:\Windows\System32\msvcrt.dll
0x00007ffe1dcc0000 - 0x00007ffe1dd5c000 	C:\Windows\System32\sechost.dll
0x00007ffe1d600000 - 0x00007ffe1d725000 	C:\Windows\System32\RPCRT4.dll
0x00007ffe1e630000 - 0x00007ffe1e7cd000 	C:\Windows\System32\USER32.dll
0x00007ffe1c060000 - 0x00007ffe1c2fa000 	C:\Windows\WinSxS\amd64_microsoft.windows.common-controls_6595b64144ccf1df_6.0.19041.1110_none_60b5254171f9507e\COMCTL32.dll
0x00007ffe1cc50000 - 0x00007ffe1cc72000 	C:\Windows\System32\win32u.dll
0x00007ffe1f3f0000 - 0x00007ffe1f41b000 	C:\Windows\System32\GDI32.dll
0x00007ffe1cee0000 - 0x00007ffe1cfef000 	C:\Windows\System32\gdi32full.dll
0x00007ffe1cc80000 - 0x00007ffe1cd1d000 	C:\Windows\System32\msvcp_win.dll
0x00007ffe127f0000 - 0x00007ffe127fa000 	C:\Windows\SYSTEM32\VERSION.dll
0x00007ffe1e920000 - 0x00007ffe1e952000 	C:\Windows\System32\IMM32.DLL
0x00007ffdaefa0000 - 0x00007ffdaf03b000 	C:\Program Files\Java\jdk-11.0.16.1\bin\msvcp140.dll
0x00007ffdaf300000 - 0x00007ffdafe18000 	C:\Program Files\Java\jdk-11.0.16.1\bin\server\jvm.dll
0x00007ffe1d980000 - 0x00007ffe1d988000 	C:\Windows\System32\PSAPI.DLL
0x00007ffdaf2f0000 - 0x00007ffdaf2f9000 	C:\Windows\SYSTEM32\WSOCK32.dll
0x00007ffe0e7b0000 - 0x00007ffe0e7d7000 	C:\Windows\SYSTEM32\WINMM.dll
0x00007ffe1eb50000 - 0x00007ffe1ebbb000 	C:\Windows\System32\WS2_32.dll
0x00007ffe1a4d0000 - 0x00007ffe1a4e2000 	C:\Windows\SYSTEM32\kernel.appcore.dll
0x00007ffdaf250000 - 0x00007ffdaf260000 	C:\Program Files\Java\jdk-11.0.16.1\bin\verify.dll
0x00007ffe1c600000 - 0x00007ffe1c7e4000 	C:\Windows\SYSTEM32\DBGHELP.DLL
0x00007ffe1c5d0000 - 0x00007ffe1c5fc000 	C:\Windows\SYSTEM32\dbgcore.DLL
0x00007ffe1cdd0000 - 0x00007ffe1ce52000 	C:\Windows\System32\bcryptPrimitives.dll
0x00007ffdaf260000 - 0x00007ffdaf288000 	C:\Program Files\Java\jdk-11.0.16.1\bin\java.dll
0x00007ffdaf240000 - 0x00007ffdaf24a000 	C:\Program Files\Java\jdk-11.0.16.1\bin\jimage.dll
0x00007ffdaf220000 - 0x00007ffdaf236000 	C:\Program Files\Java\jdk-11.0.16.1\bin\zip.dll
0x00007ffe1de80000 - 0x00007ffe1e5c3000 	C:\Windows\System32\SHELL32.dll
0x00007ffe1a6b0000 - 0x00007ffe1ae42000 	C:\Windows\SYSTEM32\windows.storage.dll
0x00007ffe1f090000 - 0x00007ffe1f3e4000 	C:\Windows\System32\combase.dll
0x00007ffe1bfc0000 - 0x00007ffe1bff0000 	C:\Windows\SYSTEM32\Wldp.dll
0x00007ffe1dbf0000 - 0x00007ffe1dc9d000 	C:\Windows\System32\SHCORE.dll
0x00007ffe1ebc0000 - 0x00007ffe1ec15000 	C:\Windows\System32\shlwapi.dll
0x00007ffe1cb90000 - 0x00007ffe1cbaf000 	C:\Windows\SYSTEM32\profapi.dll
0x00007ffdaf200000 - 0x00007ffdaf219000 	C:\Program Files\Java\jdk-11.0.16.1\bin\net.dll
0x00007ffe14b10000 - 0x00007ffe14c1c000 	C:\Windows\SYSTEM32\WINHTTP.dll
0x00007ffe1be90000 - 0x00007ffe1befa000 	C:\Windows\system32\mswsock.dll
0x00007ffdaf1e0000 - 0x00007ffdaf1f2000 	C:\Program Files\Java\jdk-11.0.16.1\bin\nio.dll
0x00007ffdaf040000 - 0x00007ffdaf1db000 	C:\Program Files\Java\jdk-11.0.16.1\bin\awt.dll
0x00007ffe1d990000 - 0x00007ffe1da5d000 	C:\Windows\System32\OLEAUT32.dll
0x00007ffe19cf0000 - 0x00007ffe19d81000 	C:\Windows\SYSTEM32\apphelp.dll
0x00007ffe1a170000 - 0x00007ffe1a19f000 	C:\Windows\system32\DWMAPI.DLL
0x00007ffe19df0000 - 0x00007ffe19e8e000 	C:\Windows\system32\uxtheme.dll
0x00007ffddfc40000 - 0x00007ffddfd65000 	C:\Windows\system32\opengl32.dll
0x00007ffddfbd0000 - 0x00007ffddfbfc000 	C:\Windows\SYSTEM32\GLU32.dll
0x00007ffddb820000 - 0x00007ffddb951000 	C:\ProgramData\A-Volute\DellInc.AlienwareSoundCenter\Modules\ScheduledModules\x64\AudioDevProps2.dll
0x00007ffe1e7d0000 - 0x00007ffe1e8fa000 	C:\Windows\System32\ole32.dll
0x00007ffde4be0000 - 0x00007ffde4c8e000 	C:\ProgramData\A-Volute\DellInc.AlienwareSoundCenter\Modules\ScheduledModules\x64\NahimicOSD.dll
0x00007ffde56b0000 - 0x00007ffde56d1000 	C:\ProgramData\A-Volute\DellInc.AlienwareSoundCenter\Modules\ScheduledModules\x64\ProductInfo.dll
0x00007ffe1dd60000 - 0x00007ffe1de75000 	C:\Windows\System32\MSCTF.dll
0x00007ffe14100000 - 0x00007ffe14186000 	C:\Program Files\Java\jdk-11.0.16.1\bin\freetype.dll
0x00007ffe13c00000 - 0x00007ffe13ca5000 	C:\Program Files\Java\jdk-11.0.16.1\bin\fontmanager.dll
0x00007ffe1da60000 - 0x00007ffe1db0f000 	C:\Windows\System32\clbcatq.dll
0x00007ffe12d20000 - 0x00007ffe12ed4000 	C:\Windows\SYSTEM32\WindowsCodecs.dll
0x00007ffe1ce60000 - 0x00007ffe1ce87000 	C:\Windows\System32\bcrypt.dll
0x00007ffddf0c0000 - 0x00007ffddf0fe000 	C:\Windows\system32\dataexchange.dll
0x00007ffe189c0000 - 0x00007ffe18c23000 	C:\Windows\system32\d3d11.dll
0x00007ffe191f0000 - 0x00007ffe193d3000 	C:\Windows\system32\dcomp.dll
0x00007ffe1aeb0000 - 0x00007ffe1afa3000 	C:\Windows\system32\dxgi.dll
0x00007ffe13220000 - 0x00007ffe13420000 	C:\Windows\system32\twinapi.appcore.dll
0x00007ffe0a2d0000 - 0x00007ffe0a3c9000 	C:\Windows\SYSTEM32\textinputframework.dll
0x00007ffe193e0000 - 0x00007ffe1973e000 	C:\Windows\System32\CoreUIComponents.dll
0x00007ffe19ac0000 - 0x00007ffe19bb2000 	C:\Windows\System32\CoreMessaging.dll
0x00007ffe1c9a0000 - 0x00007ffe1c9d3000 	C:\Windows\SYSTEM32\ntmarta.dll
0x00007ffe18400000 - 0x00007ffe18554000 	C:\Windows\SYSTEM32\wintypes.dll
0x00007ffe15250000 - 0x00007ffe15289000 	C:\Program Files\Java\jdk-11.0.16.1\bin\jpcap.dll
0x00007ffe151c0000 - 0x00007ffe15241000 	C:\Windows\SYSTEM32\wpcap.dll
0x00007ffe1ba10000 - 0x00007ffe1ba4b000 	C:\Windows\SYSTEM32\IPHLPAPI.DLL
0x00007ffe15180000 - 0x00007ffe151b8000 	C:\Windows\SYSTEM32\packet.dll
0x00007ffe1e910000 - 0x00007ffe1e918000 	C:\Windows\System32\NSI.dll
0x00007ffe12ad0000 - 0x00007ffe12ae7000 	C:\Windows\SYSTEM32\dhcpcsvc6.DLL
0x00007ffe12ab0000 - 0x00007ffe12acd000 	C:\Windows\SYSTEM32\dhcpcsvc.DLL

dbghelp: loaded successfully - version: 4.0.5 - missing functions: none
symbol engine: initialized successfully - sym options: 0x614 - pdb path: .;C:\Program Files\Java\jdk-11.0.16.1\bin;C:\Windows\SYSTEM32;C:\Windows\WinSxS\amd64_microsoft.windows.common-controls_6595b64144ccf1df_6.0.19041.1110_none_60b5254171f9507e;C:\Program Files\Java\jdk-11.0.16.1\bin\server;C:\ProgramData\A-Volute\DellInc.AlienwareSoundCenter\Modules\ScheduledModules\x64

VM Arguments:
jvm_args: -Dfile.encoding=UTF-8 
java_command: PacketSniffer.Sniffer
java_class_path (initial): C:\Users\TEJASS\Desktop\Packet_Sniffer-master\Packet Capture + Example\jars\dev-classes_net.ultrametrics-0.03.jar;C:\Users\TEJASS\Desktop\Packet_Sniffer-master\Packet Capture + Example\jars\fooware_CommandLine-1.0.jar;C:\Users\TEJASS\Desktop\Packet_Sniffer-master\Packet Capture + Example\jars\javadoc_net.sourceforge.jpcap-0.01.16.jar;C:\Users\TEJASS\Desktop\Packet_Sniffer-master\Packet Capture + Example\jars\net.sourceforge.jpcap-0.01.16.jar;C:\Users\TEJASS\Downloads\jpcap.jar;C:\Users\TEJASS\Desktop\Packet_Sniffer-master\build\classes
Launcher Type: SUN_STANDARD

[Global flags]
     intx CICompilerCount                          = 4                                         {product} {ergonomic}
     uint ConcGCThreads                            = 3                                         {product} {ergonomic}
     uint G1ConcRefinementThreads                  = 10                                        {product} {ergonomic}
   size_t G1HeapRegionSize                         = 1048576                                   {product} {ergonomic}
    uintx GCDrainStackTargetSize                   = 64                                        {product} {ergonomic}
   size_t InitialHeapSize                          = 266338304                                 {product} {ergonomic}
   size_t MarkStackSize                            = 4194304                                   {product} {ergonomic}
   size_t MaxHeapSize                              = 4242538496                                {product} {ergonomic}
   size_t MaxNewSize                               = 2544893952                                {product} {ergonomic}
   size_t MinHeapDeltaBytes                        = 1048576                                   {product} {ergonomic}
    uintx NonNMethodCodeHeapSize                   = 5836300                                {pd product} {ergonomic}
    uintx NonProfiledCodeHeapSize                  = 122910970                              {pd product} {ergonomic}
    uintx ProfiledCodeHeapSize                     = 122910970                              {pd product} {ergonomic}
    uintx ReservedCodeCacheSize                    = 251658240                              {pd product} {ergonomic}
     bool SegmentedCodeCache                       = true                                      {product} {ergonomic}
     bool UseCompressedClassPointers               = true                                 {lp64_product} {ergonomic}
     bool UseCompressedOops                        = true                                 {lp64_product} {ergonomic}
     bool UseG1GC                                  = true                                      {product} {ergonomic}
     bool UseLargePagesIndividualAllocation        = false                                  {pd product} {ergonomic}

Logging:
Log output configuration:
 #0: stdout all=warning uptime,level,tags
 #1: stderr all=off uptime,level,tags

Environment Variables:
PATH=C:\Program Files\Common Files\Oracle\Java\javapath;D:\WINDOWS.X64_193000_db_home\bin;C:\oraclexe\app\oracle\product\11.2.0\server\bin;;C:\Windows\system32;C:\Windows;C:\Windows\System32\Wbem;C:\Windows\System32\WindowsPowerShell\v1.0\;C:\Windows\System32\OpenSSH\;C:\Program Files (x86)\NVIDIA Corporation\PhysX\Common;C:\Program Files\NVIDIA Corporation\NVIDIA NvDLISR;C:\Program Files\dotnet\;C:\TDM-GCC-32\bin;C:\Android;C:\Windows\system32;C:\Windows;C:\Windows\System32\Wbem;C:\Windows\System32\WindowsPowerShell\v1.0\;C:\Windows\System32\OpenSSH\;C:\Program Files (x86)\NVIDIA Corporation\PhysX\Common;C:\Program Files\NVIDIA Corporation\NVIDIA NvDLISR;C:\Program Files (x86)\dotnet\;C:\Program Files\dotnet\;C:\TDM-GCC-32\bin;C:\Android;C:\Users\TEJASS\AppData\Local\Microsoft\WindowsApps;C:\Users\TEJASS\AppData\Local\Programs\Microsoft VS Code\bin;C:\Python37\Scripts
USERNAME=TEJASS
OS=Windows_NT
PROCESSOR_IDENTIFIER=Intel64 Family 6 Model 165 Stepping 2, GenuineIntel



---------------  S Y S T E M  ---------------

OS: Windows 10 , 64 bit Build 19041 (10.0.19041.2251)

CPU:total 12 (initial active 12) (6 cores per cpu, 2 threads per core) family 6 model 165 stepping 2 microcode 0xf0, cmov, cx8, fxsr, mmx, sse, sse2, sse3, ssse3, sse4.1, sse4.2, popcnt, avx, avx2, aes, clmul, erms, 3dnowpref, lzcnt, ht, tsc, tscinvbit, bmi1, bmi2, adx, fma

Memory: 4k page, system-wide physical 16177M (7636M free)
TotalPageFile size 24881M (AvailPageFile size 14354M)
current process WorkingSet (physical memory assigned to process): 86M, peak: 91M
current process commit charge ("private bytes"): 366M, peak: 373M

vm_info: Java HotSpot(TM) 64-Bit Server VM (11.0.16.1+1-LTS-1) for windows-amd64 JRE (11.0.16.1+1-LTS-1), built on Aug 16 2022 01:46:01 by "mach5one" with MS VC++ 15.9 (VS2017)

END.
