#
# A fatal error has been detected by the Java Runtime Environment:
#
#  EXCEPTION_ACCESS_VIOLATION (0xc0000005) at pc=0x00007ffdaf3fe9e0, pid=21760, tid=26816
#
# JRE version: Java(TM) SE Runtime Environment 18.9 (11.0.16.1+1) (build 11.0.16.1+1-LTS-1)
# Java VM: Java HotSpot(TM) 64-Bit Server VM 18.9 (11.0.16.1+1-LTS-1, mixed mode, tiered, compressed oops, g1 gc, windows-amd64)
# Problematic frame:
# V  [jvm.dll+0xfe9e0]
#
# No core dump will be written. Minidumps are not enabled by default on client versions of Windows
#
# If you would like to submit a bug report, please visit:
#   https://bugreport.java.com/bugreport/crash.jsp
#

---------------  S U M M A R Y ------------

Command Line: -Dfile.encoding=UTF-8 PacketSniffer.Sniffer

Host: Intel(R) Core(TM) i7-10750H CPU @ 2.60GHz, 12 cores, 15G,  Windows 10 , 64 bit Build 19041 (10.0.19041.2251)
Time: Wed Nov 30 14:35:33 2022 India Standard Time elapsed time: 378.783088 seconds (0d 0h 6m 18s)

---------------  T H R E A D  ---------------

Current thread (0x0000014a52ad2000):  JavaThread "AWT-EventQueue-0" [_thread_in_vm, id=26816, stack(0x00000022aac00000,0x00000022aad00000)]

Stack: [0x00000022aac00000,0x00000022aad00000],  sp=0x00000022aacfae48,  free space=1003k
Native frames: (J=compiled Java code, j=interpreted, Vv=VM code, C=native code)
V  [jvm.dll+0xfe9e0]

Java frames: (J=compiled Java code, j=interpreted, Vv=VM code)
j  jpcap.JpcapCaptor.setFilter(Ljava/lang/String;Z)V+0
j  PacketSniffer.Sniffer$14.actionPerformed(Ljava/awt/event/ActionEvent;)V+47
j  java.awt.AWTEventMulticaster.actionPerformed(Ljava/awt/event/ActionEvent;)V+21 java.desktop@11.0.16.1
j  java.awt.Button.processActionEvent(Ljava/awt/event/ActionEvent;)V+11 java.desktop@11.0.16.1
j  java.awt.Button.processEvent(Ljava/awt/AWTEvent;)V+12 java.desktop@11.0.16.1
J 1394 c1 java.awt.Component.dispatchEventImpl(Ljava/awt/AWTEvent;)V java.desktop@11.0.16.1 (777 bytes) @ 0x0000014a360ccc74 [0x0000014a360c8ca0+0x0000000000003fd4]
J 2240 c2 java.awt.EventQueue$4.run()Ljava/lang/Object; java.desktop@11.0.16.1 (5 bytes) @ 0x0000014a3d432798 [0x0000014a3d4325e0+0x00000000000001b8]
v  ~StubRoutines::call_stub
J 1046  java.security.AccessController.doPrivileged(Ljava/security/PrivilegedAction;Ljava/security/AccessControlContext;)Ljava/lang/Object; java.base@11.0.16.1 (0 bytes) @ 0x0000014a3d3c0d36 [0x0000014a3d3c0cc0+0x0000000000000076]
J 1420 c1 java.awt.EventQueue$5.run()Ljava/lang/Object; java.desktop@11.0.16.1 (5 bytes) @ 0x0000014a360daf1c [0x0000014a360dabc0+0x000000000000035c]
v  ~StubRoutines::call_stub
J 1046  java.security.AccessController.doPrivileged(Ljava/security/PrivilegedAction;Ljava/security/AccessControlContext;)Ljava/lang/Object; java.base@11.0.16.1 (0 bytes) @ 0x0000014a3d3c0d36 [0x0000014a3d3c0cc0+0x0000000000000076]
J 2196 c2 java.awt.EventQueue.dispatchEvent(Ljava/awt/AWTEvent;)V java.desktop@11.0.16.1 (80 bytes) @ 0x0000014a3d41f748 [0x0000014a3d41f260+0x00000000000004e8]
J 2234 c2 java.awt.EventDispatchThread.pumpOneEventForFilters(I)V java.desktop@11.0.16.1 (113 bytes) @ 0x0000014a3d430c98 [0x0000014a3d4307e0+0x00000000000004b8]
j  java.awt.EventDispatchThread.pumpEventsForFilter(ILjava/awt/Conditional;Ljava/awt/EventFilter;)V+35 java.desktop@11.0.16.1
j  java.awt.EventDispatchThread.pumpEventsForHierarchy(ILjava/awt/Conditional;Ljava/awt/Component;)V+11 java.desktop@11.0.16.1
j  java.awt.EventDispatchThread.pumpEvents(ILjava/awt/Conditional;)V+4 java.desktop@11.0.16.1
j  java.awt.EventDispatchThread.pumpEvents(Ljava/awt/Conditional;)V+3 java.desktop@11.0.16.1
j  java.awt.EventDispatchThread.run()V+9 java.desktop@11.0.16.1
v  ~StubRoutines::call_stub

siginfo: EXCEPTION_ACCESS_VIOLATION (0xc0000005), reading address 0x0000000000000000


Register to memory mapping:

RIP=0x00007ffdaf3fe9e0 jvm.dll
RAX=0x0 is NULL
RBX=0x0000014a52ad2000 is a thread
RCX=0x0 is NULL
RDX=0x0000000000000006 is an unknown value
RSP=0x00000022aacfae48 is pointing into the stack for thread: 0x0000014a52ad2000
RBP=0x0000014a52ad2000 is a thread
RSI=0x0 is NULL
RDI=0x0 is NULL
R8 =0x0 is NULL
R9 =0x0000000000000001 is an unknown value
R10=0x0000014a358af348 is at code_begin+1000 in an Interpreter codelet
method entry point (kind = native)  [0x0000014a358aef60, 0x0000014a358afa00]  2720 bytes
R11=0x0000000000000101 is an unknown value
R12=0x0 is NULL
R13=0x0000014a55160998 is pointing into metadata
R14=0x0000014a52ad2300 points into unknown readable memory: 0x0000000056550ac4 | c4 0a 55 56 00 00 00 00
R15=0x0 is NULL


Registers:
RAX=0x0000000000000000, RBX=0x0000014a52ad2000, RCX=0x0000000000000000, RDX=0x0000000000000006
RSP=0x00000022aacfae48, RBP=0x0000014a52ad2000, RSI=0x0000000000000000, RDI=0x0000000000000000
R8 =0x0000000000000000, R9 =0x0000000000000001, R10=0x0000014a358af348, R11=0x0000000000000101
R12=0x0000000000000000, R13=0x0000014a55160998, R14=0x0000014a52ad2300, R15=0x0000000000000000
RIP=0x00007ffdaf3fe9e0, EFLAGS=0x0000000000010246

Top of Stack: (sp=0x00000022aacfae48)
0x00000022aacfae48:   00007ffdaf69fa1b 0000014a52ad2000
0x00000022aacfae58:   00007ffdaf40044a 0000014a522dd500
0x00000022aacfae68:   0000014a52ad2000 0000014a52ad2000
0x00000022aacfae78:   0000000000000000 0000014a52ad2000
0x00000022aacfae88:   00007ffdaf8fd930 0000000000000000
0x00000022aacfae98:   00000022aacfaf50 0000014a521b9e02
0x00000022aacfaea8:   00007ffdaf9f89e4 0000014a2e1e15e0
0x00000022aacfaeb8:   00007ffdaf8fd5f5 0000014a52ad2000
0x00000022aacfaec8:   0000014a52ad2348 00000022aacfb820
0x00000022aacfaed8:   00007ffe15251ffe 0000014a551609a0
0x00000022aacfaee8:   0000000000000000 0000000000000001
0x00000022aacfaef8:   0000014a52ad2000 00000022aacfaf00
0x00000022aacfaf08:   00000022aacfaf48 0000014a52c24980
0x00000022aacfaf18:   00007ffdaf91b3a1 0000014a2e1e15e0
0x00000022aacfaf28:   0000000712c014b0 0000000000000000
0x00000022aacfaf38:   00000022aacfaff0 0000014a521b9e02 

Instructions: (pc=0x00007ffdaf3fe9e0)
0x00007ffdaf3fe9c0:   ff e0 cc cc cc cc cc cc cc cc cc cc cc cc cc cc
0x00007ffdaf3fe9d0:   8b 05 32 e5 8f 00 c3 cc cc cc cc cc cc cc cc cc
0x00007ffdaf3fe9e0:   48 8b 01 c3 cc cc cc cc cc cc cc cc cc cc cc cc
0x00007ffdaf3fe9f0:   8b 01 85 c0 75 03 33 c0 c3 8b 0d 09 e5 8f 00 48 


Stack slot to memory mapping:
stack at sp + 0 slots: 0x00007ffdaf69fa1b jvm.dll
stack at sp + 1 slots: 0x0000014a52ad2000 is a thread
stack at sp + 2 slots: 0x00007ffdaf40044a jvm.dll
stack at sp + 3 slots: 0x0000014a522dd500 points into unknown readable memory: 0x21f822c800000002 | 02 00 00 00 c8 22 f8 21
stack at sp + 4 slots: 0x0000014a52ad2000 is a thread
stack at sp + 5 slots: 0x0000014a52ad2000 is a thread
stack at sp + 6 slots: 0x0 is NULL
stack at sp + 7 slots: 0x0000014a52ad2000 is a thread


---------------  P R O C E S S  ---------------

Threads class SMR info:
_java_thread_list=0x0000014a52873ac0, length=16, elements={
0x0000014a518f9000, 0x0000014a518fa800, 0x0000014a5220d800, 0x0000014a5220e800,
0x0000014a5220f800, 0x0000014a52215000, 0x0000014a52218000, 0x0000014a52219000,
0x0000014a523a6000, 0x0000014a5288e000, 0x0000014a5288e800, 0x0000014a52846800,
0x0000014a52ad2000, 0x0000014a5297e800, 0x0000014a2e1e5800, 0x0000014a52504000
}

Java Threads: ( => current thread )
  0x0000014a518f9000 JavaThread "Reference Handler" daemon [_thread_blocked, id=15032, stack(0x00000022a9d00000,0x00000022a9e00000)]
  0x0000014a518fa800 JavaThread "Finalizer" daemon [_thread_blocked, id=19028, stack(0x00000022a9e00000,0x00000022a9f00000)]
  0x0000014a5220d800 JavaThread "Signal Dispatcher" daemon [_thread_blocked, id=14052, stack(0x00000022a9f00000,0x00000022aa000000)]
  0x0000014a5220e800 JavaThread "Attach Listener" daemon [_thread_blocked, id=13648, stack(0x00000022aa000000,0x00000022aa100000)]
  0x0000014a5220f800 JavaThread "Service Thread" daemon [_thread_blocked, id=27960, stack(0x00000022aa100000,0x00000022aa200000)]
  0x0000014a52215000 JavaThread "C2 CompilerThread0" daemon [_thread_in_native, id=16784, stack(0x00000022aa200000,0x00000022aa300000)]
  0x0000014a52218000 JavaThread "C1 CompilerThread0" daemon [_thread_blocked, id=16808, stack(0x00000022aa300000,0x00000022aa400000)]
  0x0000014a52219000 JavaThread "Sweeper thread" daemon [_thread_blocked, id=28932, stack(0x00000022aa400000,0x00000022aa500000)]
  0x0000014a523a6000 JavaThread "Common-Cleaner" daemon [_thread_blocked, id=22152, stack(0x00000022aa600000,0x00000022aa700000)]
  0x0000014a5288e000 JavaThread "Java2D Disposer" daemon [_thread_blocked, id=12844, stack(0x00000022aa700000,0x00000022aa800000)]
  0x0000014a5288e800 JavaThread "AWT-Shutdown" [_thread_blocked, id=20836, stack(0x00000022aa800000,0x00000022aa900000)]
  0x0000014a52846800 JavaThread "AWT-Windows" daemon [_thread_in_native, id=17456, stack(0x00000022aa900000,0x00000022aaa00000)]
=>0x0000014a52ad2000 JavaThread "AWT-EventQueue-0" [_thread_in_vm, id=26816, stack(0x00000022aac00000,0x00000022aad00000)]
  0x0000014a5297e800 JavaThread "TimerQueue" daemon [_thread_blocked, id=24056, stack(0x00000022aaa00000,0x00000022aab00000)]
  0x0000014a2e1e5800 JavaThread "DestroyJavaVM" [_thread_blocked, id=28344, stack(0x00000022a9600000,0x00000022a9700000)]
  0x0000014a52504000 JavaThread "Thread-3" [_thread_in_native, id=2008, stack(0x00000022a9300000,0x00000022a9400000)]

Other Threads:
  0x0000014a51920800 VMThread "VM Thread" [stack: 0x00000022a9c00000,0x00000022a9d00000] [id=19032]
  0x0000014a523a0800 WatcherThread [stack: 0x00000022aa500000,0x00000022aa600000] [id=17568]
  0x0000014a2e1fa800 GCTaskThread "GC Thread#0" [stack: 0x00000022a9700000,0x00000022a9800000] [id=19088]
  0x0000014a54402800 GCTaskThread "GC Thread#1" [stack: 0x00000022aab00000,0x00000022aac00000] [id=21796]
  0x0000014a52c7f000 GCTaskThread "GC Thread#2" [stack: 0x00000022aad00000,0x00000022aae00000] [id=17212]
  0x0000014a52712000 GCTaskThread "GC Thread#3" [stack: 0x00000022aae00000,0x00000022aaf00000] [id=27492]
  0x0000014a52c1b000 GCTaskThread "GC Thread#4" [stack: 0x00000022aaf00000,0x00000022ab000000] [id=19044]
  0x0000014a5266e000 GCTaskThread "GC Thread#5" [stack: 0x00000022ab000000,0x00000022ab100000] [id=28496]
  0x0000014a52669000 GCTaskThread "GC Thread#6" [stack: 0x00000022ab100000,0x00000022ab200000] [id=17308]
  0x0000014a52667800 GCTaskThread "GC Thread#7" [stack: 0x00000022ab200000,0x00000022ab300000] [id=25768]
  0x0000014a2e257800 ConcurrentGCThread "G1 Main Marker" [stack: 0x00000022a9800000,0x00000022a9900000] [id=19636]
  0x0000014a2e258800 ConcurrentGCThread "G1 Conc#0" [stack: 0x00000022a9900000,0x00000022a9a00000] [id=29672]
  0x0000014a517e4000 ConcurrentGCThread "G1 Refine#0" [stack: 0x00000022a9a00000,0x00000022a9b00000] [id=23652]
  0x0000014a517e6000 ConcurrentGCThread "G1 Young RemSet Sampling" [stack: 0x00000022a9b00000,0x00000022a9c00000] [id=13108]

Threads with active compile tasks:
C2 CompilerThread0   378810 2360       4       sun.awt.SunToolkit::postEvent (144 bytes)

VM state:not at safepoint (normal execution)

VM Mutex/Monitor currently owned by a thread: None

Heap address: 0x0000000703200000, size: 4046 MB, Compressed Oops mode: Zero based, Oop shift amount: 3
Narrow klass base: 0x0000000800000000, Narrow klass shift: 0
Compressed class space size: 1073741824 Address: 0x0000000800000000

Heap:
 garbage-first heap   total 260096K, used 8952K [0x0000000703200000, 0x0000000800000000)
  region size 1024K, 7 young (7168K), 3 survivors (3072K)
 Metaspace       used 17963K, capacity 18382K, committed 18560K, reserved 1064960K
  class space    used 1910K, capacity 2119K, committed 2176K, reserved 1048576K
Heap Regions: E=young(eden), S=young(survivor), O=old, HS=humongous(starts), HC=humongous(continues), CS=collection set, F=free, A=archive, TAMS=top-at-mark-start (previous, next)
|   0|0x0000000703200000, 0x0000000703300000, 0x0000000703300000|100%|HS|  |TAMS 0x0000000703200000, 0x0000000703200000| Complete 
|   1|0x0000000703300000, 0x0000000703400000, 0x0000000703400000|100%|HC|  |TAMS 0x0000000703300000, 0x0000000703300000| Complete 
|   2|0x0000000703400000, 0x0000000703500000, 0x0000000703500000|100%|HC|  |TAMS 0x0000000703400000, 0x0000000703400000| Complete 
|   3|0x0000000703500000, 0x0000000703500000, 0x0000000703600000|  0%| F|  |TAMS 0x0000000703500000, 0x0000000703500000| Untracked 
|   4|0x0000000703600000, 0x0000000703600000, 0x0000000703700000|  0%| F|  |TAMS 0x0000000703600000, 0x0000000703600000| Untracked 
|   5|0x0000000703700000, 0x0000000703700000, 0x0000000703800000|  0%| F|  |TAMS 0x0000000703700000, 0x0000000703700000| Untracked 
|   6|0x0000000703800000, 0x0000000703800000, 0x0000000703900000|  0%| F|  |TAMS 0x0000000703800000, 0x0000000703800000| Untracked 
|   7|0x0000000703900000, 0x0000000703900000, 0x0000000703a00000|  0%| F|  |TAMS 0x0000000703900000, 0x0000000703900000| Untracked 
|   8|0x0000000703a00000, 0x0000000703a00000, 0x0000000703b00000|  0%| F|  |TAMS 0x0000000703a00000, 0x0000000703a00000| Untracked 
|   9|0x0000000703b00000, 0x0000000703b00000, 0x0000000703c00000|  0%| F|  |TAMS 0x0000000703b00000, 0x0000000703b00000| Untracked 
|  10|0x0000000703c00000, 0x0000000703c00000, 0x0000000703d00000|  0%| F|  |TAMS 0x0000000703c00000, 0x0000000703c00000| Untracked 
|  11|0x0000000703d00000, 0x0000000703d00000, 0x0000000703e00000|  0%| F|  |TAMS 0x0000000703d00000, 0x0000000703d00000| Untracked 
|  12|0x0000000703e00000, 0x0000000703e00000, 0x0000000703f00000|  0%| F|  |TAMS 0x0000000703e00000, 0x0000000703e00000| Untracked 
|  13|0x0000000703f00000, 0x0000000703f00000, 0x0000000704000000|  0%| F|  |TAMS 0x0000000703f00000, 0x0000000703f00000| Untracked 
|  14|0x0000000704000000, 0x0000000704000000, 0x0000000704100000|  0%| F|  |TAMS 0x0000000704000000, 0x0000000704000000| Untracked 
|  15|0x0000000704100000, 0x0000000704100000, 0x0000000704200000|  0%| F|  |TAMS 0x0000000704100000, 0x0000000704100000| Untracked 
|  16|0x0000000704200000, 0x0000000704200000, 0x0000000704300000|  0%| F|  |TAMS 0x0000000704200000, 0x0000000704200000| Untracked 
|  17|0x0000000704300000, 0x0000000704300000, 0x0000000704400000|  0%| F|  |TAMS 0x0000000704300000, 0x0000000704300000| Untracked 
|  18|0x0000000704400000, 0x0000000704400000, 0x0000000704500000|  0%| F|  |TAMS 0x0000000704400000, 0x0000000704400000| Untracked 
|  19|0x0000000704500000, 0x0000000704500000, 0x0000000704600000|  0%| F|  |TAMS 0x0000000704500000, 0x0000000704500000| Untracked 
|  20|0x0000000704600000, 0x0000000704600000, 0x0000000704700000|  0%| F|  |TAMS 0x0000000704600000, 0x0000000704600000| Untracked 
|  21|0x0000000704700000, 0x0000000704700000, 0x0000000704800000|  0%| F|  |TAMS 0x0000000704700000, 0x0000000704700000| Untracked 
|  22|0x0000000704800000, 0x0000000704800000, 0x0000000704900000|  0%| F|  |TAMS 0x0000000704800000, 0x0000000704800000| Untracked 
|  23|0x0000000704900000, 0x0000000704900000, 0x0000000704a00000|  0%| F|  |TAMS 0x0000000704900000, 0x0000000704900000| Untracked 
|  24|0x0000000704a00000, 0x0000000704a00000, 0x0000000704b00000|  0%| F|  |TAMS 0x0000000704a00000, 0x0000000704a00000| Untracked 
|  25|0x0000000704b00000, 0x0000000704b00000, 0x0000000704c00000|  0%| F|  |TAMS 0x0000000704b00000, 0x0000000704b00000| Untracked 
|  26|0x0000000704c00000, 0x0000000704c00000, 0x0000000704d00000|  0%| F|  |TAMS 0x0000000704c00000, 0x0000000704c00000| Untracked 
|  27|0x0000000704d00000, 0x0000000704d00000, 0x0000000704e00000|  0%| F|  |TAMS 0x0000000704d00000, 0x0000000704d00000| Untracked 
|  28|0x0000000704e00000, 0x0000000704e00000, 0x0000000704f00000|  0%| F|  |TAMS 0x0000000704e00000, 0x0000000704e00000| Untracked 
|  29|0x0000000704f00000, 0x0000000704f00000, 0x0000000705000000|  0%| F|  |TAMS 0x0000000704f00000, 0x0000000704f00000| Untracked 
|  30|0x0000000705000000, 0x0000000705000000, 0x0000000705100000|  0%| F|  |TAMS 0x0000000705000000, 0x0000000705000000| Untracked 
|  31|0x0000000705100000, 0x0000000705100000, 0x0000000705200000|  0%| F|  |TAMS 0x0000000705100000, 0x0000000705100000| Untracked 
|  32|0x0000000705200000, 0x0000000705200000, 0x0000000705300000|  0%| F|  |TAMS 0x0000000705200000, 0x0000000705200000| Untracked 
|  33|0x0000000705300000, 0x0000000705300000, 0x0000000705400000|  0%| F|  |TAMS 0x0000000705300000, 0x0000000705300000| Untracked 
|  34|0x0000000705400000, 0x0000000705400000, 0x0000000705500000|  0%| F|  |TAMS 0x0000000705400000, 0x0000000705400000| Untracked 
|  35|0x0000000705500000, 0x0000000705500000, 0x0000000705600000|  0%| F|  |TAMS 0x0000000705500000, 0x0000000705500000| Untracked 
|  36|0x0000000705600000, 0x0000000705600000, 0x0000000705700000|  0%| F|  |TAMS 0x0000000705600000, 0x0000000705600000| Untracked 
|  37|0x0000000705700000, 0x0000000705700000, 0x0000000705800000|  0%| F|  |TAMS 0x0000000705700000, 0x0000000705700000| Untracked 
|  38|0x0000000705800000, 0x0000000705800000, 0x0000000705900000|  0%| F|  |TAMS 0x0000000705800000, 0x0000000705800000| Untracked 
|  39|0x0000000705900000, 0x0000000705900000, 0x0000000705a00000|  0%| F|  |TAMS 0x0000000705900000, 0x0000000705900000| Untracked 
|  40|0x0000000705a00000, 0x0000000705a00000, 0x0000000705b00000|  0%| F|  |TAMS 0x0000000705a00000, 0x0000000705a00000| Untracked 
|  41|0x0000000705b00000, 0x0000000705b00000, 0x0000000705c00000|  0%| F|  |TAMS 0x0000000705b00000, 0x0000000705b00000| Untracked 
|  42|0x0000000705c00000, 0x0000000705c00000, 0x0000000705d00000|  0%| F|  |TAMS 0x0000000705c00000, 0x0000000705c00000| Untracked 
|  43|0x0000000705d00000, 0x0000000705d00000, 0x0000000705e00000|  0%| F|  |TAMS 0x0000000705d00000, 0x0000000705d00000| Untracked 
|  44|0x0000000705e00000, 0x0000000705e00000, 0x0000000705f00000|  0%| F|  |TAMS 0x0000000705e00000, 0x0000000705e00000| Untracked 
|  45|0x0000000705f00000, 0x0000000705f00000, 0x0000000706000000|  0%| F|  |TAMS 0x0000000705f00000, 0x0000000705f00000| Untracked 
|  46|0x0000000706000000, 0x0000000706000000, 0x0000000706100000|  0%| F|  |TAMS 0x0000000706000000, 0x0000000706000000| Untracked 
|  47|0x0000000706100000, 0x0000000706100000, 0x0000000706200000|  0%| F|  |TAMS 0x0000000706100000, 0x0000000706100000| Untracked 
|  48|0x0000000706200000, 0x0000000706200000, 0x0000000706300000|  0%| F|  |TAMS 0x0000000706200000, 0x0000000706200000| Untracked 
|  49|0x0000000706300000, 0x0000000706300000, 0x0000000706400000|  0%| F|  |TAMS 0x0000000706300000, 0x0000000706300000| Untracked 
|  50|0x0000000706400000, 0x0000000706400000, 0x0000000706500000|  0%| F|  |TAMS 0x0000000706400000, 0x0000000706400000| Untracked 
|  51|0x0000000706500000, 0x0000000706500000, 0x0000000706600000|  0%| F|  |TAMS 0x0000000706500000, 0x0000000706500000| Untracked 
|  52|0x0000000706600000, 0x0000000706600000, 0x0000000706700000|  0%| F|  |TAMS 0x0000000706600000, 0x0000000706600000| Untracked 
|  53|0x0000000706700000, 0x0000000706700000, 0x0000000706800000|  0%| F|  |TAMS 0x0000000706700000, 0x0000000706700000| Untracked 
|  54|0x0000000706800000, 0x0000000706800000, 0x0000000706900000|  0%| F|  |TAMS 0x0000000706800000, 0x0000000706800000| Untracked 
|  55|0x0000000706900000, 0x0000000706900000, 0x0000000706a00000|  0%| F|  |TAMS 0x0000000706900000, 0x0000000706900000| Untracked 
|  56|0x0000000706a00000, 0x0000000706a00000, 0x0000000706b00000|  0%| F|  |TAMS 0x0000000706a00000, 0x0000000706a00000| Untracked 
|  57|0x0000000706b00000, 0x0000000706b00000, 0x0000000706c00000|  0%| F|  |TAMS 0x0000000706b00000, 0x0000000706b00000| Untracked 
|  58|0x0000000706c00000, 0x0000000706c00000, 0x0000000706d00000|  0%| F|  |TAMS 0x0000000706c00000, 0x0000000706c00000| Untracked 
|  59|0x0000000706d00000, 0x0000000706d00000, 0x0000000706e00000|  0%| F|  |TAMS 0x0000000706d00000, 0x0000000706d00000| Untracked 
|  60|0x0000000706e00000, 0x0000000706e00000, 0x0000000706f00000|  0%| F|  |TAMS 0x0000000706e00000, 0x0000000706e00000| Untracked 
|  61|0x0000000706f00000, 0x0000000706f00000, 0x0000000707000000|  0%| F|  |TAMS 0x0000000706f00000, 0x0000000706f00000| Untracked 
|  62|0x0000000707000000, 0x0000000707000000, 0x0000000707100000|  0%| F|  |TAMS 0x0000000707000000, 0x0000000707000000| Untracked 
|  63|0x0000000707100000, 0x0000000707100000, 0x0000000707200000|  0%| F|  |TAMS 0x0000000707100000, 0x0000000707100000| Untracked 
|  64|0x0000000707200000, 0x0000000707200000, 0x0000000707300000|  0%| F|  |TAMS 0x0000000707200000, 0x0000000707200000| Untracked 
|  65|0x0000000707300000, 0x0000000707300000, 0x0000000707400000|  0%| F|  |TAMS 0x0000000707300000, 0x0000000707300000| Untracked 
|  66|0x0000000707400000, 0x0000000707400000, 0x0000000707500000|  0%| F|  |TAMS 0x0000000707400000, 0x0000000707400000| Untracked 
|  67|0x0000000707500000, 0x0000000707500000, 0x0000000707600000|  0%| F|  |TAMS 0x0000000707500000, 0x0000000707500000| Untracked 
|  68|0x0000000707600000, 0x0000000707600000, 0x0000000707700000|  0%| F|  |TAMS 0x0000000707600000, 0x0000000707600000| Untracked 
|  69|0x0000000707700000, 0x0000000707700000, 0x0000000707800000|  0%| F|  |TAMS 0x0000000707700000, 0x0000000707700000| Untracked 
|  70|0x0000000707800000, 0x0000000707800000, 0x0000000707900000|  0%| F|  |TAMS 0x0000000707800000, 0x0000000707800000| Untracked 
|  71|0x0000000707900000, 0x0000000707900000, 0x0000000707a00000|  0%| F|  |TAMS 0x0000000707900000, 0x0000000707900000| Untracked 
|  72|0x0000000707a00000, 0x0000000707a00000, 0x0000000707b00000|  0%| F|  |TAMS 0x0000000707a00000, 0x0000000707a00000| Untracked 
|  73|0x0000000707b00000, 0x0000000707b00000, 0x0000000707c00000|  0%| F|  |TAMS 0x0000000707b00000, 0x0000000707b00000| Untracked 
|  74|0x0000000707c00000, 0x0000000707c00000, 0x0000000707d00000|  0%| F|  |TAMS 0x0000000707c00000, 0x0000000707c00000| Untracked 
|  75|0x0000000707d00000, 0x0000000707d00000, 0x0000000707e00000|  0%| F|  |TAMS 0x0000000707d00000, 0x0000000707d00000| Untracked 
|  76|0x0000000707e00000, 0x0000000707e00000, 0x0000000707f00000|  0%| F|  |TAMS 0x0000000707e00000, 0x0000000707e00000| Untracked 
|  77|0x0000000707f00000, 0x0000000707f00000, 0x0000000708000000|  0%| F|  |TAMS 0x0000000707f00000, 0x0000000707f00000| Untracked 
|  78|0x0000000708000000, 0x0000000708000000, 0x0000000708100000|  0%| F|  |TAMS 0x0000000708000000, 0x0000000708000000| Untracked 
|  79|0x0000000708100000, 0x0000000708100000, 0x0000000708200000|  0%| F|  |TAMS 0x0000000708100000, 0x0000000708100000| Untracked 
|  80|0x0000000708200000, 0x0000000708200000, 0x0000000708300000|  0%| F|  |TAMS 0x0000000708200000, 0x0000000708200000| Untracked 
|  81|0x0000000708300000, 0x0000000708300000, 0x0000000708400000|  0%| F|  |TAMS 0x0000000708300000, 0x0000000708300000| Untracked 
|  82|0x0000000708400000, 0x0000000708400000, 0x0000000708500000|  0%| F|  |TAMS 0x0000000708400000, 0x0000000708400000| Untracked 
|  83|0x0000000708500000, 0x0000000708500000, 0x0000000708600000|  0%| F|  |TAMS 0x0000000708500000, 0x0000000708500000| Untracked 
|  84|0x0000000708600000, 0x0000000708600000, 0x0000000708700000|  0%| F|  |TAMS 0x0000000708600000, 0x0000000708600000| Untracked 
|  85|0x0000000708700000, 0x0000000708700000, 0x0000000708800000|  0%| F|  |TAMS 0x0000000708700000, 0x0000000708700000| Untracked 
|  86|0x0000000708800000, 0x0000000708800000, 0x0000000708900000|  0%| F|  |TAMS 0x0000000708800000, 0x0000000708800000| Untracked 
|  87|0x0000000708900000, 0x0000000708900000, 0x0000000708a00000|  0%| F|  |TAMS 0x0000000708900000, 0x0000000708900000| Untracked 
|  88|0x0000000708a00000, 0x0000000708a00000, 0x0000000708b00000|  0%| F|  |TAMS 0x0000000708a00000, 0x0000000708a00000| Untracked 
|  89|0x0000000708b00000, 0x0000000708b00000, 0x0000000708c00000|  0%| F|  |TAMS 0x0000000708b00000, 0x0000000708b00000| Untracked 
|  90|0x0000000708c00000, 0x0000000708c00000, 0x0000000708d00000|  0%| F|  |TAMS 0x0000000708c00000, 0x0000000708c00000| Untracked 
|  91|0x0000000708d00000, 0x0000000708d00000, 0x0000000708e00000|  0%| F|  |TAMS 0x0000000708d00000, 0x0000000708d00000| Untracked 
|  92|0x0000000708e00000, 0x0000000708e00000, 0x0000000708f00000|  0%| F|  |TAMS 0x0000000708e00000, 0x0000000708e00000| Untracked 
|  93|0x0000000708f00000, 0x0000000708f00000, 0x0000000709000000|  0%| F|  |TAMS 0x0000000708f00000, 0x0000000708f00000| Untracked 
|  94|0x0000000709000000, 0x0000000709000000, 0x0000000709100000|  0%| F|  |TAMS 0x0000000709000000, 0x0000000709000000| Untracked 
|  95|0x0000000709100000, 0x0000000709100000, 0x0000000709200000|  0%| F|  |TAMS 0x0000000709100000, 0x0000000709100000| Untracked 
|  96|0x0000000709200000, 0x0000000709200000, 0x0000000709300000|  0%| F|  |TAMS 0x0000000709200000, 0x0000000709200000| Untracked 
|  97|0x0000000709300000, 0x0000000709300000, 0x0000000709400000|  0%| F|  |TAMS 0x0000000709300000, 0x0000000709300000| Untracked 
|  98|0x0000000709400000, 0x0000000709400000, 0x0000000709500000|  0%| F|  |TAMS 0x0000000709400000, 0x0000000709400000| Untracked 
|  99|0x0000000709500000, 0x0000000709500000, 0x0000000709600000|  0%| F|  |TAMS 0x0000000709500000, 0x0000000709500000| Untracked 
| 100|0x0000000709600000, 0x0000000709600000, 0x0000000709700000|  0%| F|  |TAMS 0x0000000709600000, 0x0000000709600000| Untracked 
| 101|0x0000000709700000, 0x0000000709700000, 0x0000000709800000|  0%| F|  |TAMS 0x0000000709700000, 0x0000000709700000| Untracked 
| 102|0x0000000709800000, 0x0000000709800000, 0x0000000709900000|  0%| F|  |TAMS 0x0000000709800000, 0x0000000709800000| Untracked 
| 103|0x0000000709900000, 0x0000000709900000, 0x0000000709a00000|  0%| F|  |TAMS 0x0000000709900000, 0x0000000709900000| Untracked 
| 104|0x0000000709a00000, 0x0000000709a00000, 0x0000000709b00000|  0%| F|  |TAMS 0x0000000709a00000, 0x0000000709a00000| Untracked 
| 105|0x0000000709b00000, 0x0000000709b00000, 0x0000000709c00000|  0%| F|  |TAMS 0x0000000709b00000, 0x0000000709b00000| Untracked 
| 106|0x0000000709c00000, 0x0000000709c00000, 0x0000000709d00000|  0%| F|  |TAMS 0x0000000709c00000, 0x0000000709c00000| Untracked 
| 107|0x0000000709d00000, 0x0000000709d00000, 0x0000000709e00000|  0%| F|  |TAMS 0x0000000709d00000, 0x0000000709d00000| Untracked 
| 108|0x0000000709e00000, 0x0000000709e00000, 0x0000000709f00000|  0%| F|  |TAMS 0x0000000709e00000, 0x0000000709e00000| Untracked 
| 109|0x0000000709f00000, 0x0000000709f00000, 0x000000070a000000|  0%| F|  |TAMS 0x0000000709f00000, 0x0000000709f00000| Untracked 
| 110|0x000000070a000000, 0x000000070a000000, 0x000000070a100000|  0%| F|  |TAMS 0x000000070a000000, 0x000000070a000000| Untracked 
| 111|0x000000070a100000, 0x000000070a100000, 0x000000070a200000|  0%| F|  |TAMS 0x000000070a100000, 0x000000070a100000| Untracked 
| 112|0x000000070a200000, 0x000000070a200000, 0x000000070a300000|  0%| F|  |TAMS 0x000000070a200000, 0x000000070a200000| Untracked 
| 113|0x000000070a300000, 0x000000070a300000, 0x000000070a400000|  0%| F|  |TAMS 0x000000070a300000, 0x000000070a300000| Untracked 
| 114|0x000000070a400000, 0x000000070a400000, 0x000000070a500000|  0%| F|  |TAMS 0x000000070a400000, 0x000000070a400000| Untracked 
| 115|0x000000070a500000, 0x000000070a500000, 0x000000070a600000|  0%| F|  |TAMS 0x000000070a500000, 0x000000070a500000| Untracked 
| 116|0x000000070a600000, 0x000000070a600000, 0x000000070a700000|  0%| F|  |TAMS 0x000000070a600000, 0x000000070a600000| Untracked 
| 117|0x000000070a700000, 0x000000070a700000, 0x000000070a800000|  0%| F|  |TAMS 0x000000070a700000, 0x000000070a700000| Untracked 
| 118|0x000000070a800000, 0x000000070a800000, 0x000000070a900000|  0%| F|  |TAMS 0x000000070a800000, 0x000000070a800000| Untracked 
| 119|0x000000070a900000, 0x000000070a900000, 0x000000070aa00000|  0%| F|  |TAMS 0x000000070a900000, 0x000000070a900000| Untracked 
| 120|0x000000070aa00000, 0x000000070aa00000, 0x000000070ab00000|  0%| F|  |TAMS 0x000000070aa00000, 0x000000070aa00000| Untracked 
| 121|0x000000070ab00000, 0x000000070ab00000, 0x000000070ac00000|  0%| F|  |TAMS 0x000000070ab00000, 0x000000070ab00000| Untracked 
| 122|0x000000070ac00000, 0x000000070ac00000, 0x000000070ad00000|  0%| F|  |TAMS 0x000000070ac00000, 0x000000070ac00000| Untracked 
| 123|0x000000070ad00000, 0x000000070ad00000, 0x000000070ae00000|  0%| F|  |TAMS 0x000000070ad00000, 0x000000070ad00000| Untracked 
| 124|0x000000070ae00000, 0x000000070ae00000, 0x000000070af00000|  0%| F|  |TAMS 0x000000070ae00000, 0x000000070ae00000| Untracked 
| 125|0x000000070af00000, 0x000000070af00000, 0x000000070b000000|  0%| F|  |TAMS 0x000000070af00000, 0x000000070af00000| Untracked 
| 126|0x000000070b000000, 0x000000070b000000, 0x000000070b100000|  0%| F|  |TAMS 0x000000070b000000, 0x000000070b000000| Untracked 
| 127|0x000000070b100000, 0x000000070b100000, 0x000000070b200000|  0%| F|  |TAMS 0x000000070b100000, 0x000000070b100000| Untracked 
| 128|0x000000070b200000, 0x000000070b200000, 0x000000070b300000|  0%| F|  |TAMS 0x000000070b200000, 0x000000070b200000| Untracked 
| 129|0x000000070b300000, 0x000000070b300000, 0x000000070b400000|  0%| F|  |TAMS 0x000000070b300000, 0x000000070b300000| Untracked 
| 130|0x000000070b400000, 0x000000070b400000, 0x000000070b500000|  0%| F|  |TAMS 0x000000070b400000, 0x000000070b400000| Untracked 
| 131|0x000000070b500000, 0x000000070b500000, 0x000000070b600000|  0%| F|  |TAMS 0x000000070b500000, 0x000000070b500000| Untracked 
| 132|0x000000070b600000, 0x000000070b600000, 0x000000070b700000|  0%| F|  |TAMS 0x000000070b600000, 0x000000070b600000| Untracked 
| 133|0x000000070b700000, 0x000000070b700000, 0x000000070b800000|  0%| F|  |TAMS 0x000000070b700000, 0x000000070b700000| Untracked 
| 134|0x000000070b800000, 0x000000070b800000, 0x000000070b900000|  0%| F|  |TAMS 0x000000070b800000, 0x000000070b800000| Untracked 
| 135|0x000000070b900000, 0x000000070b900000, 0x000000070ba00000|  0%| F|  |TAMS 0x000000070b900000, 0x000000070b900000| Untracked 
| 136|0x000000070ba00000, 0x000000070ba00000, 0x000000070bb00000|  0%| F|  |TAMS 0x000000070ba00000, 0x000000070ba00000| Untracked 
| 137|0x000000070bb00000, 0x000000070bb00000, 0x000000070bc00000|  0%| F|  |TAMS 0x000000070bb00000, 0x000000070bb00000| Untracked 
| 138|0x000000070bc00000, 0x000000070bc00000, 0x000000070bd00000|  0%| F|  |TAMS 0x000000070bc00000, 0x000000070bc00000| Untracked 
| 139|0x000000070bd00000, 0x000000070bd00000, 0x000000070be00000|  0%| F|  |TAMS 0x000000070bd00000, 0x000000070bd00000| Untracked 
| 140|0x000000070be00000, 0x000000070be00000, 0x000000070bf00000|  0%| F|  |TAMS 0x000000070be00000, 0x000000070be00000| Untracked 
| 141|0x000000070bf00000, 0x000000070bf00000, 0x000000070c000000|  0%| F|  |TAMS 0x000000070bf00000, 0x000000070bf00000| Untracked 
| 142|0x000000070c000000, 0x000000070c000000, 0x000000070c100000|  0%| F|  |TAMS 0x000000070c000000, 0x000000070c000000| Untracked 
| 143|0x000000070c100000, 0x000000070c100000, 0x000000070c200000|  0%| F|  |TAMS 0x000000070c100000, 0x000000070c100000| Untracked 
| 144|0x000000070c200000, 0x000000070c200000, 0x000000070c300000|  0%| F|  |TAMS 0x000000070c200000, 0x000000070c200000| Untracked 
| 145|0x000000070c300000, 0x000000070c300000, 0x000000070c400000|  0%| F|  |TAMS 0x000000070c300000, 0x000000070c300000| Untracked 
| 146|0x000000070c400000, 0x000000070c400000, 0x000000070c500000|  0%| F|  |TAMS 0x000000070c400000, 0x000000070c400000| Untracked 
| 147|0x000000070c500000, 0x000000070c500000, 0x000000070c600000|  0%| F|  |TAMS 0x000000070c500000, 0x000000070c500000| Untracked 
| 148|0x000000070c600000, 0x000000070c600000, 0x000000070c700000|  0%| F|  |TAMS 0x000000070c600000, 0x000000070c600000| Untracked 
| 149|0x000000070c700000, 0x000000070c700000, 0x000000070c800000|  0%| F|  |TAMS 0x000000070c700000, 0x000000070c700000| Untracked 
| 150|0x000000070c800000, 0x000000070c800000, 0x000000070c900000|  0%| F|  |TAMS 0x000000070c800000, 0x000000070c800000| Untracked 
| 151|0x000000070c900000, 0x000000070c900000, 0x000000070ca00000|  0%| F|  |TAMS 0x000000070c900000, 0x000000070c900000| Untracked 
| 152|0x000000070ca00000, 0x000000070ca00000, 0x000000070cb00000|  0%| F|  |TAMS 0x000000070ca00000, 0x000000070ca00000| Untracked 
| 153|0x000000070cb00000, 0x000000070cb00000, 0x000000070cc00000|  0%| F|  |TAMS 0x000000070cb00000, 0x000000070cb00000| Untracked 
| 154|0x000000070cc00000, 0x000000070cc00000, 0x000000070cd00000|  0%| F|  |TAMS 0x000000070cc00000, 0x000000070cc00000| Untracked 
| 155|0x000000070cd00000, 0x000000070cd00000, 0x000000070ce00000|  0%| F|  |TAMS 0x000000070cd00000, 0x000000070cd00000| Untracked 
| 156|0x000000070ce00000, 0x000000070ce00000, 0x000000070cf00000|  0%| F|  |TAMS 0x000000070ce00000, 0x000000070ce00000| Untracked 
| 157|0x000000070cf00000, 0x000000070cf00000, 0x000000070d000000|  0%| F|  |TAMS 0x000000070cf00000, 0x000000070cf00000| Untracked 
| 158|0x000000070d000000, 0x000000070d000000, 0x000000070d100000|  0%| F|  |TAMS 0x000000070d000000, 0x000000070d000000| Untracked 
| 159|0x000000070d100000, 0x000000070d100000, 0x000000070d200000|  0%| F|  |TAMS 0x000000070d100000, 0x000000070d100000| Untracked 
| 160|0x000000070d200000, 0x000000070d200000, 0x000000070d300000|  0%| F|  |TAMS 0x000000070d200000, 0x000000070d200000| Untracked 
| 161|0x000000070d300000, 0x000000070d300000, 0x000000070d400000|  0%| F|  |TAMS 0x000000070d300000, 0x000000070d300000| Untracked 
| 162|0x000000070d400000, 0x000000070d400000, 0x000000070d500000|  0%| F|  |TAMS 0x000000070d400000, 0x000000070d400000| Untracked 
| 163|0x000000070d500000, 0x000000070d500000, 0x000000070d600000|  0%| F|  |TAMS 0x000000070d500000, 0x000000070d500000| Untracked 
| 164|0x000000070d600000, 0x000000070d600000, 0x000000070d700000|  0%| F|  |TAMS 0x000000070d600000, 0x000000070d600000| Untracked 
| 165|0x000000070d700000, 0x000000070d700000, 0x000000070d800000|  0%| F|  |TAMS 0x000000070d700000, 0x000000070d700000| Untracked 
| 166|0x000000070d800000, 0x000000070d800000, 0x000000070d900000|  0%| F|  |TAMS 0x000000070d800000, 0x000000070d800000| Untracked 
| 167|0x000000070d900000, 0x000000070d900000, 0x000000070da00000|  0%| F|  |TAMS 0x000000070d900000, 0x000000070d900000| Untracked 
| 168|0x000000070da00000, 0x000000070da00000, 0x000000070db00000|  0%| F|  |TAMS 0x000000070da00000, 0x000000070da00000| Untracked 
| 169|0x000000070db00000, 0x000000070db00000, 0x000000070dc00000|  0%| F|  |TAMS 0x000000070db00000, 0x000000070db00000| Untracked 
| 170|0x000000070dc00000, 0x000000070dc00000, 0x000000070dd00000|  0%| F|  |TAMS 0x000000070dc00000, 0x000000070dc00000| Untracked 
| 171|0x000000070dd00000, 0x000000070dd00000, 0x000000070de00000|  0%| F|  |TAMS 0x000000070dd00000, 0x000000070dd00000| Untracked 
| 172|0x000000070de00000, 0x000000070de00000, 0x000000070df00000|  0%| F|  |TAMS 0x000000070de00000, 0x000000070de00000| Untracked 
| 173|0x000000070df00000, 0x000000070df00000, 0x000000070e000000|  0%| F|  |TAMS 0x000000070df00000, 0x000000070df00000| Untracked 
| 174|0x000000070e000000, 0x000000070e000000, 0x000000070e100000|  0%| F|  |TAMS 0x000000070e000000, 0x000000070e000000| Untracked 
| 175|0x000000070e100000, 0x000000070e100000, 0x000000070e200000|  0%| F|  |TAMS 0x000000070e100000, 0x000000070e100000| Untracked 
| 176|0x000000070e200000, 0x000000070e200000, 0x000000070e300000|  0%| F|  |TAMS 0x000000070e200000, 0x000000070e200000| Untracked 
| 177|0x000000070e300000, 0x000000070e300000, 0x000000070e400000|  0%| F|  |TAMS 0x000000070e300000, 0x000000070e300000| Untracked 
| 178|0x000000070e400000, 0x000000070e400000, 0x000000070e500000|  0%| F|  |TAMS 0x000000070e400000, 0x000000070e400000| Untracked 
| 179|0x000000070e500000, 0x000000070e500000, 0x000000070e600000|  0%| F|  |TAMS 0x000000070e500000, 0x000000070e500000| Untracked 
| 180|0x000000070e600000, 0x000000070e600000, 0x000000070e700000|  0%| F|  |TAMS 0x000000070e600000, 0x000000070e600000| Untracked 
| 181|0x000000070e700000, 0x000000070e700000, 0x000000070e800000|  0%| F|  |TAMS 0x000000070e700000, 0x000000070e700000| Untracked 
| 182|0x000000070e800000, 0x000000070e800000, 0x000000070e900000|  0%| F|  |TAMS 0x000000070e800000, 0x000000070e800000| Untracked 
| 183|0x000000070e900000, 0x000000070e900000, 0x000000070ea00000|  0%| F|  |TAMS 0x000000070e900000, 0x000000070e900000| Untracked 
| 184|0x000000070ea00000, 0x000000070ea00000, 0x000000070eb00000|  0%| F|  |TAMS 0x000000070ea00000, 0x000000070ea00000| Untracked 
| 185|0x000000070eb00000, 0x000000070eb00000, 0x000000070ec00000|  0%| F|  |TAMS 0x000000070eb00000, 0x000000070eb00000| Untracked 
| 186|0x000000070ec00000, 0x000000070ec00000, 0x000000070ed00000|  0%| F|  |TAMS 0x000000070ec00000, 0x000000070ec00000| Untracked 
| 187|0x000000070ed00000, 0x000000070ed00000, 0x000000070ee00000|  0%| F|  |TAMS 0x000000070ed00000, 0x000000070ed00000| Untracked 
| 188|0x000000070ee00000, 0x000000070ee00000, 0x000000070ef00000|  0%| F|  |TAMS 0x000000070ee00000, 0x000000070ee00000| Untracked 
| 189|0x000000070ef00000, 0x000000070ef00000, 0x000000070f000000|  0%| F|  |TAMS 0x000000070ef00000, 0x000000070ef00000| Untracked 
| 190|0x000000070f000000, 0x000000070f000000, 0x000000070f100000|  0%| F|  |TAMS 0x000000070f000000, 0x000000070f000000| Untracked 
| 191|0x000000070f100000, 0x000000070f100000, 0x000000070f200000|  0%| F|  |TAMS 0x000000070f100000, 0x000000070f100000| Untracked 
| 192|0x000000070f200000, 0x000000070f200000, 0x000000070f300000|  0%| F|  |TAMS 0x000000070f200000, 0x000000070f200000| Untracked 
| 193|0x000000070f300000, 0x000000070f300000, 0x000000070f400000|  0%| F|  |TAMS 0x000000070f300000, 0x000000070f300000| Untracked 
| 194|0x000000070f400000, 0x000000070f400000, 0x000000070f500000|  0%| F|  |TAMS 0x000000070f400000, 0x000000070f400000| Untracked 
| 195|0x000000070f500000, 0x000000070f500000, 0x000000070f600000|  0%| F|  |TAMS 0x000000070f500000, 0x000000070f500000| Untracked 
| 196|0x000000070f600000, 0x000000070f600000, 0x000000070f700000|  0%| F|  |TAMS 0x000000070f600000, 0x000000070f600000| Untracked 
| 197|0x000000070f700000, 0x000000070f700000, 0x000000070f800000|  0%| F|  |TAMS 0x000000070f700000, 0x000000070f700000| Untracked 
| 198|0x000000070f800000, 0x000000070f800000, 0x000000070f900000|  0%| F|  |TAMS 0x000000070f800000, 0x000000070f800000| Untracked 
| 199|0x000000070f900000, 0x000000070f900000, 0x000000070fa00000|  0%| F|  |TAMS 0x000000070f900000, 0x000000070f900000| Untracked 
| 200|0x000000070fa00000, 0x000000070fa00000, 0x000000070fb00000|  0%| F|  |TAMS 0x000000070fa00000, 0x000000070fa00000| Untracked 
| 201|0x000000070fb00000, 0x000000070fb00000, 0x000000070fc00000|  0%| F|  |TAMS 0x000000070fb00000, 0x000000070fb00000| Untracked 
| 202|0x000000070fc00000, 0x000000070fc00000, 0x000000070fd00000|  0%| F|  |TAMS 0x000000070fc00000, 0x000000070fc00000| Untracked 
| 203|0x000000070fd00000, 0x000000070fd00000, 0x000000070fe00000|  0%| F|  |TAMS 0x000000070fd00000, 0x000000070fd00000| Untracked 
| 204|0x000000070fe00000, 0x000000070fe00000, 0x000000070ff00000|  0%| F|  |TAMS 0x000000070fe00000, 0x000000070fe00000| Untracked 
| 205|0x000000070ff00000, 0x000000070ff00000, 0x0000000710000000|  0%| F|  |TAMS 0x000000070ff00000, 0x000000070ff00000| Untracked 
| 206|0x0000000710000000, 0x0000000710000000, 0x0000000710100000|  0%| F|  |TAMS 0x0000000710000000, 0x0000000710000000| Untracked 
| 207|0x0000000710100000, 0x0000000710100000, 0x0000000710200000|  0%| F|  |TAMS 0x0000000710100000, 0x0000000710100000| Untracked 
| 208|0x0000000710200000, 0x0000000710200000, 0x0000000710300000|  0%| F|  |TAMS 0x0000000710200000, 0x0000000710200000| Untracked 
| 209|0x0000000710300000, 0x0000000710300000, 0x0000000710400000|  0%| F|  |TAMS 0x0000000710300000, 0x0000000710300000| Untracked 
| 210|0x0000000710400000, 0x0000000710400000, 0x0000000710500000|  0%| F|  |TAMS 0x0000000710400000, 0x0000000710400000| Untracked 
| 211|0x0000000710500000, 0x0000000710500000, 0x0000000710600000|  0%| F|  |TAMS 0x0000000710500000, 0x0000000710500000| Untracked 
| 212|0x0000000710600000, 0x0000000710600000, 0x0000000710700000|  0%| F|  |TAMS 0x0000000710600000, 0x0000000710600000| Untracked 
| 213|0x0000000710700000, 0x0000000710700000, 0x0000000710800000|  0%| F|  |TAMS 0x0000000710700000, 0x0000000710700000| Untracked 
| 214|0x0000000710800000, 0x0000000710800000, 0x0000000710900000|  0%| F|  |TAMS 0x0000000710800000, 0x0000000710800000| Untracked 
| 215|0x0000000710900000, 0x0000000710900000, 0x0000000710a00000|  0%| F|  |TAMS 0x0000000710900000, 0x0000000710900000| Untracked 
| 216|0x0000000710a00000, 0x0000000710a00000, 0x0000000710b00000|  0%| F|  |TAMS 0x0000000710a00000, 0x0000000710a00000| Untracked 
| 217|0x0000000710b00000, 0x0000000710b00000, 0x0000000710c00000|  0%| F|  |TAMS 0x0000000710b00000, 0x0000000710b00000| Untracked 
| 218|0x0000000710c00000, 0x0000000710c00000, 0x0000000710d00000|  0%| F|  |TAMS 0x0000000710c00000, 0x0000000710c00000| Untracked 
| 219|0x0000000710d00000, 0x0000000710d00000, 0x0000000710e00000|  0%| F|  |TAMS 0x0000000710d00000, 0x0000000710d00000| Untracked 
| 220|0x0000000710e00000, 0x0000000710e00000, 0x0000000710f00000|  0%| F|  |TAMS 0x0000000710e00000, 0x0000000710e00000| Untracked 
| 221|0x0000000710f00000, 0x0000000710f00000, 0x0000000711000000|  0%| F|  |TAMS 0x0000000710f00000, 0x0000000710f00000| Untracked 
| 222|0x0000000711000000, 0x0000000711000000, 0x0000000711100000|  0%| F|  |TAMS 0x0000000711000000, 0x0000000711000000| Untracked 
| 223|0x0000000711100000, 0x0000000711100000, 0x0000000711200000|  0%| F|  |TAMS 0x0000000711100000, 0x0000000711100000| Untracked 
| 224|0x0000000711200000, 0x0000000711200000, 0x0000000711300000|  0%| F|  |TAMS 0x0000000711200000, 0x0000000711200000| Untracked 
| 225|0x0000000711300000, 0x0000000711300000, 0x0000000711400000|  0%| F|  |TAMS 0x0000000711300000, 0x0000000711300000| Untracked 
| 226|0x0000000711400000, 0x0000000711400000, 0x0000000711500000|  0%| F|  |TAMS 0x0000000711400000, 0x0000000711400000| Untracked 
| 227|0x0000000711500000, 0x00000007115be1d0, 0x0000000711600000| 74%| S|CS|TAMS 0x0000000711500000, 0x0000000711500000| Complete 
| 228|0x0000000711600000, 0x0000000711700000, 0x0000000711700000|100%| S|CS|TAMS 0x0000000711600000, 0x0000000711600000| Complete 
| 229|0x0000000711700000, 0x0000000711800000, 0x0000000711800000|100%| S|CS|TAMS 0x0000000711700000, 0x0000000711700000| Complete 
| 230|0x0000000711800000, 0x0000000711800000, 0x0000000711900000|  0%| F|  |TAMS 0x0000000711800000, 0x0000000711800000| Untracked 
| 231|0x0000000711900000, 0x0000000711900000, 0x0000000711a00000|  0%| F|  |TAMS 0x0000000711900000, 0x0000000711900000| Untracked 
| 232|0x0000000711a00000, 0x0000000711a00000, 0x0000000711b00000|  0%| F|  |TAMS 0x0000000711a00000, 0x0000000711a00000| Untracked 
| 233|0x0000000711b00000, 0x0000000711b00000, 0x0000000711c00000|  0%| F|  |TAMS 0x0000000711b00000, 0x0000000711b00000| Untracked 
| 234|0x0000000711c00000, 0x0000000711c00000, 0x0000000711d00000|  0%| F|  |TAMS 0x0000000711c00000, 0x0000000711c00000| Untracked 
| 235|0x0000000711d00000, 0x0000000711d00000, 0x0000000711e00000|  0%| F|  |TAMS 0x0000000711d00000, 0x0000000711d00000| Untracked 
| 236|0x0000000711e00000, 0x0000000711e00000, 0x0000000711f00000|  0%| F|  |TAMS 0x0000000711e00000, 0x0000000711e00000| Untracked 
| 237|0x0000000711f00000, 0x0000000711f00000, 0x0000000712000000|  0%| F|  |TAMS 0x0000000711f00000, 0x0000000711f00000| Untracked 
| 238|0x0000000712000000, 0x0000000712000000, 0x0000000712100000|  0%| F|  |TAMS 0x0000000712000000, 0x0000000712000000| Untracked 
| 239|0x0000000712100000, 0x0000000712100000, 0x0000000712200000|  0%| F|  |TAMS 0x0000000712100000, 0x0000000712100000| Untracked 
| 240|0x0000000712200000, 0x0000000712200000, 0x0000000712300000|  0%| F|  |TAMS 0x0000000712200000, 0x0000000712200000| Untracked 
| 241|0x0000000712300000, 0x0000000712300000, 0x0000000712400000|  0%| F|  |TAMS 0x0000000712300000, 0x0000000712300000| Untracked 
| 242|0x0000000712400000, 0x0000000712400000, 0x0000000712500000|  0%| F|  |TAMS 0x0000000712400000, 0x0000000712400000| Untracked 
| 243|0x0000000712500000, 0x0000000712500000, 0x0000000712600000|  0%| F|  |TAMS 0x0000000712500000, 0x0000000712500000| Untracked 
| 244|0x0000000712600000, 0x0000000712600000, 0x0000000712700000|  0%| F|  |TAMS 0x0000000712600000, 0x0000000712600000| Untracked 
| 245|0x0000000712700000, 0x0000000712700000, 0x0000000712800000|  0%| F|  |TAMS 0x0000000712700000, 0x0000000712700000| Untracked 
| 246|0x0000000712800000, 0x0000000712800000, 0x0000000712900000|  0%| F|  |TAMS 0x0000000712800000, 0x0000000712800000| Untracked 
| 247|0x0000000712900000, 0x0000000712900000, 0x0000000712a00000|  0%| F|  |TAMS 0x0000000712900000, 0x0000000712900000| Untracked 
| 248|0x0000000712a00000, 0x0000000712a00000, 0x0000000712b00000|  0%| F|  |TAMS 0x0000000712a00000, 0x0000000712a00000| Untracked 
| 249|0x0000000712b00000, 0x0000000712b00000, 0x0000000712c00000|  0%| F|  |TAMS 0x0000000712b00000, 0x0000000712b00000| Untracked 
| 250|0x0000000712c00000, 0x0000000712c80800, 0x0000000712d00000| 50%| E|  |TAMS 0x0000000712c00000, 0x0000000712c00000| Complete 
| 251|0x0000000712d00000, 0x0000000712e00000, 0x0000000712e00000|100%| E|CS|TAMS 0x0000000712d00000, 0x0000000712d00000| Complete 
| 252|0x0000000712e00000, 0x0000000712f00000, 0x0000000712f00000|100%| E|CS|TAMS 0x0000000712e00000, 0x0000000712e00000| Complete 
| 253|0x0000000712f00000, 0x0000000713000000, 0x0000000713000000|100%| E|CS|TAMS 0x0000000712f00000, 0x0000000712f00000| Complete 

Card table byte_map: [0x0000014a45d20000,0x0000014a46510000] _byte_map_base: 0x0000014a42507000

Marking Bits (Prev, Next): (CMBitMap*) 0x0000014a2e246ac8, (CMBitMap*) 0x0000014a2e246b00
 Prev Bits: [0x0000014a46d00000, 0x0000014a4ac38000)
 Next Bits: [0x0000014a4ac40000, 0x0000014a4eb78000)

Polling page: 0x0000014a2c790000

Metaspace:

Usage:
  Non-class:     15.88 MB capacity,    15.68 MB ( 99%) used,   163.30 KB (  1%) free+waste,    46.50 KB ( <1%) overhead. 
      Class:      2.07 MB capacity,     1.87 MB ( 90%) used,   184.00 KB (  9%) free+waste,    24.88 KB (  1%) overhead. 
       Both:     17.95 MB capacity,    17.54 MB ( 98%) used,   347.30 KB (  2%) free+waste,    71.38 KB ( <1%) overhead. 

Virtual space:
  Non-class space:       16.00 MB reserved,      16.00 MB (100%) committed 
      Class space:        1.00 GB reserved,       2.13 MB ( <1%) committed 
             Both:        1.02 GB reserved,      18.13 MB (  2%) committed 

Chunk freelists:
   Non-Class:  7.13 KB
       Class:  3.13 KB
        Both:  10.25 KB

CodeHeap 'non-profiled nmethods': size=120000Kb used=849Kb max_used=849Kb free=119150Kb
 bounds [0x0000014a3d370000, 0x0000014a3d5e0000, 0x0000014a448a0000]
CodeHeap 'profiled nmethods': size=120000Kb used=4798Kb max_used=4798Kb free=115201Kb
 bounds [0x0000014a35e40000, 0x0000014a362f0000, 0x0000014a3d370000]
CodeHeap 'non-nmethods': size=5760Kb used=1237Kb max_used=1287Kb free=4522Kb
 bounds [0x0000014a358a0000, 0x0000014a35b10000, 0x0000014a35e40000]
 total_blobs=2970 nmethods=2362 adapters=519
 compilation: enabled
              stopped_count=0, restarted_count=0
 full_count=0

Compilation events (10 events):
Event: 378.668 Thread 0x0000014a52218000 nmethod 2355 0x0000014a362ed710 code [0x0000014a362ed8e0, 0x0000014a362edc88]
Event: 378.671 Thread 0x0000014a52218000 2358       3       java.util.Locale::equals (75 bytes)
Event: 378.672 Thread 0x0000014a52218000 nmethod 2358 0x0000014a362ede10 code [0x0000014a362ee000, 0x0000014a362ee738]
Event: 378.675 Thread 0x0000014a52215000 2359       4       sun.java2d.SunGraphics2D::invalidateTransform (226 bytes)
Event: 378.685 Thread 0x0000014a52215000 nmethod 2359 0x0000014a3d43fd90 code [0x0000014a3d43ff80, 0x0000014a3d440958]
Event: 378.754 Thread 0x0000014a52215000 2360       4       sun.awt.SunToolkit::postEvent (144 bytes)
Event: 378.754 Thread 0x0000014a52218000 2361       3       javax.swing.JComponent::processMouseEvent (27 bytes)
Event: 378.755 Thread 0x0000014a52218000 nmethod 2361 0x0000014a362ee910 code [0x0000014a362eeae0, 0x0000014a362eedf8]
Event: 378.755 Thread 0x0000014a52218000 2362       3       java.awt.Component::processMouseEvent (100 bytes)
Event: 378.756 Thread 0x0000014a52218000 nmethod 2362 0x0000014a362eef90 code [0x0000014a362ef1a0, 0x0000014a362ef8e8]

GC Heap History (2 events):
Event: 375.414 GC heap before
{Heap before GC invocations=0 (full 0):
 garbage-first heap   total 260096K, used 27648K [0x0000000703200000, 0x0000000800000000)
  region size 1024K, 24 young (24576K), 0 survivors (0K)
 Metaspace       used 17916K, capacity 18382K, committed 18560K, reserved 1064960K
  class space    used 1910K, capacity 2119K, committed 2176K, reserved 1048576K
}
Event: 375.428 GC heap after
{Heap after GC invocations=1 (full 0):
 garbage-first heap   total 260096K, used 5880K [0x0000000703200000, 0x0000000800000000)
  region size 1024K, 3 young (3072K), 3 survivors (3072K)
 Metaspace       used 17916K, capacity 18382K, committed 18560K, reserved 1064960K
  class space    used 1910K, capacity 2119K, committed 2176K, reserved 1048576K
}

Deoptimization events (10 events):
Event: 17.398 Thread 0x0000014a52ad2000 Uncommon trap: reason=class_check action=maybe_recompile pc=0x0000014a3d386368 method=java.lang.String.equals(Ljava/lang/Object;)Z @ 8 c2
Event: 300.806 Thread 0x0000014a52ad2000 Uncommon trap: reason=profile_predicate action=maybe_recompile pc=0x0000014a3d3fcd24 method=java.lang.StringLatin1.indexOf([BI[BII)I @ 18 c2
Event: 300.808 Thread 0x0000014a52ad2000 Uncommon trap: reason=profile_predicate action=maybe_recompile pc=0x0000014a3d3fcd24 method=java.lang.StringLatin1.indexOf([BI[BII)I @ 18 c2
Event: 300.808 Thread 0x0000014a52ad2000 Uncommon trap: reason=profile_predicate action=maybe_recompile pc=0x0000014a3d3fcd24 method=java.lang.StringLatin1.indexOf([BI[BII)I @ 18 c2
Event: 300.814 Thread 0x0000014a52ad2000 Uncommon trap: reason=profile_predicate action=maybe_recompile pc=0x0000014a3d3fcd24 method=java.lang.StringLatin1.indexOf([BI[BII)I @ 18 c2
Event: 315.588 Thread 0x0000014a52ad2000 Uncommon trap: reason=unstable_if action=reinterpret pc=0x0000014a3d3def7c method=java.util.concurrent.locks.ReentrantLock$Sync.nonfairTryAcquire(I)Z @ 19 c2
Event: 367.953 Thread 0x0000014a52ad2000 Uncommon trap: reason=unstable_if action=reinterpret pc=0x0000014a3d3f73a4 method=java.awt.EventQueue.eventToCacheIndex(Ljava/awt/AWTEvent;)I @ 4 c2
Event: 367.953 Thread 0x0000014a52ad2000 Uncommon trap: reason=unstable_if action=reinterpret pc=0x0000014a3d3f26a0 method=java.awt.EventQueue.eventToCacheIndex(Ljava/awt/AWTEvent;)I @ 4 c2
Event: 367.953 Thread 0x0000014a52ad2000 Uncommon trap: reason=unstable_if action=reinterpret pc=0x0000014a3d407138 method=java.awt.EventQueue.eventToCacheIndex(Ljava/awt/AWTEvent;)I @ 4 c2
Event: 375.428 Thread 0x0000014a52ad2000 Uncommon trap: reason=unstable_if action=reinterpret pc=0x0000014a3d3f7b60 method=java.lang.ref.SoftReference.get()Ljava/lang/Object; @ 17 c2

Classes redefined (0 events):
No events

Internal exceptions (10 events):
Event: 0.410 Thread 0x0000014a2e1e5800 Exception <a 'java/lang/NoSuchMethodError'{0x0000000712a8b960}: java.lang.invoke.DirectMethodHandle$Holder.invokeStatic(Ljava/lang/Object;ILjava/lang/Object;)Ljava/lang/Object;> (0x0000000712a8b960) thrown at [./open/src/hotspot/share/interpreter/linkReso
Event: 0.427 Thread 0x0000014a2e1e5800 Exception <a 'java/lang/ClassNotFoundException'{0x00000007129364c8}: com/sun/swing/internal/plaf/metal/resources/spi/metalProvider> (0x00000007129364c8) thrown at [./open/src/hotspot/share/classfile/systemDictionary.cpp, line 226]
Event: 0.428 Thread 0x0000014a2e1e5800 Exception <a 'java/lang/ClassNotFoundException'{0x000000071293a9b8}: com/sun/swing/internal/plaf/basic/resources/spi/basicProvider> (0x000000071293a9b8) thrown at [./open/src/hotspot/share/classfile/systemDictionary.cpp, line 226]
Event: 0.510 Thread 0x0000014a52846800 Exception <a 'java/lang/NoSuchMethodError'{0x0000000712b08cd0}: java.lang.invoke.DirectMethodHandle$Holder.invokeVirtual(Ljava/lang/Object;Ljava/lang/Object;)V> (0x0000000712b08cd0) thrown at [./open/src/hotspot/share/interpreter/linkResolver.cpp, line 77
Event: 0.522 Thread 0x0000014a2e1e5800 Exception <a 'java/lang/NoSuchMethodError'{0x00000007128579e8}: java.lang.invoke.DirectMethodHandle$Holder.invokeStaticInit(Ljava/lang/Object;)V> (0x00000007128579e8) thrown at [./open/src/hotspot/share/interpreter/linkResolver.cpp, line 772]
Event: 0.552 Thread 0x0000014a2e1e5800 Exception <a 'java/lang/NoSuchMethodError'{0x00000007127dbb38}: java.lang.invoke.DirectMethodHandle$Holder.invokeStatic(Ljava/lang/Object;Ljava/lang/Object;Ljava/lang/Object;Ljava/lang/Object;Ljava/lang/Object;Ljava/lang/Object;Ljava/lang/Object;Ljava/lan
Event: 0.554 Thread 0x0000014a2e1e5800 Exception <a 'java/lang/NoSuchMethodError'{0x00000007127f9f88}: java.lang.invoke.DirectMethodHandle$Holder.invokeStatic(Ljava/lang/Object;Ljava/lang/Object;Ljava/lang/Object;Ljava/lang/Object;Ljava/lang/Object;Ljava/lang/Object;Ljava/lang/Object;Ljava/lan
Event: 0.555 Thread 0x0000014a2e1e5800 Exception <a 'java/lang/NoSuchMethodError'{0x00000007126193f0}: java.lang.invoke.DirectMethodHandle$Holder.invokeStatic(Ljava/lang/Object;Ljava/lang/Object;Ljava/lang/Object;Ljava/lang/Object;Ljava/lang/Object;Ljava/lang/Object;Ljava/lang/Object;Ljava/lan
Event: 0.556 Thread 0x0000014a2e1e5800 Exception <a 'java/lang/NoSuchMethodError'{0x00000007126253a0}: java.lang.invoke.Invokers$Holder.linkToTargetMethod(Ljava/lang/Object;ILjava/lang/Object;)Ljava/lang/Object;> (0x00000007126253a0) thrown at [./open/src/hotspot/share/interpreter/linkResolver
Event: 0.707 Thread 0x0000014a2e1e5800 Exception <a 'java/lang/NoSuchMethodError'{0x00000007126f8260}: java.lang.invoke.DirectMethodHandle$Holder.invokeStatic(Ljava/lang/Object;Ljava/lang/Object;Ljava/lang/Object;Ljava/lang/Object;Ljava/lang/Object;Ljava/lang/Object;Ljava/lang/Object;Ljava/lan

Events (10 events):
Event: 377.144 Executing VM operation: RevokeBias
Event: 377.144 Executing VM operation: RevokeBias done
Event: 377.145 Executing VM operation: RevokeBias
Event: 377.146 Executing VM operation: RevokeBias done
Event: 377.149 Executing VM operation: RevokeBias
Event: 377.149 Executing VM operation: RevokeBias done
Event: 377.150 Executing VM operation: RevokeBias
Event: 377.150 Executing VM operation: RevokeBias done
Event: 377.163 Executing VM operation: BulkRevokeBias
Event: 377.164 Executing VM operation: BulkRevokeBias done


Dynamic libraries:
0x00007ff705b90000 - 0x00007ff705b9f000 	C:\Program Files\Java\jdk-11.0.16.1\bin\java.exe
0x00007ffe1f550000 - 0x00007ffe1f748000 	C:\Windows\SYSTEM32\ntdll.dll
0x00007ffe1ea90000 - 0x00007ffe1eb4f000 	C:\Windows\System32\KERNEL32.DLL
0x00007ffe1cff0000 - 0x00007ffe1d2c2000 	C:\Windows\System32\KERNELBASE.dll
0x00007ffe1d2d0000 - 0x00007ffe1d3d0000 	C:\Windows\System32\ucrtbase.dll
0x00007ffdaf2d0000 - 0x00007ffdaf2e5000 	C:\Program Files\Java\jdk-11.0.16.1\bin\VCRUNTIME140.dll
0x00007ffe15290000 - 0x00007ffe152a8000 	C:\Program Files\Java\jdk-11.0.16.1\bin\jli.dll
0x00007ffe1e960000 - 0x00007ffe1ea0e000 	C:\Windows\System32\ADVAPI32.dll
0x00007ffe1d730000 - 0x00007ffe1d7ce000 	C:\Windows\System32\msvcrt.dll
0x00007ffe1dcc0000 - 0x00007ffe1dd5c000 	C:\Windows\System32\sechost.dll
0x00007ffe1d600000 - 0x00007ffe1d725000 	C:\Windows\System32\RPCRT4.dll
0x00007ffe1e630000 - 0x00007ffe1e7cd000 	C:\Windows\System32\USER32.dll
0x00007ffe1cc50000 - 0x00007ffe1cc72000 	C:\Windows\System32\win32u.dll
0x00007ffe1c060000 - 0x00007ffe1c2fa000 	C:\Windows\WinSxS\amd64_microsoft.windows.common-controls_6595b64144ccf1df_6.0.19041.1110_none_60b5254171f9507e\COMCTL32.dll
0x00007ffe1f3f0000 - 0x00007ffe1f41b000 	C:\Windows\System32\GDI32.dll
0x00007ffe1cee0000 - 0x00007ffe1cfef000 	C:\Windows\System32\gdi32full.dll
0x00007ffe1cc80000 - 0x00007ffe1cd1d000 	C:\Windows\System32\msvcp_win.dll
0x00007ffe127f0000 - 0x00007ffe127fa000 	C:\Windows\SYSTEM32\VERSION.dll
0x00007ffe1e920000 - 0x00007ffe1e952000 	C:\Windows\System32\IMM32.DLL
0x00007ffdaefa0000 - 0x00007ffdaf03b000 	C:\Program Files\Java\jdk-11.0.16.1\bin\msvcp140.dll
0x00007ffdaf300000 - 0x00007ffdafe18000 	C:\Program Files\Java\jdk-11.0.16.1\bin\server\jvm.dll
0x00007ffe1d980000 - 0x00007ffe1d988000 	C:\Windows\System32\PSAPI.DLL
0x00007ffdaf2f0000 - 0x00007ffdaf2f9000 	C:\Windows\SYSTEM32\WSOCK32.dll
0x00007ffe0e7b0000 - 0x00007ffe0e7d7000 	C:\Windows\SYSTEM32\WINMM.dll
0x00007ffe1eb50000 - 0x00007ffe1ebbb000 	C:\Windows\System32\WS2_32.dll
0x00007ffe1a4d0000 - 0x00007ffe1a4e2000 	C:\Windows\SYSTEM32\kernel.appcore.dll
0x00007ffdaf250000 - 0x00007ffdaf260000 	C:\Program Files\Java\jdk-11.0.16.1\bin\verify.dll
0x00007ffe1c600000 - 0x00007ffe1c7e4000 	C:\Windows\SYSTEM32\DBGHELP.DLL
0x00007ffe1c5d0000 - 0x00007ffe1c5fc000 	C:\Windows\SYSTEM32\dbgcore.DLL
0x00007ffe1cdd0000 - 0x00007ffe1ce52000 	C:\Windows\System32\bcryptPrimitives.dll
0x00007ffdaf260000 - 0x00007ffdaf288000 	C:\Program Files\Java\jdk-11.0.16.1\bin\java.dll
0x00007ffdaf240000 - 0x00007ffdaf24a000 	C:\Program Files\Java\jdk-11.0.16.1\bin\jimage.dll
0x00007ffdaf220000 - 0x00007ffdaf236000 	C:\Program Files\Java\jdk-11.0.16.1\bin\zip.dll
0x00007ffe1de80000 - 0x00007ffe1e5c3000 	C:\Windows\System32\SHELL32.dll
0x00007ffe1a6b0000 - 0x00007ffe1ae42000 	C:\Windows\SYSTEM32\windows.storage.dll
0x00007ffe1f090000 - 0x00007ffe1f3e4000 	C:\Windows\System32\combase.dll
0x00007ffe1bfc0000 - 0x00007ffe1bff0000 	C:\Windows\SYSTEM32\Wldp.dll
0x00007ffe1dbf0000 - 0x00007ffe1dc9d000 	C:\Windows\System32\SHCORE.dll
0x00007ffe1ebc0000 - 0x00007ffe1ec15000 	C:\Windows\System32\shlwapi.dll
0x00007ffe1cb90000 - 0x00007ffe1cbaf000 	C:\Windows\SYSTEM32\profapi.dll
0x00007ffdaf200000 - 0x00007ffdaf219000 	C:\Program Files\Java\jdk-11.0.16.1\bin\net.dll
0x00007ffe14b10000 - 0x00007ffe14c1c000 	C:\Windows\SYSTEM32\WINHTTP.dll
0x00007ffe1be90000 - 0x00007ffe1befa000 	C:\Windows\system32\mswsock.dll
0x00007ffdaf1e0000 - 0x00007ffdaf1f2000 	C:\Program Files\Java\jdk-11.0.16.1\bin\nio.dll
0x00007ffdaf040000 - 0x00007ffdaf1db000 	C:\Program Files\Java\jdk-11.0.16.1\bin\awt.dll
0x00007ffe1d990000 - 0x00007ffe1da5d000 	C:\Windows\System32\OLEAUT32.dll
0x00007ffe19cf0000 - 0x00007ffe19d81000 	C:\Windows\SYSTEM32\apphelp.dll
0x00007ffe1a170000 - 0x00007ffe1a19f000 	C:\Windows\system32\DWMAPI.DLL
0x00007ffe19df0000 - 0x00007ffe19e8e000 	C:\Windows\system32\uxtheme.dll
0x00007ffddfc40000 - 0x00007ffddfd65000 	C:\Windows\system32\opengl32.dll
0x00007ffddfbd0000 - 0x00007ffddfbfc000 	C:\Windows\SYSTEM32\GLU32.dll
0x00007ffddb820000 - 0x00007ffddb951000 	C:\ProgramData\A-Volute\DellInc.AlienwareSoundCenter\Modules\ScheduledModules\x64\AudioDevProps2.dll
0x00007ffe1e7d0000 - 0x00007ffe1e8fa000 	C:\Windows\System32\ole32.dll
0x00007ffde4be0000 - 0x00007ffde4c8e000 	C:\ProgramData\A-Volute\DellInc.AlienwareSoundCenter\Modules\ScheduledModules\x64\NahimicOSD.dll
0x00007ffde56b0000 - 0x00007ffde56d1000 	C:\ProgramData\A-Volute\DellInc.AlienwareSoundCenter\Modules\ScheduledModules\x64\ProductInfo.dll
0x00007ffe1dd60000 - 0x00007ffe1de75000 	C:\Windows\System32\MSCTF.dll
0x00007ffe14100000 - 0x00007ffe14186000 	C:\Program Files\Java\jdk-11.0.16.1\bin\freetype.dll
0x00007ffe13c00000 - 0x00007ffe13ca5000 	C:\Program Files\Java\jdk-11.0.16.1\bin\fontmanager.dll
0x00007ffe1da60000 - 0x00007ffe1db0f000 	C:\Windows\System32\clbcatq.dll
0x00007ffe12d20000 - 0x00007ffe12ed4000 	C:\Windows\SYSTEM32\WindowsCodecs.dll
0x00007ffe1ce60000 - 0x00007ffe1ce87000 	C:\Windows\System32\bcrypt.dll
0x00007ffddf0c0000 - 0x00007ffddf0fe000 	C:\Windows\system32\dataexchange.dll
0x00007ffe191f0000 - 0x00007ffe193d3000 	C:\Windows\system32\dcomp.dll
0x00007ffe189c0000 - 0x00007ffe18c23000 	C:\Windows\system32\d3d11.dll
0x00007ffe1aeb0000 - 0x00007ffe1afa3000 	C:\Windows\system32\dxgi.dll
0x00007ffe13220000 - 0x00007ffe13420000 	C:\Windows\system32\twinapi.appcore.dll
0x00007ffe0a2d0000 - 0x00007ffe0a3c9000 	C:\Windows\SYSTEM32\textinputframework.dll
0x00007ffe19ac0000 - 0x00007ffe19bb2000 	C:\Windows\System32\CoreMessaging.dll
0x00007ffe193e0000 - 0x00007ffe1973e000 	C:\Windows\System32\CoreUIComponents.dll
0x00007ffe1c9a0000 - 0x00007ffe1c9d3000 	C:\Windows\SYSTEM32\ntmarta.dll
0x00007ffe18400000 - 0x00007ffe18554000 	C:\Windows\SYSTEM32\wintypes.dll
0x00007ffe15250000 - 0x00007ffe15289000 	C:\Program Files\Java\jdk-11.0.16.1\bin\jpcap.dll
0x00007ffe151c0000 - 0x00007ffe15241000 	C:\Windows\SYSTEM32\wpcap.dll
0x00007ffe1ba10000 - 0x00007ffe1ba4b000 	C:\Windows\SYSTEM32\IPHLPAPI.DLL
0x00007ffe15180000 - 0x00007ffe151b8000 	C:\Windows\SYSTEM32\packet.dll
0x00007ffe1e910000 - 0x00007ffe1e918000 	C:\Windows\System32\NSI.dll
0x00007ffe12ad0000 - 0x00007ffe12ae7000 	C:\Windows\SYSTEM32\dhcpcsvc6.DLL
0x00007ffe12ab0000 - 0x00007ffe12acd000 	C:\Windows\SYSTEM32\dhcpcsvc.DLL

dbghelp: loaded successfully - version: 4.0.5 - missing functions: none
symbol engine: initialized successfully - sym options: 0x614 - pdb path: .;C:\Program Files\Java\jdk-11.0.16.1\bin;C:\Windows\SYSTEM32;C:\Windows\WinSxS\amd64_microsoft.windows.common-controls_6595b64144ccf1df_6.0.19041.1110_none_60b5254171f9507e;C:\Program Files\Java\jdk-11.0.16.1\bin\server;C:\ProgramData\A-Volute\DellInc.AlienwareSoundCenter\Modules\ScheduledModules\x64

VM Arguments:
jvm_args: -Dfile.encoding=UTF-8 
java_command: PacketSniffer.Sniffer
java_class_path (initial): C:\Users\TEJASS\Desktop\Packet_Sniffer-master\Packet Capture + Example\jars\dev-classes_net.ultrametrics-0.03.jar;C:\Users\TEJASS\Desktop\Packet_Sniffer-master\Packet Capture + Example\jars\fooware_CommandLine-1.0.jar;C:\Users\TEJASS\Desktop\Packet_Sniffer-master\Packet Capture + Example\jars\javadoc_net.sourceforge.jpcap-0.01.16.jar;C:\Users\TEJASS\Desktop\Packet_Sniffer-master\Packet Capture + Example\jars\net.sourceforge.jpcap-0.01.16.jar;C:\Users\TEJASS\Downloads\jpcap.jar;C:\Users\TEJASS\Desktop\Packet_Sniffer-master\build\classes
Launcher Type: SUN_STANDARD

[Global flags]
     intx CICompilerCount                          = 4                                         {product} {ergonomic}
     uint ConcGCThreads                            = 3                                         {product} {ergonomic}
     uint G1ConcRefinementThreads                  = 10                                        {product} {ergonomic}
   size_t G1HeapRegionSize                         = 1048576                                   {product} {ergonomic}
    uintx GCDrainStackTargetSize                   = 64                                        {product} {ergonomic}
   size_t InitialHeapSize                          = 266338304                                 {product} {ergonomic}
   size_t MarkStackSize                            = 4194304                                   {product} {ergonomic}
   size_t MaxHeapSize                              = 4242538496                                {product} {ergonomic}
   size_t MaxNewSize                               = 2544893952                                {product} {ergonomic}
   size_t MinHeapDeltaBytes                        = 1048576                                   {product} {ergonomic}
    uintx NonNMethodCodeHeapSize                   = 5836300                                {pd product} {ergonomic}
    uintx NonProfiledCodeHeapSize                  = 122910970                              {pd product} {ergonomic}
    uintx ProfiledCodeHeapSize                     = 122910970                              {pd product} {ergonomic}
    uintx ReservedCodeCacheSize                    = 251658240                              {pd product} {ergonomic}
     bool SegmentedCodeCache                       = true                                      {product} {ergonomic}
     bool UseCompressedClassPointers               = true                                 {lp64_product} {ergonomic}
     bool UseCompressedOops                        = true                                 {lp64_product} {ergonomic}
     bool UseG1GC                                  = true                                      {product} {ergonomic}
     bool UseLargePagesIndividualAllocation        = false                                  {pd product} {ergonomic}

Logging:
Log output configuration:
 #0: stdout all=warning uptime,level,tags
 #1: stderr all=off uptime,level,tags

Environment Variables:
PATH=C:\Program Files\Common Files\Oracle\Java\javapath;D:\WINDOWS.X64_193000_db_home\bin;C:\oraclexe\app\oracle\product\11.2.0\server\bin;;C:\Windows\system32;C:\Windows;C:\Windows\System32\Wbem;C:\Windows\System32\WindowsPowerShell\v1.0\;C:\Windows\System32\OpenSSH\;C:\Program Files (x86)\NVIDIA Corporation\PhysX\Common;C:\Program Files\NVIDIA Corporation\NVIDIA NvDLISR;C:\Program Files\dotnet\;C:\TDM-GCC-32\bin;C:\Android;C:\Windows\system32;C:\Windows;C:\Windows\System32\Wbem;C:\Windows\System32\WindowsPowerShell\v1.0\;C:\Windows\System32\OpenSSH\;C:\Program Files (x86)\NVIDIA Corporation\PhysX\Common;C:\Program Files\NVIDIA Corporation\NVIDIA NvDLISR;C:\Program Files (x86)\dotnet\;C:\Program Files\dotnet\;C:\TDM-GCC-32\bin;C:\Android;C:\Users\TEJASS\AppData\Local\Microsoft\WindowsApps;C:\Users\TEJASS\AppData\Local\Programs\Microsoft VS Code\bin;C:\Python37\Scripts
USERNAME=TEJASS
OS=Windows_NT
PROCESSOR_IDENTIFIER=Intel64 Family 6 Model 165 Stepping 2, GenuineIntel



---------------  S Y S T E M  ---------------

OS: Windows 10 , 64 bit Build 19041 (10.0.19041.2251)

CPU:total 12 (initial active 12) (6 cores per cpu, 2 threads per core) family 6 model 165 stepping 2 microcode 0xf0, cmov, cx8, fxsr, mmx, sse, sse2, sse3, ssse3, sse4.1, sse4.2, popcnt, avx, avx2, aes, clmul, erms, 3dnowpref, lzcnt, ht, tsc, tscinvbit, bmi1, bmi2, adx, fma

Memory: 4k page, system-wide physical 16177M (7601M free)
TotalPageFile size 24881M (AvailPageFile size 14281M)
current process WorkingSet (physical memory assigned to process): 107M, peak: 126M
current process commit charge ("private bytes"): 373M, peak: 398M

vm_info: Java HotSpot(TM) 64-Bit Server VM (11.0.16.1+1-LTS-1) for windows-amd64 JRE (11.0.16.1+1-LTS-1), built on Aug 16 2022 01:46:01 by "mach5one" with MS VC++ 15.9 (VS2017)

END.
